<?xml version="1.0" encoding="UTF-8"?>
<robot generator="Robot 6.0.1 (Python 3.10.8 on win32)" generated="20230113 19:39:30.948" rpa="false" schemaversion="3">
<suite id="s1" name="Android" source="C:\Users\kaustubhd\Documents\LT-appium2-python-robot\Tests\Android.robot">
<test id="s1-t1" name="Example of connecting to Lambdatest via Robot Framework" line="13">
<kw name="Open test app" library="Common" type="SETUP">
<kw name="Create Dictionary" library="BuiltIn">
<var>&amp;{LT_Options}</var>
<arg>isRealMobile=${isRealMobile}</arg>
<arg>platformVersion=${version}</arg>
<arg>deviceName=${deviceName}</arg>
<arg>visual=${visual}</arg>
<arg>network=${network}</arg>
<arg>app=${app}</arg>
<arg>w3c=${w3c}</arg>
<arg>platformName=${platform}</arg>
<arg>appium:timezone=${timezone}</arg>
<arg>fixedIP=${fixedIP}</arg>
<doc>Creates and returns a dictionary based on the given ``items``.</doc>
<msg timestamp="20230113 19:39:31.177" level="INFO">&amp;{LT_Options} = { isRealMobile=true | platformVersion=11 | deviceName=Galaxy Note20 Ultra 5G | visual=true | network=false | app=lt://APP10160621161671623283164345 | w3c=true | platformName=Android | appium:timezone=...</msg>
<status status="PASS" starttime="20230113 19:39:31.177" endtime="20230113 19:39:31.177"/>
</kw>
<kw name="Create Dictionary" library="BuiltIn">
<var>&amp;{DESIRED_CAPABILITIES}</var>
<arg>LT:Options=&amp;{LT_Options}</arg>
<doc>Creates and returns a dictionary based on the given ``items``.</doc>
<msg timestamp="20230113 19:39:31.177" level="INFO">&amp;{DESIRED_CAPABILITIES} = { LT:Options={'isRealMobile': 'true', 'platformVersion': '11', 'deviceName': 'Galaxy Note20 Ultra 5G', 'visual': 'true', 'network': 'false', 'app': 'lt://APP10160621161671623283164345', 'w3c': 'true',...</msg>
<status status="PASS" starttime="20230113 19:39:31.177" endtime="20230113 19:39:31.177"/>
</kw>
<kw name="Open Application" library="AppiumLibrary">
<arg>remote_url=${REMOTE_URL}</arg>
<arg>desired_capabilities=${DESIRED_CAPABILITIES}</arg>
<doc>Opens a new application to given Appium server.
Capabilities of appium server, Android and iOS,
Please check https://github.com/appium/appium/blob/master/docs/en/writing-running-appium/server-args.md
| *Option*            | *Man.* | *Description*     |
| remote_url          | Yes    | Appium server url |
| alias               | no     | alias             |
| strict_ssl          | No     | allows you to send commands to an invalid certificate host like a self-signed one. |</doc>
<status status="PASS" starttime="20230113 19:39:31.177" endtime="20230113 19:39:47.880"/>
</kw>
<status status="PASS" starttime="20230113 19:39:31.174" endtime="20230113 19:39:47.880"/>
</kw>
<kw name="Click Element" library="AppiumLibrary">
<arg>id=color</arg>
<doc>Click element identified by `locator`.</doc>
<kw name="Capture Page Screenshot" library="AppiumLibrary">
<doc>Takes a screenshot of the current page and embeds it into the log.</doc>
<msg timestamp="20230113 19:39:50.291" level="INFO" html="true">&lt;/td&gt;&lt;/tr&gt;&lt;tr&gt;&lt;td colspan="3"&gt;&lt;img src="data:image/png;base64, iVBORw0KGgoAAAANSUhEUgAABDgAAAkMCAYAAAASLEj0AAAAAXNSR0IArs4c6QAAAARzQklUCAgI
CHwIZIgAACAASURBVHic7N15fFTV/f/x952ZbCRhCRA2WYJsKlQLiFjFhSCiKC60VehXUYEK31ah
X3+2FbRqrVAFFdTyVQG14lfcK1QKyuZGG0VACRgRSFgMSxISIHsyM/f3xzDDTDIJk2Qmk0lez8eD
h5k79557ErPMec85n2OYpmkKAAAAAAAgglnC3QEAAAAAAICGIuAAAAAAAAARj4ADAAAAAABEPAIO
AAAAAAAQ8Qg4AAAAAABAxCPgAAAAAAAAEY+AAwAAAAAARDwCDgAAAAAAEPEIOAAAAAAAQMQj4AAA
AAAAABGPgAMAAAAAAEQ8Ag4AAAAAABDxCDgAAAAAAEDEI+AAAAAAAAARj4ADAAAAAABEPAIOAAAA
AAAQ8Qg4AAAAAABAxCPgAAAAAAAAEY+AAwAAAAAARDwCDgAAAAAAEPEIOAAAAAAAQMSzhbsDQMRz
lMrMXSPtWyrlfinTXibTbspwmq7nnaZkS5Q6XSbLgN9KHS+RDH70AAAAACCYDNM0zXB3AohIZYek
zSPlPHlEpt3pCjLc/0z5PnaaMp2STFMyDVk6nCPL9V83uaDDNE0ZhlHjYwAAAABoqgg4gLoqPyrn
l5fJWZQjw+l0hRZOBRZwOJ2ecw3TkHVChtS6T9g+FYfDoYqKClVWVsputysqKkqJiYmSJKfTqcLC
QjkcDkVFRSk6OlpRUVGyWFjZBgAAmr8dO3b4PZ6cnKzk5ORG7g0QPOvXr1dOTk6Nz3fq1EkjR45s
xB4FT9N6+xhoykxT2veYHD8skJxONXheg+mUM+3/yTL6g2D0rk4cDoeKi4t14MABbdu2TVu3blVO
To4eeughDRgwwHPOjh07NH/+fJ177rkaPHiwLrjgAnXp0kWxsbEEHQAAoNnIycnRjh07lJ6ervT0
9FoHf24pKSkaNGiQBg0apIsuuqgRegk0XHp6uhYuXHjG8zp27KhBgwY1Qo+Ci4ADYfXcc89p4sSJ
at++fcDXzJkzR9OmTVNSUlIIe1aVU+bmC+U8keUqzese3DtNyXFqFkd9ZP1LpumQYVhVumS14qZc
E7Qe+2OapkpKSrR3716tWLFCX331lee51q1b+73Gbrdr+/bt2r59u6Kjo3X55Zdr7NixOuussxQT
ExPS/gIAAITShg0blJaWprS0NEmu10qByszMVGZmplauXKn4+HgNHz5cI0eOjMhBoSQVFBQoPz9f
PXv2lM3GMBGRie/cWpimqbKyMhmGodjY2GZxb4fDobKyMs9yg3Cy2+36+OOPtXHjRr3//vsBXeNw
OJSWlqbt27frzTffDHEPTzGdcn45TGZhVvXnLIZksUpRkmRKFU6pxB540w6HjMpiKSpR1i++V/F3
B9XqqakhqXvhcDh07NgxrVq1SqtXr1ZpaWmd26ioqNC6deu0detW3XDDDRo1apQSEhKo0wEAACLK
hg0b9MYbbygnJ6fWUKNVq1bq3bu357G/ZSumaaqoqEjr1q3T+vXrNXDgQE2YMCGigo7CwkLPG1/Z
2dm67LLLwtyjugvV+CmY7TocDpWUlCgmJkbR0dFB6iG8NauA4/Dhw/ryyy+1b98+zZw5s15tlJWV
adOmTdq8ebO2bt3qGQQmJiZq6NChuvDCCzV8+PCQhAOhuve+ffu0adMmffXVV8rMzPQc79Onj4YO
Haorr7xSXbt2DernEohnnnlGklRZWak33nhDEydOPOM1c+bMkWmaKi4u1po1azRmzJgQ99KU+eUQ
mYX7AzjXkKKtrn9lDqmoMpDWpZO7ZbYfLCOxlUo37ZDtbx8q5rfXN7zrXux2u7KysrRo0SLt2bPH
5zmbzaa4uDi1adPGJ603DEPR0dFq27atKisrVVpaKqfTKdM0dezYMb322mvavn27pk2bpuTkZEIO
AADQ5GVmZmrJkiVKT0+v9lxycrIGDRqkgQMHqnfv3j7BRlXp6enKysryLGkpLi6W5BoMu4/dcMMN
mjBhguLj40P2+QSL95Kc+rwJVh9HjhxRWlpaUMZuX3/9dbXx05AhQ+o9fgp2u1lZWVq5cqX+/e9/
e9o677zzdPXVV2vEiBGyWq116h9qFvFFRouLi7Vt2zZt3LjRkzr2799f8+fPr3NbO3bs0PPPP6/s
7Oxaz+vdu7dmzJhR6y+9pnBvh8OhN99884wzHaKjo3XnnXdq7NixjTZIdTgcuvHGGz2PDcPQu+++
W2uSWVlZqfHjx/uk7CtWrAhpLQgz8xE59z5b36ul/HKp0um/yOip4qOWn/5WxsXPqvLeF3Xyy50y
JbVd+j+yDewVlM/B6XRq7969euqpp3y+v6xWq9q0aaN+/fopNTVV/fr1q7bsx+l0etakrlq1SkeP
HlVRUZHn/4HVatU555yj//mf/1HHjh2D0l8AAIBQWLlypZYsWVJtxkZqaqqGDx+u4cOH16vd4uJi
paWlacWKFcrK8p3xGx8fr9mzZzf52Rx79+71eRPs6quvDsl9SkpK/I7d5s2bV+e2du7cWafxU0pK
Slja3bx5s5544glVVFT4fX706NGaPn16SEKO9evXa8mSJZ4AriHi4+M1ZcoUpaamBqFnoRORAYfT
6dSuXbu0adMmrVu3rtr/sPoEHJs3b9Zf//pXn2+8Dh06qHfv3nI4HNqzZ49OnDjheS4hIUGPPPKI
+vfv37BPJkT3Nk1TL730kj788EOf4926dVOHDh106NAh5ebm+jx3xx13aPz48Q3+fALx8MMPa+vW
rT7HUlJS9OyzNYcJs2fP1vbt232Ode3aVS+++GJI+qiKo3J8dp5cyUQDnCyXiu01Bhxqf54sv9wu
x9TndCLd9YfFYljU7t9Pn671UU+maSo3N1dz5871+aMVHR2tlJQUTZs2TX36BLaLi91u1zfffKOX
XnpJOTk5cjgckqSoqCj97Gc/0z333ENNDgAA0OQUFxdryZIlWrdunc/xiy66SFOnTlWnTp2Cdq/0
9HQtWLCgWpHSGTNmaNSoUUG7T7CFMuBwOp364Ycfah271TXg8BcauMdPdrtde/fu9Tt+6tevX6O2
m5OTo5kzZ6qoqEjdu3fXHXfcoe7du6uwsFCrVq3Shg0bJEnTp0/XNdcEvxbfuHHjgt7mypUrg95m
MEXUEpWcnBylpaVp7dq12rdvX1DbfeqppzzfyO3bt9fdd9+tCy+80DNlv6KiQl988YVeeuklFRcX
q6ioSM8//7z++te/NmjaWajuvWnTJp9wY+jQoZo0aZJ69uwpwzDkcDiUnp6uF154wZNOvvrqq+rT
p4/OP//8en8+gaioqKgWbkiuqVuHDh3yu1zGXeiyqkOHDikrKyvgRLYunJsvb3i4IUmtY1xBxYly
/8+XH5NhGCo9cuz0vU2nSmf/XXFz72zQrUtKSvThhx/6/MGKjY3V0KFDde+99youLi7gtmw2m4YM
GaLHHntMzzzzjL7//ns5HA5VVlZq8+bNWr16tcaNG8fuKgAAoMkoLi7WrFmzfJZpBzKrori42DMb
IzMzU8XFxUpOTvaEIQMHDvR73aBBg7R06VItX75cb7zxhuf4woULtWPHjnovxYhEOTk5+vLLL/Xx
xx9r//5AlnsH3u7TTz/tM3769a9/7Xf8tHjxYs/46bnnntMTTzyhVq1aNVq7a9euVVFRkSTpvvvu
88zC79y5s+655x4dPnxYGRkZevvttzVq1Ci/S1727NmjFStWaNKkSerQoUMDv3rNX0QFHK+//ro2
btxY7fjgwYNrHAAHYvXq1Z4k0Wazafbs2erbt6/POdHR0Ro5cqTatGmjRx55RJKrtsXnn3/eoDoQ
obh3eXm5Xn75Zc/jwYMH6w9/+INPURyr1aoLLrhAjz32mB5++GEdPHhQkvT3v/9d8+bNC+k6sCef
fLLG5+655x69++671ZbKPPDAAzVe88ADD2j58uXBXV5TfkRmSW4tJ9R0rxomRCVESXanVOhnalpU
G8k0ZRb6rncs++QbxZZXyIipXwEi9+yff/zjH55j0dHRAYcbdrurWGrVuhzJycn63e9+p6effloZ
GRmenVnee+89DR06VGeddVa9+gsAABBsR48e1dGjRz2PBw4cqNmzZyshIaHaue43U9evX+8TiPgT
Hx+vQYMGeZa2VH3TccKECbrooov0+OOPe2ZzuIOSSKjJEQz/93//V+PYrbKy0m8dlECsWbPGZ/w0
a9asWsdPjz76qCRp//79+vzzz2ucnRKKdrds2eL5nKuWGLBarRozZowyMjJ07NgxHTx4sNo5drtd
S5cu1c6dO1VcXKw//elPAX2NWrKIfau1V69emjx5sl588UU9+uijGjBgQL3aqaio0EcffeR5PG7c
uGrfyN6GDBniU1V43bp1ddpOqjHuvWXLFp/lJ3fddVeNFX87duyou+++2/N49+7dfqtDB1NtxXgq
Kip80m632raqKi4uDvpUKXPbSFUPK6yyxNhk6XyVLANflGX4RhmXblP5xVu1KeVDOQc8I0uHi2SJ
s8nfj5bRNkayVg9GLF0ulFlYKnu57wwPp9NU2fzAdpfxp+rXxWq1qlevXgGFG5WVlfruu++0detW
FRQUqLS01PO95g45ZsyY4bO9b0lJiVasWCGnMwizXgAAAIKgd+/emjNnjuLj45Wamqq5c+dWCzdy
cnK0cOFCTZ48WYsXLz5juCGdrruxYMECTZ48WcuXL/e8U+9972effVYpKSlKSUnR3LlzwxpulJaW
av/+/Y1WRNRbz549ddddd+mFF17QI488ErSx2/XXXx+U8VOo2nW/idyjRw+/7Xgvjzp58mS159eu
XaudO3dKkm677bYa+4PTImoGR2xsrH7+859r+PDh6tu3b1CmwmdlZamwsNDz+OKLLz7jNSNGjNBn
n30mSdq1a5eOHTtWr+lCobr3tm3bPB8PGzZMPXv2rLXN888/X4MGDfKkqNu3bw/pMpU//OEP2rRp
U43B0JtvvqmJEyf6zMiYM2dOrWvIlixZorFjxwZnz25HqZzF7nWThozY1rL0ni11myzTdOpQSaWe
/XafvjhUIGdFvkzTVPdOHTVi1O0yut8umU5ZZcrMnCPz4IsyK0vlDkuMrgky95/+5WVKUp8Jcny5
y+/Xo3zVl4qbdYtUx9kpDodDBw4c8BRvkqTWrVtr+vTpPuGGaZqqqKjw7JjiVlpaqmXLlmnXrl1q
166dRo8erVGjRnl2SzEMQx07dtSkSZP0zDPPyOl0qqKiQmlpabr55pvVpUuXOvUXAAAgVNxBQ3Jy
ss/x4uJiLV++XCtWrKjx2pSUFJ9QIicnp1p9jeLiYr3xxhtasWKFpk6d6lOEMT4+XnPmzPF8HC6l
paX6z3/+o8rKSu3du1cjR44M+T1jY2M1fvz4oI7d9u3bV+fx06WXXnrG8VOo2i0/9QZmTW/weo9d
3PXt3HJzc7Vs2TJJ0q233hqSJfnNUUQFHNOmTQv6+n53quYWyO4kVYsyZmdn+w04NmzYoLffflsx
MTG644479NOf/rRR7v3tt996Pv7JT35yxjYl1w+oO+D4+uuvQ54QPvDAA55f9v7cdtttev311z2P
DcPQb37zG/3tb3+r8Zr777/fs/VsQ5jHPpKcThnRMbIMXi0lnC8Zhj47lK85X+1RUXmZTNOUabr6
1Ta+lX7auf3pRSuG63vUOPshGWc/KDPvY5nbJ8p0nAo52sfJzC31fF5G+6EqefZ5v32xOxxyHi+S
pV1inT6HqnVObDab+vfv7/P9Y5qmCgsLtXHjRsXExGjkyJE+IYd7mVJ+fr7eeecdz7pRd9IcFRWl
Cy64QF27dtWPP/7oue+WLVt03XXX1am/DfXpp59qzZo12rVrlyRXsaoxY8bo8ssvb9R+AACApqlq
uJGTk6PHH3+82myN5ORkDR8+XKmpqbW+Nk9LS/P8cy9rKC4u9tTamDFjhudcf8thGltpaakqKysl
uWbqFhQUqF27diG959133x30sduBAwd8Hgdr/BSqdtu0aaMTJ07UuIuJ92wa79fhpmlq2bJlnuKk
3rtPonYRtUQlFMULvdfk9e7du9ZtSt3atWvns1vE4cOHq51TUFCg5557TtnZ2crMzNRTTz3lqWkQ
yns7HA6fY4Fu3ek9bSozM9OnOnAwVJ2dcPHFF9dY4EeSTpw4Ua2mypgxY2pdWrFnz57gFJ89/HdZ
U6bIcvkhKfECnaiw65qVm/XQFztVUl4uQ5LFMGQ1DFkMqXO7trqqc+saGjNkdLhalpF5snQeKclw
1eNwpyEWQ4pJUmXu8Rqulhxrv6nzp1BZWekzkycuLs7n3QTTNHXy5EmtWrVKS5Ys0auvvqoNGzZ4
iiq5A5EuXbooNjZWDodDGRkZWrhwoSeJdrfrHWZUVFT43LcxvPzyy5o/f7527NihyspKVVZWaseO
HZo/f75PLRoAAADJ9Vp3xowZPuGGe/nt0qVLNXXq1DMOcIcPH66ZM2dq6dKlmjhxomd2hmmaWrdu
nWbMmBGUrTlDpTE20oyksVuo2nUvc9m5c2e1GRqSa/caN+9wZPPmzfrkk08kucoN1DZugq+ICjhC
4fjx0wPLQMMAq9Xqs9OHv19eZWVlPoHGiRMnqgUcobh31f2VA12y0aZNG5/H3lO0guHFF1+s1ubz
z/ufteD2yCOPVPvlu3Dhwlqv8U7L663PXKnPk5IM/SMrV+NXbVFZRaUsFossFoushkWWU+FG366d
ZRhSv9Zn2h7VkDHoXVkGL5cpQ0Zb1y9No/Mwld61UKrlj0zJ+5/X+VOoqKjw2TklJibGs32Ve+bG
qlWrPPVOiouLfUKOVq1a6c4779TChQt10003KSYmRg6HQ3v37tXatWs97UZFRalfv36e2R7u7bMa
qw7Hp59+6lNEtap//OMf+vTTTxulLwAAIDJkZWX5vIYeN26cli5dWq9tXOPj4zVhwgQtXbrUZwlB
YwQILZH3+CnQEgGBjN1C1e6ll14qyVWI1L0lrFteXp4++OADSa7ddzp37izJVdfulVdekSSNHDlS
Q4YMCag/cGnxAYd3MaC6bJnpfW5JSUm15zt37qxrr73W8/iOO+6oVugzFPeOjY31SRIDTY69r6nL
dYFatWqV7rvvPp9jHTt2rLXWR2VlpZ577jmfY126dKm1pojT6TxjcHImRryr6NFT3+7Tom27JZmy
WAxXqGExPEFHfFycpx5FnDWwHyWj/WjZLvtOatdKkimz5x9UkrGv1mtseUW1Pl+Vw+FQXl7e6ett
NnXv3l1JSUmSXFPhVq1apeXLl/tc5w45Nm7c6AkoYmNjdeONN3qqQpeXl+s///mP5xqLxaLk5GSf
nVOq3j+U1qxZE5RzAABAy5GamqoZM2bIMAzNmDFDU6dOrfHc4uJi7dixw/OvJvHx8Xr22WeVmpqq
5ORkT2FTBJf3GKUusxrONHYLVbuXXnqpZzvi5557TgsWLNCHH36oN954Q7///e91/Phx2Ww23X77
7Z76g++9956ys7OVmJio//qv/wq4L3CJqBocoeBeiybVvrtHVd5hhb9vZsMwNG3aNI0fP142m80z
uAz1vQ3DULdu3TxT7gJdslF1Cll5lR09GsI96+Lw4cPKzMz0mfL3yCOP6Kabbqrx2rVr1+rOO+9U
YuLpGhTuWQU1JeMff/yx7rjjjgatd5z3zT6tzToiw7DIkCuFNw3D9bFcS0c6tT0168U0Za1LEdCY
TrIM+1jmwUtV8uCZl3NUlpbVqe9Op1P5+fmex4ZheH5RO51OHTp0yFNMy2q1eqbLWa1WlZSU6B//
+IcuvPBCz/dsXFycrrnmGq1cuVIOh0PZ2dlyOp2e7xnDMHx+ubvvX3Wtayi4a2409BwAANCypKam
+t3eVXLV51i5cqXS0tJ8li649e7dW6mpqUpNTa12/cyZM5WTk9Mk6m40R97jp7psLnCmsVuo2o2O
jtZ9992np59+Wtu3b9eGDRt8ZnIkJCRo5syZ6t+/vyTXkvt33nlHkjRp0qR6bWTR0rX4GRzBmEpf
Uxvu7TT9hRuhvLd3MdPPP//c5we2Jt99953PY6OOu3bUxOFwaP369Z7HM2fO9HneZrPp17/+da1t
VL3GarVqypQpNZ5vmqbuueeeevTW5aMfj2njgVxZrRZZLadnbVgtrqUpVouhKJvNs7GJIdfsjrow
Wg9WWcbTKs/NP+O5ptnw7xN3GGSxWNSjRw/deeedat++vWcqpXuWR9euXXXXXXf5fM8ahuEzw8fp
dPpM4wMAAIhEVcMJd5HQyZMna8WKFX7DDclVw2Px4sWe7WGraow3eVqqYIyf/L1JGqp2JSkpKUmP
PvqoHn74Yf385z9Xamqqxo4d69lAYdiwYZJcS72XLl0qybVkxbt+HgLX4gOO5sg9DUpybS/0xRdf
1Hp+Xl6eXn31VZ9jgRTWCcQbb7zh88NumqbnB9ft+uuvr3UGS05OTrXClePGjat1WU9eXp4yMjLq
1ee/bT9wqsaGIcOwyGJYZLEYMgydOmaofeLpVN6UKUcd11lWvLdJpZ9+d+YTJVlO1bcIlGEYPjNy
TNP0KWoUHR2tq666SnPmzNHPfvYzz/H27dvrscce8/ySdatauDYqKqpaaOf9R8EwDE9NjlBzp90N
PQcAALRsmZmZmjVrltatW+f3eX8zPdzbwy5YsMBn6Xkg9wpFAdLCwkLt3bs36LX00HBWq1VDhgzR
7bffrhkzZujuu+/W1Vdf7bOTzdq1a7Vz505J0uTJkxvt9XRzQ8DRDJ1//vk+g7rFixfXuFQlOztb
jzzyiHJzc32O12XJTG3efvvtasc++OCDasVQq9baqOrhhx+uduzPf/5zrdf88Y9/DKCH1VmsVleo
YZyatWExZHV/bHXN4oiJ8pq6Zhiy12GWRfnqzSqc91btJ3kFBlF1qM8iuX6Bdu/e3fPY4XDoxx9/
9AkhLBaLOnXqpAEDBshms8lut2v37t3Kzc31KYZrmqYKCgr00UcfSXLN9KhaVbyystKn5obVavWp
yRFKY8aMCco5AACgZcvKylJWVpbnsXtXlSVLluif//yn3nzzTf3zn//UwoULNW7cOJ/AIy0tTTk5
OQHdxx2kzJo1q06hyJnY7XZt3rxZe/bs0b///W+f7UfR9OXm5mrZsmWSpFtuuSWgbWrhHwFHM2Sz
2XwK0hQWFur3v/+93nnnHWVkZOjgwYNKT0/XsmXLNGPGDO3fv79aKh2MdYOLFi2q8bmqy1K6detW
6w+yaZr661//6nNswIABta5LczqdZ9x1xZ9WVkOG5fRsDYuMU8VET+2eUqVeiWmaKq4MIOAwpYon
31HRI8tchTxq6rfD7m5YkmQ/q257lLtrYrhDKtM0VVxcXG2apdVqVa9evTwzfoqKirRo0SJt2bJF
x48f14kTJ3To0CG9+eab+uyzzyS5vi+uuuoqTxsOh0M5OTkqKCjw3Ds6OrpORXMb4vLLL6+1hstN
N92kyy+/vFH6AgAAIpd34VH3riijRo1Sp06dfM7r3bu3pk6dqqVLl3pqeMyZMyegAak73CguLlZm
ZqZmz54dtJCjsLDQZ1k6AUfkME1Ty5YtU1FRkbp16+bz2tbhcOiHH37QJ598onXr1mnLli3M0DmD
Fl9kNBj7M9d3+lAo733BBRd41nVJrl9yr732mt9ze/bsqVtvvVVPPPGE51jbtm0b1C+n01nr7hXH
jh3TyZMn1bp1a8+xZ555RjfccEON12zatEknTpzw2dJ28eLFtQ5w161bp8mTJ9cpsBnUoY2+Onzs
1CNTTp0uLiqper0NU9pxvESXd/bdatdHabmKb5mrspyaa26YpinTXi4ZFpmGZJgWyTAUd+uVAffd
LTo6WoMHD9aXX34pyVU0dvPmzRo3bpzPea1atdIvfvEL7dq1S6Wlpdq/f7/mzJmjDh06qHXr1j5b
zcbGxmrQoEE+S1jc4Unnzp1VUFAg0zQ1ePDgOve3Ie666y6dffbZWrNmjaegaP/+/TVmzBjCDQAA
ELDU1FQNGjQooBoa8fHxmj17tnJycgI63zvc8D42e/ZsPf744w1+c7GlbEsbjDqB/sZgoWo3EJs3
b9Ynn3wiSZoyZYpnc4Ddu3frhRde0O7du33Oj4+P169+9SuNHTs2aHUTm5MWP4PD+53mqssmauN9
bl0q7TbmvceMGaP777+/1rDi+uuv19y5c3360r179wbX4Hjrrbdq/UXbvn17n3BDcv1SmDx5cq3t
Tp8+3eexzWbT+PHja73mN7/5zRl66+vaHu1ls1pksRoyLBZZra5Co9ZTW8VGRVX5mhvSvw6d9N+Y
w6GKh5bp2BX3q+xofo0zNxyV5XKUl3ie95xmGLJdel6d+i+5Ag7vPbPLy8u1cePGarvjWK1W9e/f
X5MnT1ZycrKioqLkdDqVk5PjCTcsFosSExM1dOjQasVbbTabhgwZoieeeEI333yzOnTo0OgBh+Sa
yTF37ly9//77ev/99zV37lzCDQAAUGd1LRDqff4DDzygWbNm+RTYl/yHG97PzZkzp8UEFA3lvYVr
IBspuHm/BvY3fgpVu2dSUlKiV155RZJ05ZVXel6/79u3Tw8++KAn3DjnnHN04YUXKiEhQcXFxXrp
pZf07rvv1vl+LUGLn8HhvTSjrCzw7Ti9twGqy17JjX3vyy67TEOGDFF6erqysrJ08uRJtWrVSsnJ
yRo8eLA6duwoSTp48KDnGu8ipfXlr6K0t5pqbtxwww16/fXXa9ymtrCwUP/+9799imNOmjRJH3zw
gU8hTW/5+fn65ptvdMEFFwTU94HtWsliWE7N3Ti9Lawp81QBzeq5YF6Jq7+macpwmHJkHVbxg6+p
Yt9h1Zar2ivL5agolWGxyDAsrruZpuSUZDFli46SEVf3sCkqKkrnn3++4uLiVFpaKqfTqezsbK1Z
s0bXXXedz8yf6OhojRo1SgMGDNDbb7+t9PR0Tx0Oi8WiDh06aPTo0briiiv8Lj0xDEPt2rXTj70R
wwAAIABJREFULbfcotGjR9f75wEAAKCpcQcQR48e1aBBgzRr1qwaZ1vs3LlTpmlq4MCBPsfXr1/v
CTfi4+OrfZyenq4dO3Y06DV4S3knv77jJ+8lO/5eq4aq3TN57733lJ2drYSEBN12222SXOOJxYsX
q7S0VG3bttVDDz2kvn37SnIVtv3b3/6mL774QsuWLdOwYcPUs2fPOt+3OWvxAUdiYqLn46qFNmti
mqZPPYOqMxGa2r3j4+M1fPhwDR8+vMZzvvrqK8/H551X9xkDVV1yySU17t5y7rnn+nzu3gzD0KOP
PlprgdCqO3gYhqH58+frd7/7XY3X1GXJjdUw1L1tax08flIyTi0dOfU3w5Tpd0tY03Tqn6+u1kWv
rVV0iVOOU0GF4ZmLYZw6z5S9skzlZcWS6ZDFYnPV+jCNUymKKcmUDKdMWRQ7ZYxUjz9YhmEoKSlJ
48aN09tvvy3TNFVWVqaVK1eqb9++Ouecc3z+ELq3j73vvvtUVFSk7OxsSa4kuk+fPtXadzgcKi8v
V1xcnKcdi8Wi9u3b17mvAAAATdXChQs9r73T09O1fv36WpdU+zN16lRPqJGcnOx5I3DGjBlavny5
xo0bF5Q3GFsC73ApmOOnULVbmz179uidd96RJN1xxx2e2oL79u1Tenq6JOmXv/ylJ9yQXOO6SZMm
KS0tTXa7XZs2bSLgqKLFL1Hp2rWr5+PMzMyAloocP37cZ4qZexZEJN3b2+HDhz0/RJKreGdD3X//
/TUmyf52RPF23nnn1biLS1JSkt/+9enTp8bB9VlnnaVevXrV3uEqnrywp6yWU0VG3VvGylVw1HT6
n0K4ekB//XB4l7ZmbdbOfdu0+0C69v74nfYf2qXsw7t15GimjuXtV1Fhnhz2CtdURNMp0zy1btI0
5ZqD4mrfYlgV818j69RvbzExMRo5cqQnEDJNU3l5eXrxxRd15MgRvzNeDMNQYmKiBgwYoAEDBvgN
N8rLy/Xdd9/pjTfe0OHDh1VWVsa0SgAA0CLUtltKba+HZs6cqZkzZ/ocS0hI0LPPPqtRo0YFrX/N
XajGT409LrPb7Vq6dKkk1+z51NRUz3M//vij5+Oqs4EkqVOnTp7X6Hv37g34ni1Fiw84qm5n6b09
VE2qbrnq/QMRKff29sEHH3g+Hj16dJ3XHvpjsVj029/+ttrxc889N6DpW2+95X8b1dp2ZnnmmWf8
hipPP/30Ge9XlUVSn6REV90Ni+XUf6vvoOKtrNIu279eltWwyJQp56mgwpRkGqYkp0yZp/74mZ6P
TZ1+LNPp+th0Ku7O0VIDCtEahqEOHTro1ltvVWxsrCRX8desrCw99NBDysjIUGlpacDhhNPp1MmT
J/Xll1/qscce08qVK/XAAw/o/fffV35+zcVTAQAAIlXVGdD+ZkT7q61R2/H6yszM1PLly5WWllbt
uZbyZlPV8VPVsZE/gYyfQtVuTdauXaudO3dKkiZPnuyzfNx72UtNs0Lc4zV2VKmuxQccPXr08NmV
4+uvvz7jNZs3b/Z83KVLl3qHDOG8t9v69ev1r3/9y/P42muvbVB73kaPHl0tEPDeqaU2UVFR1foy
ZsyYatvZemvXrp3PDh+SdOONN9Z7y9JZP+kuq8Uiw+IKCywWQxaj9hUjS48U69If1siwGK44w/T+
J89sjWrhhvtJuf4TZbEp7u6x9eq3t+joaF122WUaM2aMp3CsaZrKycnRvHnz9P777+vw4cMqKSnx
1N3wZpqmKioqVFRUpKysLC1btkzz5s3zBCMFBQVavXq1ZxtZAACA5mTChAmaOXOmJkyYoDlz5lRb
SrJ+/XpNmTJFmZmZPscXLFhQY2HR+po9e7aWL1+uOXPmVLtfS6nBUXX85D02qkkg46dQtetPbm6u
li1bJkm65ZZbat1i+EzBVUv5/14XLT7giImJ0VVXXeV5vGLFCh0+fLjG8w8ePKjVq1d7Hqemptb7
Gyuc9y4vL9c777yjBQsWeI7deOONOvvss+vVXk28Z1xcd911dbp2+vTpnjTTYrEEtBvKgw8+6Pma
2Gy2M+7KUptYq0W/PqebLLLIYrG4lqpYLLV+zR12ux7MLNCwze/KYrO552zIaZqewMPpFWic/u/p
ZSqmpDZrn2zQ7A1vrVq10q233qorr7zSM5PDNE3l5+frrbfe0h//+EctW7ZMW7duVX5+vvLz83Xy
5Enl5+fr6NGjWr9+vV588UU98MADPlv/Goah1q1b65prrql1q14AAIBIlpqaqokTJ1YLN9LT07Vg
wQIVFRVp1qxZnuMrV67U+vXrlZmZqcWLFwetH8XFxZ43zqrO4mgpMzhiYmJ8lvSsXLnyjOMn79ev
I0eO9PtaPlTtVmWappYtW6aioiJ169bN72to7zd0T5w44bcdd9/qWwuyOWvxAYckjRo1yvMuf2lp
qZ588kmfXUXcDhw4oHnz5nne6Y6Li/NZL1XVhg0bNG3aNM2YMUPbtm1r1HtX5XA4lJ+fr4yMDL33
3nu655579Nprr3meHzZsmH71q18F3F6gunXrpn79+gW0Baw/Tz75pCTp8ccfD/iaP/3pT5LqtzSl
qks7tdbI7u1lkSGLYXH9s1jkrOWPyNHCEv3LGaXhe1YrvnNHmabTZ8aGZ0aH1+wN72UqbedNl6Vd
w/ZCryo+Pl5TpkzRzTffrISEBM/MGvcsjA8//FCPPfaYJk2apMmTJ+vhhx/WpEmTNHXqVC1atEif
fPKJz3Q5m82mjh07avz48Zo4cWJQ+woAABAJvGsneM/U8N4lZcKECT7XdOrUSYMGDdLAgQNrnZlc
Vy3pnfyq46d58+bVOH6aP39+wOOnULXrbf/+/Z6NGCZPnux36X6PHj08H/ubSXLw4EHP9rH9+/cP
6L4tSYvfRUVyDcKnTJni2bp0z549uvfeezVixAilpKRIcq15++KLL3ym8f/mN7/xVLutqqCgQM89
95zn/Keeekqvvvpqtf2RQ3Fvb0ePHtU999zjMzitasyYMZo8ebLn3f1ge+qpp7RkyZJ67Q3dr18/
nXvuuX4L7NRk6NChOuecczxfv4a6s0+y8srt2nms0LWLq+QqNGqt+Q/Jh/ty1Tk2Sj/b8paOLV+t
g7Ofk+lwzeSwGFWCDsO124opqe1vblbMVUOC0u+qYmNj9fOf/1zdu3fXO++8U2OBULvdrj179vht
w2q1Ki4uTn369NGkSZP8FiEFAABoKdyFQ9evX+9zPD4+XnPmzFGnTp18jqemptbpTUpU161bN02e
PFnPP/+8JNf4acaMGZ7xk2maysrKqjZ++u///u9ax0+hatdbr1699NRTTyktLU1Dhvh/zd+9e3cN
GzZMX331ld59912lpKRo6NChslgsys3N1ZIlSyS53nC85JJLArpvS0LAccro0aNlmqZeeOEF2e12
2e12bdy4URs3bqx2bnR0tGbMmKHLLrusxvbKysp8vvFPnDghu93ud5Af7Ht7czqdNYYb/fv31y23
3KKhQ4eGPPWdMmVKva8NtG6HN/fMj2D5f+d21etZedr4Y76rdGgAX64l3x/SgR4ddOvEa5X0y6tV
8Oo/dXTOEjlNyTBNGe4taE8FDB3m36PoET+RY3e21LqVLKZkdG4X1M8jKipKl1xyic477zx99NFH
+uSTT3Ty5ElVVFSosrJSTqez2jU2m002m00xMTHq0aOHRowYoSuuuKLetU0AAACak6ohhzvcqK22
QkNVnf3R0CUq9XkjMpxGjx4tSQGPn+69996Axk+hatdbSkrKGd+Iddd1ycvL01/+8hclJSUpPj7e
Z0bJtGnT1KVLlzrduyWIrO/kELv66qt13nnnacWKFfr888+rFQVKSEjQ5ZdfrhtuuOGM30ydO3fW
tdde6yngeccdd9Q6QyKY9/YnMTFRXbt2Vbdu3XT22WfrnHPOUZ8+fVrUdLaGMAzptt4dNLR9vOan
Z8s0qwcB/nx8IE/b8ks194KuSppyo9rdNU7O4jLl/mWp7Os2y1lUJsNiqOuni2Tt2Na1VWzWEVV+
s1fOQ8eU+My02qua1utzMdSuXTvdeuutGj9+vLZs2aJt27bphx9+UEFBgSR5wjir1aoePXqoV69e
Gjx4MHu0AwAA+OEOOdLS0kIWbqSkpCgzM1Px8fG6+OKLfZ5LSkpSXFycSktLZbPZqtVmaN26tWw2
m+x2u+Li4pSUlOTzfHJysvbs2SO73a7ExMSg9z0URo8erXPPPVcrV6484/ipc+fOYW+3Ljp37qzH
H39cL7/8sr788ktPnTzJ9f9q0qRJGjFixBnbGThwoHbs2BG0ftVlVn24GGZLqUhTR+Xl5Tp06JCK
iooknQ4I3DtRBMI0TeXm5spms1X7JRLqe3v3QWpZ6/JCzWFKz+06ovS8woDTcsMwdFvfzro8OdE3
r3Bf73XQdLpmd8iUZGn8/292u1379u1j+QkAAEAd5eTkeLbwDLbi4mJlZmYqOTm52tIXyfUa7uTJ
k54wo67Pl5aWqrS0tMbnm7Jgjp8ao926yMnJ0eHDh1VZWam2bduqZ8+eioqKCvj6tLQ0ZWVlNbgf
KSkpfrdJbmoIOIB6KnM49ffMPH2dc1IOP0s7/ImyWXVjj/a6plvbEPcOAAAAAFoWAg6ggUxJJysd
Sssr0ieHjqvIKZVVVsrhcMpmtapVbLSSLNLos9rqp0kJijaYUQMAAAAAwUbAAQAAAAAAIp4l3B0A
AAAAAABoKAIOAAAAAAAQ8Qg4AAAAAABAxCPgAAAAAAAAEY+AAwAAAAAARDwCDgAAAAAAEPEIOAAA
AAAAQMQj4AAAAAAAABGPgAMAAAAAAEQ8Ag4AAAAAABDxCDgAAAAAAEDEI+AAAAAAAAARj4ADAAAA
AABEPAIOAAAAAAAQ8Qg4AAAAAABAxCPgAAAAAAAAEY+AAwAAAAAARDwCDgAAAAAAEPEIOAAAAAAA
QMQj4AAAAAAAABGPgAMAAAAAAEQ8Ag4AAAAAABDxCDgAAAAAAEDEI+AAAAAAAAARj4ADAAAAAABE
PAIOAAAAAAAQ8Qg4AAAAAABAxCPgAAAAAAAAEY+AAwAAAAAARDwCDgAAAAAAEPEIOAAAAAAAQMQj
4AAAAAAAABGPgAMAAAAAAEQ8Ag4AAAAAABDxCDgAAAAAAEDEI+AAAAAAAAARj4ADAAAAAABEPAIO
AAAAAAAQ8Qg4AAAAAABAxCPgAAAAAAAAEY+AAwAAAAAARDwCDgAAAAAAEPEIOAAAAAAAQMQj4AAA
AAAAABGPgAMAAAAAAEQ8Ag4AAAAAABDxCDgAAAAAAEDEI+AAAAAAAAARj4ADAAAAAABEPAIOAAAA
AAAQ8Qg4AAAAAABAxCPgAAAAAAAAEY+AAwAAAAAARDwCDgAAAAAAEPEIOAAAAAAAQMQj4AAAAAAA
ABGPgAMAAAAAAEQ8Ag4AAAAAABDxCDgAAAAAAEDEI+AAAAAAAAARj4ADAAAAAABEPAIOAAAAAAAQ
8Qg4AAAAAABAxCPgAAAAAAAAEY+AAwAAAAAARDwCDgAAAAAAEPEIOAAAAAAAQMQj4AAAAAAAABGP
gAMAAAAAAEQ8Ag4AAAAAABDxCDgAAAAAAEDEI+AAAAAAAAARj4ADAAAAAABEPAIOAAAAAAAQ8Qg4
AAAAAABAxCPgAAAAAAAAEY+AAwAAAAAARDwCDgAAAAAAEPEIOAAAAAAAQMQj4AAAAAAAABGPgAMA
AAAAAEQ8Ag4AAAAAABDxCDgAAAAAAEDEI+AAAAAAAAARj4ADAAAAAABEPAIOAAAAAAAQ8Qg4AAAA
AABAxCPgAAAAAAAAEY+AAwAAAAAARDwCDgAAAAAAEPEIOAAAAAAAQMQj4AAAAAAAABGPgAMAAAAA
AEQ8Ag4AAAAAABDxCDgAAAAAAEDEI+AAAAAAAAARj4ADAAAAAABEPAIOAAAAAAAQ8Qg4AAAAAABA
xCPgAAAAAAAAEY+AAwAAAAAARDwCDgAAAAAAEPFs4e4AAAAIMUepdOJT6eS/pfIsqeKoZImSLK2k
2H5S4hCp3VWSNTHcPW1+Ko9IZQekyjzX1zeqnRSbIlniw90zAACaHcM0TTPcnQAAACHgKJcO/6+U
+3fJfrz2c41oqcMtUrffuQbhqL/KXOnoy1L+Gql8n58TLFLCEKn9dVKHX0iWuMbuIQAAzRIBBwAA
zVHZXmn3NKlsT92usyVJff5XShwWmn41Z6ZDOvyidOhZySwP7BpbB6n7LKnDTaHtGwAALQABBwAA
zU3JD9KuiZL9WP2uN6Kkvi9Kba4Mbr+aM0eptGeadPKz+l3f4ZdSylxRHg0AgPoj4AAAoDlxlkrf
XS+V7m1YO5Z46bx/uupF4AxMafcU6fiGhjXT8Tap15+D0yUAAFog3iYAAKA5OfJKw8MNSXIWSwcf
b3g7LUHOsoaHG5KUu8xVDBYAANQLAQcAAM2GKeW8Grzmjq+Xyn4MXnvNkWmXDi0KXns/LgheWwAA
tDAEHAAANBcl37t28Aimk8woqFXRVqnyaPDaK/mGUAkAgHoi4AAAoLmoyI6MNpuTkp0haHN78NsE
AKAFIOAAAAA1M2LC3YOmzVEa/DbtJ4PfJgAALQABBwAAzUVMj+C3Gdsz+G02J9HJwW/T1jb4bQIA
0AIQcAAA0FzE9ZWiOgWvPcMmtb48eO01R/E/CUGb5wW/TQAAWgACDgAAmg1D6vRfwWuu/S+lqHbB
a685iusnxfYJXnutzpNiugevPQAAWhACDgAAmpNOdwVnqYoRLXX9bcPbaQnaXBm8trpMD15bAAC0
MAQcAAA0J5ZWUp+/SZaEhrXT9nIppktw+oTAtLtGShob7l4AABCxCDgAAGhuWg2UzlkuRTcgoCjZ
JTlDsENIc1Pyg5T3ZsPbSbxI6j2/4e0AANCCGaZpmuHuBAAACAF7oXToGSl3ueQsq/v1CYOlvosl
W1Lw+xYIp10q/lYq2ipV5krOk65j0Z2lqGRXgc+Enyhs79eUZEi7bpfseQ1rJ3midNaDkjUuOP0C
AKCFIuAAAKC5s+dLBR9LJz93zTiw57iOW1pLsT2k+AulVv2kE59KeW/7XhvTXeqzVGrVt/H6W5Ih
HXlRKlgvOYtqP9eWJLUdKXWe6ir42VgKv5J2T5EchV4HDan1CCn+HMlZIZV8JxVuluT030bixVK3
mVLisMboMQAAzR4BBwAAOC1/lZR5n2SWnz5miZfOftYVJIRSxSFp/0PS8Q31u77taKnnn6TobsHt
V1UFG6S9/+37NWp1rpTyjCso8lZZIBV+IRWlu8Iaa7wUc7bU5jIppmto+wkAQAtDwAEAAHwVbpP2
/LrK0guL1ONBqdOdobnnsX9K+2dXmRFRD9ZEKeUJV8HOUDj2gZR1v2TaTx9rPVw6+yXJlhiaewIA
gIAQcAAAgOrKD0u7J0ulGb7HO06Qev5ZMmzBu1fum9K+B4LXniSdNUvqMjW4bR55WTr4mO+xdtdI
Zy+UjKjg3gsAANQZAQcAAPDPWSLtvVc6vt73eJsRUu/nJVvrht8j9y1p3x8b3k41hpTylNThpuA0
d+h/pewnfY8ljXPdwxLEsAcAANQbAQcAAKiZ6ZCy50uHX/A9HpMi9V0qxaXUv+2yLGnHNb61LILJ
Eiudt1aKPasBjZjSgceko6/4Hk6eKPV8TGHbwQUAAFTDX2UAAFAzwyqd9Qep1xzfZSnlWVLGzdLJ
tPq3vX9W6MINybU17o9/rv/1ZqVrBkvVcKPL3VLPv4iXUQAANC38ZQYAAGfWcYLU92VXEU83x3Hp
h0lS7rt1b69kR8PCkUAVrHXNFKkrZ7GrBkn+h77Hu/6PdNYfJRlB6R4AAAgeAg4AABCYNiOkc1e4
lqe4mRXSvvul/Y9KcgbeVu57Qe9ejY59eOZzvNlPSLtul0587nXQIvX4i9TtnqB2DQAABA8BBwAA
CFxsinTOe1LiRb7Hc16V9vxWcpYG1s6JT4PetRoV/ifwcytzpF23SkVbTx8zoqTeC6ROvwp+3wAA
QNAQcAAAgLqJaif1Xya1H+97vGC19N14qfzQGRowpfL9IeteNRVHAjuv/ICU8Qup5PvTxyxxUt/F
UvvrQ9M3AAAQNAQcAACg7owoqfd86az7fI+XZriKjx7fUPO1pkN1Ws7SUPa8M59TuFn67mZXyOFm
bSv1f0Nqc3no+gYAAIKGjdsBAGgxTKlgjZT3gVT6vatIqDcjxrW16plYW0uG13skRpxkei1NqTzq
KtCZcKHU6U4paYx8inIaNsnWIbDgIRiik2t+zlEoHVokHV3q2jXFW+uLXYFNaUYDOxAlRSVJ8YOk
qI4NbAsAANTEME3TDHcnAABAiDlKpczf1j6zIlTifyr1fUGK8goavrtZKt7WOPdvfYXU/5Xqx/Pe
kg7Ok+zHGqcfkpR4idTjj1KrgY13TwAAWgiWqAAA0BIcfDw84YbkCjJ23e47Q6LtyMa7f5tLqx87
tEjK+mPjhhuSVLjJVafk5BeNe18AAFoAAg4AAJo7+0kp7+3w9qF0l1Sw9vTj9uPVOC9DLFL7cdX7
kj2vEe5dA7NCyvx/kmkPXx8AAGiGCDgAAGjuSndXry8Rln541bKI6SJ1/EXo79nhF9XrXhz/LPT3
PZPKo1Lh1+HuBQAAzQoBBwAAzZ0RFe4euBhW38fdZ0tRnUJ3v6iOUvcH/DzhCN0966IyN9w9AACg
WSHgAACguYvvL1kTw90LKfFnvo+tiVKf5yVLXPDvZYmVzn5esrWp/lzC4ODfrz5ieoa7BwAANCsE
HAAANHdGjNR5enj7ED9IShhS/XjCUKnPksC2pw2UES31eUlKHOb/+cRhUlzf4N2vPloNkBIGhbcP
AAA0MwQcAAC0BF3vlpLvCM+9ozpJvZ+tvkTFrc3PpHNWSq3Obfi9YvtI574ntRlR+3m9n5asbRt+
v/qwJUm9F0oywnN/AACaKcM0TTPcnQAAAI2kZIeUv0oq/1FylkjOsurnOMolVdS9bSNOsthOP7bG
S/EXSh1vkWytz3y9WS4dWSwdeUWy59ft3ta2UudJUqfpkjUmsGsqC6Sc16QTn0hleyVHYd3uWVe2
9lK7a6Vu91QvfAoAABqMgAMAADQtzlIp9x3pxDrp5Feu4MMfI0ZKvFBqM0pK/rlkiW/4vR2FkumU
HCck0yE5ihrepiVGsiS6do4BAAAhQ8ABAACaLkepVPa9VHlMqsyTTEnRHSRbBynunMBnawAAgGaP
gAMAAAAAAEQ8iowCAAAAAICIR8ABAAAAAAAinu3MpwAAAASBs9hVxNMZ4A4tjiJXoU9/LNGSJc7/
c4ZVsiTU8Fy0ZK3hOgAAENEIOAAAQGiUZEgFH0vFW6TiDMmeF+4euRhRUlQHKaa3lPATKfFi1z8L
L4sAAIhkFBkFAABBZErH10vZC6SSneHuTOBsSVLHX0qd7pSiksPdGwAAUA8EHAAAIDiKvpH2PxhZ
wUZVllipy91Sl+mSwRa0AABEEgIOAADQcDn/Jx34s2QGWF+jqWt1rnT236TYXuHuCQAACBABBwAA
aABT2veQlPt/4e5I8NmSpL6vuOp0AACAJo9tYgEAQP0dnNM8ww1JsudLP9wulf4Q7p4AAIAAEHAA
AID6yf+XdGRJuHsRWo4T0u5pkr0w3D0BAABnQMABAADqrrJA2v+ncPeicZRnSdl/DXcvAADAGRBw
AACAujv6kmQ/Fu5eNJ6c5VLprnD3AgAA1IKAAwAA1I2zWDr6erh70chM6dCicHcCAADUgoADAADU
Tf5HkrMo3L1ofAVrJPvJcPcCAADUgIADAADUzYmN4e5BeJgV0slPw90LAABQAwIOAABQN4Xbwt2D
8CncHO4eAACAGhBwAACAwDlLpcrscPcifEp/CHcPAABADQg4AABA4OwF4e5BeFUcDncPAABADQg4
AABA4Jyl4e5BeLX0zx8AgCaMgAMAAATOdIS7B+FlmuHuAQAAqAEBBwAAqIMWPsA3jHD3AAAA1ICA
AwAABM50hrsHYcZLJwAAmir+SgMAgDpo6TM4eOkEAEBTxV9pAABQBy18BofJSycAAJoq/koDAIDA
OVt4wEENDgAAmiwCDgAAgECxRAUAgCaLv9IAACBwRgvfJpaXTgAANFn8lQYAAIFr8UtUeOkEAEBT
ZQt3BwAAACJGE6jBUV5errFjx2r9+vU+x9u1aydJatOmjVq1aqVWrVrp7LPP1sUXX6xf/vKX6tKl
Szi6CwBAozFM02zh+70BAICAFX0tZfwi3L0In9i+0qCPw9qFjz76SGPGjKnTNTabTb/+9a/1+OOP
q23btiHqGQAA4cU8SwAAEDiTJSrhVlBQUOdr7Ha7Fi1apGHDhmn37t0h6BUAAOEX/r/SAAAgcrT0
gKMJvHSyWOrfh927d+uaa67RsWPHgtgjAACahvD/lQYAAJGjpQccTaAGR0MCDknau3evZs2aFaTe
AADQdBBwAACAwIV/fB9m4f8C2GwNrxH/8ssvKy8vLwi9AQCg6SDgAAAAddDSa5OHP+CwWq0NbsNu
t2vt2rVB6A0AAE0HAQcAAAics4UvUWkCGrpExW3//v1BaQcAgKaCgAMAAATOaOEBRxPYRSUYMzgk
qbS0NCjtAADQVIT/rzQAAIggLTzgaAKCNYMDAIDmhr+QAAAgcCY1OMLNbPH/DwAA8I+AAwAABK6l
bxNrEnAAANBUEXAAAIDAhX983+IRcAAA4B8BBwAACFxLn8HRBAIeAg4AAPwj4AAAAIEzHeHuQYsX
rICDoAQA0NwQcAAAgMA1gRkM4RX+LwDBBAAA/tnC3QEAABri+PHj+vHHH7V//37l5eWpqKhIRUVF
KigokNVqVevWrSVJCQkJSk5OVnJysjp16qTevXsrOjo6zL2PQC19cG0QcAAA0FQRcAAA6q2srEyl
paWSpPLycpWUlCg+Pl6dOnUK+r1M09T27dv1n//8R99++63S09O1Y8cOnThxol7t2WzH89rrAAAg
AElEQVQ29erVSwMGDNCQIUM0fPhwDR8+XG3btg1yzxtHVlaWvvnmG3377bfas2ePsrOzdeTIEeXk
5Mg0TR0/flymaSohIUFJSUlKSkpS586d1a9fPw0YMEADBgzQhRdeqISEhNpvxBKVWpmmqezsbGVm
ZiozM1NHjx71PBcVFaXWrVurc+fO6tmzp3r27OkJ4MLV13A6ceKEjh075vnedLNarWrTpo3atm2r
du3ahbGHAIBIQ8ABAKjRwYMHlZGRoYyMDO3du1fZ2dk6evSoDh06pMOHD6usrMzvddOnT9eiRYsa
fP+ysjJ98MEHev/997Vx40bl5eU1uE03u92uPXv2aM+ePfrwww8lSRaLRT/5yU80duxYXXfddRo2
bJgslqa3mtM0Te3YsUMbN27Uxo0b9dlnnyk/Pz+ga90zXA4cOCBJWrNmjec5m82mwYMHa8SIERoz
ZoyuvPJKWa1W3wYaawJDdFep1blSTHfJ1lGK8gqeTIdkz5MqcqSKI1LFj1LpHkmNMWCv/v2QkZGh
NWvW6KOPPtJnn33mCf3OxDAM9enTR0OGDNEVV1yhsWPH6qyzzgp2h8OuqKhIX3zxhbZs2aJt27bp
+++/1/79+1VUVHTGa2NjY9W7d2/17t1bgwYN+v/s3Xd01GXe/vErhZJASAECEQKJdEOJ0ps0g1JF
sMDaEF1cFkRc+w9UXGw8uthZRHRFiopSFXFBKdJB6aEEMUCIEDAJEJKQOr8/eOARMzOZZO6ZySTv
1zmcY77znc/9mWQ4Mlfuog4dOqh9+/aqV6+eGzoHAHgbH4un43sAQJlx/PhxffPNN1q3bp02btyo
5OTkUtWJiYnRvn37nOrjjTfe0Ny5c5Wenl7qOs6qW7eu7r//fj300ENq3Lixx/qQpIKCAq1bt04L
FizQ4sWLdfr0aZePWatWLQ0ZMkQjRoxQr1695OPjI6Uuk3591DUDBjaXat4hhfSVqpbwg35eupSx
VTq/SUpfcSkAcYXq7aQWX+rcuXOaNWuWZsyYoV9++cVIaR8fH3Xq1EmPPPKIhg0bZnMJ1ddff63B
gwc7Pd6kSZM0ZcoUp+tYk5ycrC+++EKLFy/W1q1blZeXZ7R+TEyMBg4cqMGDB6tLly5GawMAvBcB
BwBUcCkpKfr00081b9487d6920jN0gYcaWlpeuWVV/T+++/bnB3iCT4+Purfv79ef/11tWjRwq1j
JyQk6L333tOCBQuuWu7gbs2bN9ff//53PXhrTQWmTDRbvOq1Uv2JUmhvM/Us+VLq11LyW1LucTM1
/1dW5U566sOamj17tkMzEEorKipKr7/+um6//fYij5XVgMNisWjlypV6++239d///leFhe45Urh5
8+Z66KGH9MADDygsLMwtYwIAyiYCDgCooHbs2KGpU6dq8eLFxn+7Ghsbq507d5boOatXr9a9996r
3377zWgvJvn7+2vMmDF67bXXFBgY6NKx1q5dq2nTpmn58uVu+6DoiGqBVfTy+MYaMzhHlf3znS9Y
e4TU8AXJp4rztf7MkiP99p7023RJzn8PdxxroJse2qr0cznO9+agW265RbNnz1Z4ePiVa2Ux4Fi5
cqWeffZZ7dixw0i90qhRo4YeffRRPfbYY+zdAQAVVNlbWAwAcKn9+/drwIABatu2rRYsWGA83JAu
baZYEi+++KLi4uLKdLghXdq3491331XXrl119OhRl4xx4MAB9enTR7169dLXX39dpsINScrMytGE
1+LVZOhRbdnnZMDR4Dkp6hXXhBvSpbr1HpeafCj5BjhV5/WvaqrtHT+6NdyQLu2REhsbq02bNrl1
XEclJSVp8ODBuvnmmz0abkjS+fPnNWXKFDVp0kT/+c9/PL6JKgDA/Qg4AKCCyMrK0oQJE9SmTRt9
++23Lh3L0YDDYrFowoQJmjx5cpn7IG/Prl271L59e8XHxxurmZWVpcmTJ+v666/X6tWrjdV1leOn
8tX9ryc0bf750hW4ZrxUZ5TZpmwJ6S01/kDyKfne6hbfGvrrm8F66n9+dkFjjjl58qTi4uKubIZr
irMBwPz58xUTE6Ovv/7aUEdmpKamatSoUerTp0+ZD00BAGYRcABABbB161bFxsbq7bffVn6+gWUF
xXA04Hj88cf19ttvu7gb1/j999/Vr18/nThxwulae/bs0fXXX68XX3xROTnunSHgjPwC6fG30vTE
22kq0WflkN5SvcdKNNaJEye0ceNGLV26VD/++KMSEhJK1mxwd6n+kyV6SqFfiO6aXKhZ87eVbCwX
yMrK0m233aYlS5Z4uhUVFBRo/Pjxuvvuu5WRkeHpdmxas2aN1wSGAAAzCDgAoJybP3++evbsqcOH
D7ttTEcCjs8//1xvvvmmG7pxnaSkJN1xxx1OzT75+uuv1blz55J/YC9D/jXvvB5707FjauUXIkW9
6tCtqampeuGFF9SiRQtFRkaqW7duGjJkiHr06KFmzZqpfv36Gjt2rH799VfHxq77kFStlUO3FvrW
Uv/HLujLb0p/GpBp+fn5Gj58uFatWuWxHnJzczVixAi9++67HuuhJE6fPq2+ffvqP//5j6dbAQC4
AQEHAJRjkyZN0t133+32E0n8/PzsPv7LL79o9OjRburGtbZs2aKZM2eW6rmfffaZhg4dqqysLMNd
ud/bn5/Xv+Y5sFwl4u9SpfBib3vvvfcUHR2tf/7znzp48KDVe5KTkzV9+nQ1a9ZMjz/+uHJzc4up
6ntpT47i+FTW39/y139/NHP8q0k5OTkeCxfy8/N1++2368svv/TI+KVVUFCghx56SDNmzPB0KwAA
FyPgAIByatKkSXr55Zc93YZVTz75ZJme2l5SEydOLHFIsWLFCt1///1uWTLkLk+/m6b1u+xsWusX
JNUebrdGfn6+/vKXv+iRRx5x+D2Sn5+vadOmqUePHjp37pz9m4NvvHQsrR2zVjXSB3O3ODR2RfLw
ww+Xuf02HFVYWKixY8dq4cKFnm4FAOBCBBwAUA699tprHg037G1euHnzZi1dutSN3bheWlqavvji
C4fvP3bsmO655x6XnGDjSQWF0oiJp3Q+y8f6DWEDJf8guzUeeughffbZZ6Uaf8uWLbr11luL2cfE
RwrpZ/PRQ+c666//b0Wpxi/Ppk+fro8//tjTbTilsLBQ9957r7Zu3erpVgAALkLAAQDlzNKlSzVx
4kSP9mAv4HjhhRfK5fGNs2bNcui+goIC3XXXXUpLc3DPCi+TfKZAT7z1u/UHgzrbfe68efM0e/Zs
p8Zft26d/ud//sf+TcHdrF4u8I/QzaO+d2r88mj37t36xz/+4ek2jMjOztaIESOKn+kDAPBKBBwA
UI4kJydr1KhRHj9y1VaAcfz4cf3www9GxwoLC9Mdd9yhd955R2vWrFFycrLS0tKUkZEhi8WizMxM
7du3T8uWLdObb76pYcOGKSQkxGgP0qWTai5cuFDsff/+97/L/W+QP1qWoe0HrMxOqd7O5nNyc3P1
xBNPGBn/1Vdf1alTp2zfENjS6uU3vgzWsaQzRnrwBo4EjQUFBRo9erRXne5TnMTERD3yyCOebgMA
4AIlPxAeAFBmjRw5skzMDLD1wWn27NnGwpewsDDNmDFDt956qypXrmzzvsDAQMXExCgmJkaSNGHC
BBUUFGjr1q1asGCBZs2apczMTKf7KSgo0E8//aSePXvavOfChQt68cUXnR7LHl9fX7Vt21ZdunRR
q1atFB4eroCAAElSZmamDh8+rH379mnlypU6efKkS3ooLJSefS9V379f9+oHKte2+ZxvvvnGfihR
AtnZ2fr88881YcIE6zf4V5f8a0j5/7cpalphBz37mndtnuksHx8bS4n+YNasWdq2zfPH5Jo2Z84c
jRo1yu7fVwCA9yHgAIBy4quvvtL335eN6fW2Ao7ly5cbqe/r66v58+fr5ptvLtXz/fz81KVLF3Xp
0kWPPPKIbrnlFv3yi/MnZuzatcvuB6YPPvhAv/9uY/mGk6pXr64JEybowQcfVFRUVLH3WywWbdiw
QdOmTdPSpUuNLxv6YftFbdiVo26xVS5d8K0m+dj+Z8eKFWb3vfjmm29sBxyS5FfzqoDj0dePumzp
VFhYmPr3768bb7xRTZs2VWRk5JXHUlJSlJSUpM2bN2vNmjXavXu3S3qwprjXm52drSlTprhs/A4d
OqhPnz7q0KGDmjZtqsDAQAUHB+vMmTM6ceKEtm7dqqVLl2r79u0umZX26KOPaseOHcWe+gQA8CIW
AIDXy83NtTRq1MgiqUz86devn9U+mzdv7nTt8PBwy5dffmn0+7dt2zaLr6+v071NmjTJ5hiFhYWW
Jk2auOT7PWTIEMtvv/1W6te/Zs0al7x/bu0RaLFsi7r0Z0dbuz307t3b6NhRUVH2X/T+oVd6O/nj
QJf8XKKjoy0fffSRJTc31+Gfxc6dOy0PPPCAkfdjcX8mTpxot5f33nvP+Jg+Pj6WBx54wLJnzx6H
vye7d++23HrrrRYfHx/j/cyfP9/hPgAAZR8zOACgHPj888915MgRT7ch6dLsikGDBll97IsvvtAP
P/yg3NzcK9dCQkKsTpU/f/68CgoKrrovMjJSvXr1urLkwpT27dvr+uuv188//+xUHXvLgzZv3qzD
hw87Vd+ayZMn6/nnn3douYEtPXv21LZt2zRw4EBt3rzZWG/frM9S0mmLIsN9JNnvz/TMlmKX3/j9
32kuL35w2ujYPj4++tvf/qZ//etfJX6vxsbG6uOPP9bYsWN1//33Kz4+3mhvf+Tra3srNovFovff
f9/oeE2aNNHHH3+sbt2sb/JqS+vWrbVkyRItWbJEDzzwgM6ePWusp9dff10jRowwVg8A4FkEHABQ
DvzrX/9yWW0fHx+1adNG3bt3V4cOHRQdHa3IyEgFBV193Gdubq4yMzNVu3btIo9d1rp1a7Vu3dpl
vTqjWbNmTgcc9jYZNbU8548mTpyoF154wUitsLAwrVq1Sl26dNGePXuM1CwolD75+pyeezBE8rG/
r3l+fr6RMa+M/YdwzKr/XZ6RbblGM+ZtMjauj4+P3n33XY0dO9apOm3bttXmzZv1l7/8Rd98842h
7q5mb2nGjz/+qAMHDhgbq127dlqxYoVq1apV6hpDhgxRq1at1Lt3bx0/ftxIXzt37tTatWvZiwMA
ygkCDgAoB1yxbj8kJERjxozRqFGj1LhxY+P1y5qUlBSna9jbJ8D0/ij9+vUzvj9CtWrVtHDhQt1w
ww3KyMgwUnP+fzMvBRzFzOAwHXA4umfD0g1Gh9Urr7zidLhxWVBQkBYuXKj+/fsbP31Isj+DY8GC
BcbGue666/TDDz+oRo0aTtdq1KiRVq5cqRtvvFGnT5uZeTNnzhwCDgAoJzgmFgBQxKhRo5SQkKBX
XnmlQoQbCQkJWrt2rdN1LDY2bczLyzMaQgUHB2vWrFlOLUuxpXHjxnr22WeN1Tt4NE/HTvlIPvY3
cix2xkUJFRtw+Fz6Wb00faexMfv376+nn37aWD1Jqly5shYtWqSGDRsarSvZnsFRWFioxYsXGxmj
atWqmj9/vpFw47JmzZrps88+M/b+/+qrr5SdnW2kFgDAswg4AABX+Pn5afr06froo49Uu7btIz3L
kxMnTui2224z8gHbVsCRkJCgnJwcp+tf9uijj+qaa64xVu/PHnvsMaP1v914XoWF1r83l5kOOKTi
Q45zeeGKP2Lmg23VqlU1Y8YMl4RONWrU0EcffWS8tq0ZHBs3bjR2hPAzzzyjNm3aGKn1R71799bD
Dz9spNb58+e1fv16I7UAAJ5FwAEAuOL111/XmDFjPN2GW+Tl5emDDz5Q27ZttX//fiM1bQUciYmJ
RupLUkBAgB577DFj9aypWrWqHnroIWP1tsXn6GJOnt173B5wWAr08wFzgcG4ceOuOv7VtD59+qh/
//5Ga9qawWFqz4+QkBD7R/U66aWXXlK1atWM1HLFEiAAgPsRcAAAJEmDBg1y+QdnT7NYLNqzZ4+e
e+45NWnSRH/729+MreO/XN+a3377zdgYAwYMUEhIiLF6tvz1r3+1uwllSew7kqe8vLIWcPho4Soz
G1X6+flp/PjxRmrZM2nSJKP1bP18N27caKT+6NGjFRwcbKSWNTVr1tSDDz5opNaaNWuM1AEAeBab
jAIA5Ovrq5deesnTbRh18uRJ/frrr0pMTFR8fLz27dunzZs3KzU11WVj2go40tPTjY1xxx13GKtl
T/369dW3b1+tWLHC6Vr7E3OVk2d/uYjpTUYl+wFHTu5FfbfhjJFx+vfv79LZG5d16tRJzZs318GD
B43Us7ZEJScnx+nThC4bOnSokTr2PPzww3rnnXecrmPq5CAAgGcRcAAA1Lt37zJ7fKstubm5Onz4
sA4dOqRff/1VR48eVWJi4pU/Fy9edHtPtgIOUxsY+vr66pZbbjFSyxEDBw40EnBkXbToZGplhdu5
x90zOM5l5CjxNzOhyl//+lcjdRwxdOhQvfLKK0ZqWQs4duzYYeTvzjXXXKMOHTo4Xac41113naKj
o51eBmZyjxwAgOcQcAAANHjwYE+3YFdhYaH27NmjtWvX6scff9S+ffuUmJjokt/6O8NWwGEqbGnU
qJHR0yiKM3DgQGNHnianVpG9rSbdHXAkn/GTjR9XiQQEBCguLs75Qg66+eabjQUc1paomDrtp1u3
bi7ZcNWaW265Rf/+97/dMhYAoGwj4AAAqGvXrp5uoYjs7GwtX75cX3zxhVavXq20tDRPt1QsVwcc
rjiNwp4GDRqoSZMmOnz4sNO10i7Y38+j2GNdS8FezcRTZsbr0aOHqlataqSWI9q1ayd/f38j4Z61
gOPo0aNO15Uu9ekuLVu2dNtYAICyjYADAKBGjRp5ugVJlwKCVatWac6cOVq6dKkyMjI83VKJuDrg
aNKkiZE6JdGmTRsjAce5TPsBhytm49g6BlWSklLMzC646aabjNRxVGBgoJo1a6b4+Hina7ky4HDn
kremTZu6bSwAQNnGKSoAUMGFhIS49KQDR+Tl5enDDz9U8+bNdfPNN2vu3LleF25ItgMOU7MTrrnm
GiN1SqJVq1ZG6lzIsT/Lwd3LjY6cyDVSxxN710RHRxupU7ly5SLXjh07ZqS2qR4dQcABALiMGRwA
UMHVqlXLo+N//fXXmjBhgn799VeP9mGCrT0HTAUcdevWNVKnJEzNGsm8WMXu467Yg8PeHhCHj5nZ
+LV58+ZG6pREw4YNjdSxFnCcP3/e6bq+vr5q0KCB03UcVb9+ffn5+bnkPQQA8C7M4ACACi4sLMwj
4164cEEjRozQ4MGDy0W4IVn/wCiZCzhq1qxppE5JmHp/5BbaDzhcsQeHvYAj7ZzzAUdAQIDq16/v
dJ2SMhV0ValS9Gdi4ucQFBTk1n1JfH19FRIS4rbxAABlFzM4AKCC88QHg6SkJPXr18/IPgJliasD
jtDQUCN1SsLU+yPLzjYkBQUFNpf3OMNewJGVleV0/Ro1arjtpJA/MvUzsRZCmJgFERQU5HQNAABK
g4ADACo4Wx/KXeXkyZPq06ePkY0rTfD391elSpWUne38b/RtfS9NfXj3xAdHU++Pcxds73nhiaUF
JjZ+DQgIMNBJyZk6Ktjaz9ZEGBcYGOh0jZLKyclx+5gAgLKHJSoAALfJz8/X7bff7vFwo0WLFho/
frxWrFih8+fP6+zZs4qJiXG6rqtncHgiCDCxJ4MkXcjKs/mYq16XvdkVubnObzLq7nDwMlM/E2tL
VExw94axkrmTigAA3o0ZHAAAt3nttde0adMmt4/bokUL9ezZUz169FDPnj1Vp06dIvd07tzZ6SUz
rg44zp49a6ROSZg6zabQUsnmY54IOEyEE+fOnXO6Rmn8/vvvRuq4KuBw92yKgoICj4QqAICyh4AD
AOAWJ0+e1GuvvebycUJCQtSuXTu1b99e7dq1U9euXa0GGn9mYrlBeQw4Tp06ZaSOvY0xPTEzxcQm
mKmpqbJYLG7fh8NUwGHt/Woi+HH3+zQzM9Ot4wEAyi4CDgCAW0yZMsUlH0Rq1aqlAQMGqEePHurW
rZsaN25cqg+cJn6b7eqAIzk52Uidkti/f7+ROhERETYfc8UGo5L9GRwmAo78/Hz9/vvvql27ttO1
SiIpKclIHWvv+dq1a+vAgQNO1c3MzFRGRobb9ow5efKkW8YBAJR9BBwAAJf7/fff9dFHHxmt2b9/
f40bN05xcXHy93f+f2cmZhHYmgVi6gO8qQ+2JWHqpBt7MzhcFXDYe1+YOolk79696t27t5Fajjp2
7JiROtYCDkdmOzkiOTlZzZs3N1KrOKZmGQEAvB+bjAIAXG7+/PlGNnWUpAYNGmjNmjVavny5+vXr
ZyTckKQLFy44XaN69epWr5uawfHLL78YqeOogoIC/fzzz0Zq1atXz+Zjrgo4fH1t/zPHXj8lsXPn
TiN1HFVYWKjExEQjtVwZcDg7C6Qkjh8/7raxAABlGwEHAMDl5syZY6RO06ZNtXnzZvXs2dNIvT/6
7bffnK7h6oBj69atRuo4atu2bUpNTTVSy94pNa4IOOyFG5J0zTXXGBnH3T+ThIQEY6eoWFtSZSrg
MDXzxxG7d+9221gAgLKNgAMA4FLnzp3Tjh07nK5TpUoVLVy40NgH0z/79ddfna5hK+Aw9QH+8OHD
SktLM1LLEStWrDBSJygoSA0bNrT5uCsCDj8/P7uP169f38g4K1euNDY7yRHbt283VqtatWpFrtlb
SlQSJvssjqlZRgAA70fAAQBwqY0bNxqZwfDggw+qZcuWBjoq6vz58zp06JDTdWrUqGH1uqkZHBaL
RYsXLzZSyxFfffWVkToxMTFuP2mkuIDD1Hvp3Llz+vHHH43UcsS6deuM1KlataoCAwOLXL/22muN
1N+wYYOx9709ubm5BBwAgCsIOAAALmVqqvp9991npI41P/74o5EPY7am95v8oDdr1ixjtexZt26d
sX0U2rRpY/dxTyxRiY2NNRa6fPnll0bqFCcvL09LliwxUissLMzq9RYtWhipn5aWpr179xqpZc/a
tWuVkZHhdJ3Q0FAD3QAAPI2AAwDgUiaOcKxUqZJuuOEGA91YZ2qmgjsCji1bthhZ8lOcmTNnGqtV
3CkjnliiUqNGDTVq1MjIWHPnzlV6erqRWvasWrXK2J4otpZ6RURE2Aw/SmrZsmVG6thjKvDp0KGD
kToAAM8i4AAAuNSZM2ecrhESEqJKlSoZ6KaoM2fOaMGCBU7X8fPzU3h4uNXHTE/Vf+KJJ4zW+7OE
hARjsxL8/Px00003GalV0nGL06lTJyNjZWVlafbs2UZq2WMydLIX7pj6vrh6OVV2draxcNLdR/0C
AFyDgAMAKjhX743gyAfN4mRnZxvoxLqpU6caqV+rVi2br9X0DIU1a9Zo3rx5Rmv+0dNPP628vDwj
tTp06FDsjABPLFGRpL59+xob7+2339bFixeN1fuzXbt2GZ0R0bhxY5uPdenSxcgYO3fudOkxurNn
zzYSoErySAgHADCPgAMAKrgqVaq4tH7VqlWdrnHhwgWlpKQY6OZqe/bs0bvvvmukVoMGDWw+5orN
FseMGaOEhATjdf/zn/8Ym/YvSf369Sv2Hk8sUZGkuLg4YwHf0aNH9eabbxqp9WeFhYV65JFHjH6f
2rdvb/Mxk7MZ3nrrLWO1/uj8+fOaPHmykVqNGzfW9ddfb6QWAMCzCDgAoIKrXLmyS+ubPI7TpPT0
dN1xxx3Gjvi0dyqHKwKOjIwM9e3bV8ePHzdWc926dRo3bpyxen5+fg5tDuupgKNu3bqKjY01NuaU
KVNccqLH1KlTtWHDBqM1O3bsaPexiIgII+PMnTvXJafMPProo8ZCz/vuu8/tp/wAAFyDgAMAKjhX
7W1x2XXXXWekzltvvWUsKEhPT1e/fv2MzoCw9xtxV3yAl6Rjx47pxhtv1Pbt252u9fXXX2vAgAHK
ysoy0Nkl/fv3V8OGDY3VKwlHl0aNGDHC2JjZ2dkaOnSojh49aqzmvHnzNHHiRGP1pEthXN26dW0+
7uvrq8GDBxsZq7CwUA8++KBOnz5tpJ4kzZgxQ5988omRWj4+PrrnnnuM1AIAeB4BBwBUcK6ewWHq
9JMdO3bohRdecLrOzz//rA4dOmjr1q0Guvo/N998s83HXDGD47Jjx46pe/fuevHFF3XhwoUSPz81
NVWPPPKIbr31VmVmZhrtbcyYMQ7d56k9OCTp3nvvlb+/v7Fxjx8/ri5duhgJnV5//XXdd999xr8/
t956a7H3PPTQQ8bG++WXX9SnTx8jMy4+/vhjo7OMunfvrujoaGP1AACeRcABABWcqwOOqKgou8s3
SuKll17SP/7xj1Jt5njixAmNGzdOnTp10i+//GKkn8vatm2ra6+91ubjrgw4JCknJ0eTJ09W48aN
9dRTT2nXrl12x7RYLNq8ebMmTJig6Ohovffee8Y/RDdu3Nhu6PPnfkxzdAZH3bp1HdonpCROnjyp
Ll266IknnijVsa67du1Sr1699NRTT7nkvTN8+PBi72nXrp06d+5sbMx9+/YpNja21Pu75OTkaMKE
CXrooYdUUFBgrK+xY8caqwUA8Dwfi6vmzQIA3MaZ9eOPPfaYpk2bZrCboiZNmqSXX37ZWL2oqCiN
GzdOQ4YMsXvc5dGjR7Vu3TotWrRI3333nbH9Nv7sgw8+0OjRo20+3r17d+N7KBQnKChIrVu3Vr16
9RQSEiLp0tKcpKQk7du3r1SzPUpi/vz5Di//SE5ONrZXy2WNGjVyOMj64YcfXHaKRtWqVXXXXXep
f//+6tGjh+rUqVPkHovFogMHDmjDhg2aO3eu1q9f75JeJKlXr15avXq1Q/cuXrxYQ4cONd5D3759
9dRTT6lXr17FzrTJy8vTl19+qeeff15Hjhwx2kfz5s0VHx/v8GwfAEDZR8ABAAeaJO0AACAASURB
VOWAMwHH008/rddee81gN0UlJSWpUaNGxo4e/aPatWvr2muvVVBQkCSpoKBAqampSkxMVEZGhvHx
/iwyMlIJCQl2T4vp1q2bNm7c6PJeyor27dtr69atDr8vT5w4ocjISKM9NGnSpER7rPTq1Utr1641
2oM1QUFBatiw4ZXTi1JTU3Xq1CmXHjH7R999953DM2skqUePHi7ZJFS6dPLQwIED1bVrVzVt2vTK
ccKpqak6ePCgNmzYoK+//lonT550yfhfffWVhg0b5pLaAADPMLfoFADglVy9yah0KQS48847NW/e
POO1z5w5ozNnzhiv66h//vOfxR6Fa3JKfVnn7++v6dOnlyh08+QSlcteeukldevWzXgff5aRkaF9
+/a5fBxrevfuXaJwQ5L+9a9/qVOnTi55Dx8/flzTp0/X9OnTjdcuTs+ePQk3AKAcYk4eAFRwoaGh
bhnn5ZdfVmBgoFvGcpe+ffvq/vvvL/a+ijRZ8oknnlC7du083UaJA46uXbs6tDeFt6pevbo++OCD
Ej+vXbt2evbZZ13QkecEBgZqxowZnm4DAOACBBwAUMHZOy7SpIYNG+q5555zy1juUL9+fc2ePduh
mQqu3mS0rOjUqZNefPHFEj/P5Ckml11eslQS06dPN74XSFnx/vvvq3HjxqV67gsvvOCW2S3uMnXq
VDVr1szTbQAAXICAAwAqOHd+oHvyySddtpmjOwUHB2vp0qUOh0MVYQZHRESEFi5cWKpTecLDw0s8
46I4pXlfh4aG6pNPPil3m05OnDhR9913X6mf7+/vry+++EINGzY02JVn3H333UaPmQUAlC3l6//g
AIAS8fHxUatWrdw2np+fnz7//HNFR0e7bUzTQkND9d///lc33HCDw88xtX/BhAkTjAcBJoSEhGjF
ihW65pprSvV8Pz8/40HbddddV6rn9enTR2+//bbRXjzpscce05QpU5yuc80112jFihWqVauWga48
o1u3bvrwww893QYAwIUIOACgAmvUqJHb9uC4rGbNmlq9erVXhhyNGjXSpk2b1LFjxxI9z9QSlZEj
R2rOnDllKuQICQnR8uXL1aZNG6fq9OvXz1BHlwwaNKjUzx03bpxeffVVg924n7+/v9566y1NmzbN
qVOW/qhFixZas2aN1aNuy7oOHTpo+fLlCggI8HQrAAAXIuAAgArs9ttv98i4UVFRWrt2rWJiYjwy
fmnce++9+vnnn9W8efMSPzc/P99ID5UrV9aIESP02WefueX0m+JERERozZo16tKli9O1TG7w2bJl
S7Vt29apGs8884xeffXVMhUmOeraa6/V+vXr9eijjxqv3bJlS23YsKFUfw88JS4uTt9//71q1Kjh
6VYAAC5GwAEAFVSVKlX04IMPemz8Bg0aaPv27Ro1apTHenBE48aN9c033+jTTz9VcHBwqWqY2oPj
8macd9xxhxYsWKDq1asbqVsaPXv21M8//6zY2Fgj9Xr06FHiI0xteeWVV4zMWnjmmWf0/fffKyIi
wkBXrle5cmWNHz9eu3fvVqdOnVw2TuPGjbV582anZsm4g4+PjyZMmKBvvvmmVJvOAgC8DwEHAFRQ
zz33XKlPVTAlICBAH330kT7//PMyd3rF9ddfr7lz52r//v0aMGCAU7VM7cHxx1kbQ4YM0ebNm9Wk
SRMjtR1VtWpVvfTSSy754P/uu+8qLCzMqRr333+/0Q/el4OcW265xVhN06pUqaK///3vOnz4sN5+
+223BF8hISFaunSppk+f7tGgzZZ69epp2bJlevPNN0u18S0AwDsRcABABRMYGKipU6dq4sSJnm7l
irvuuksHDx7U5MmTVbt2bY/1ERgYqCFDhuiHH37Qjh07dPfddxtZCuKKgEO6tFxg27ZtbltqNGjQ
IO3du1cTJ050ydKNJk2aaNGiRapWrVqpnt+7d2/NmDHDcFeXluKsWLFCy5Ytc3qvEZNatmypN954
Q0ePHtX777+vBg0auHV8Hx8fjRkzRgcPHtSIESOM7fXhjKpVq+of//iH9u/fr4EDB3q6HQCAm/lY
KsLZdQBQzrVr1+7Kf+fl5enChQuSpIyMDAUGBiokJERRUVG68cYbNWLEiDI95T47O1tz587VvHnz
tGHDBmPhgC1RUVHq16+fBg4cqF69erlkE8JGjRrp119/dbpOSkqKwsPDrT72/fff66WXXtK6deuc
HueP/P39NWjQID3zzDPq0KGD0dq27Nu3T8OGDVNCQoJD9/v4+Gjs2LGaNm2ay/cmsVgs+u677/Tp
p59q2bJlysrKcul4f1arVi0NHz5c999//1V/78uCPXv26OWXX9aSJUuUm5vr1rFr1KihkSNH6skn
nyxzs8EAAO5DwAEAKLN+//13ffvtt9q+fbt27Nihffv26fz58yWuExoaqoiICEVERKhJkyZq1aqV
WrZsqZYtWzq9JMIRUVFROnbsmNN10tLSij315siRI1q6dKmWLVumjRs3lmqDUz8/P3Xt2lWDBg3S
3Xff7ZFALDc3V7NmzdK0adN05MgRq/dUqlRJffv21Ysvvuj0pqKlkZmZqaVLl+qrr77Spk2blJKS
YnyMypUrq2vXroqLi1NcXJxuuOEG+fqW7Qm4v//+u+bNm6ePP/5Ye/bscdk4fn5+6tWrl+68804N
Hz6cfTYAAAQcAADvkpWVpVOnTunUqVM6c+ZMkd8UBwYGqkaNGgoODlZwcLDCw8M9fjRkgwYNlJSU
5HSdjIyMEu13kJ2drV27dmnnzp06fPiwjh49qt9++03Z2dnKzMyUr6+vgoODFRYWpgYNGqhJkyZq
166d2rVrV+oNVV3h4MGD2rBhg3777TdlZmYqPDxcUVFR6tOnj0JCQjzd3hXHjh3T1q1btXXrVm3b
tk0HDhxQamqqw8/39fVV/fr11aZNG11//fXq2LGjevToUeolO2VBQkKC1q9frx9//FHr169XYmJi
qWtVr15drVu3Vtu2bdWrVy/17NnT7cdcAwDKNgIOAABcrF69evrtt9+crpOTk8OGiV7m/PnzOn78
uM6cOaO0tDSlp6ersLBQ0qX9Ii4HcfXr11eDBg3K/c/3/PnzOnbsmI4ePaqjR4/q5MmTV74f6enp
V0K30NBQ1ahRQzVq1FCDBg0UFRWlevXqlfnZKwAAzyLgAADAxerWrWtk+UJBQQEf8AAAAGzgX0kA
ALjY5d9QO8PPz49wAwAAwA7+pQQAgIuZOAnG1aeDAAAAeDsCDgAAXMzEDA4CDgAAAPsIOAAAcDFm
cAAAALgeAQcAAC7GDA4AAADXI+AAAMDFmMEBAADgegQcAAC4GDM4AAAAXI+AAwAAF2MGBwAAgOsR
cAAA4GLM4AAAAHA9Ag4AAFzIYrHIYrE4XYeAAwAAwD4CDgAAXMjE8hSJgAMAAKA4BBwAALiQieUp
EgEHAABAcQg4AABwIVMzOGrWrGmkDgAAQHlFwAEAgAuZmsHRsGFDI3UAAADKKwIOAABcyNQMjptv
vtlIHQAAgPKKgAMAABcyMYMjKipKcXFxBroBAAAovwg4AABwIWdncPj4+OiNN95QlSpVDHUEAABQ
PhFwAADgQs7O4Hj++ec1bNgwQ90AAACUX/6ebgAAgPLMYrGU6nnBwcGaNm2aRo0aZbgjAACA8snH
Utp/eQEAgGLl5+crMjJSp06dKvZeX19ftWnTRrfddpv+/ve/czQsAABACRBwAADgYmfPntWRI0fs
3lOjRg01bNhQlStXdlNXAAAA5QsBBwAAAAAA8HpsMgoAAAAAALweAQcAAAAAAPB6BBwAAAAAAMDr
EXAAAAAAAACvR8ABAAAAAAC8HgEHAAAAAADwegQcAAAAAADA6xFwAAAAAAAAr0fAAQAAAAAAvB4B
BwAAAAAA8HoEHAAAAAAAwOsRcAAAAAAAAK9HwAEAAAAAALweAQcAAAAAAPB6BBwAAAAAAMDrEXAA
AAAAAACvR8ABAAAAAAC8HgEHAAAAAADwegQcAAAAAADA6xFwAAAAAAAAr0fAAQAAAAAAvB4BBwAA
AAAA8HoEHAAAAAAAwOsRcAAAAAAAAK9HwAEAAAAAALweAQcAAAAAAPB6BBwAAAAAAMDrEXAAAAAA
AACvR8ABAAAAAAC8HgEHAAAAAADwegQcAAAAAADA6xFwAAAAAAAAr0fAAQAAAAAAvB4BBwAAAAAA
8HoEHAAAAAAAwOsRcAAAAAAAAK9HwAEAAAAAALweAQcAAAAAAPB6BBwAAAAAAMDrEXAAAAAAAACv
R8ABAAAAAAC8HgEHAAAAAADwegQcAAAAAADA6xFwAAAAAAAAr0fAAQAAAAAAvB4BBwAAAAAA8HoE
HAAAAAAAwOsRcAAAAAAAAK9HwAEAAAAAALweAQcAAAAAAPB6BBwAAAAAAMDrEXAAAAAAAACvR8AB
AAAAAAC8HgEHAAAAAADwegQcAAAAAADA6xFwAAAAAAAAr0fAAQAAAAAAvB4BBwAAAAAA8HoEHAAA
AAAAwOsRcAAAAAAAAK9HwAEAAAAAALweAQcAAAAAAPB6BBwAAAAAAMDrEXAAAAAAAACvR8ABAAAA
AAC8HgEHAAAAAADwegQcAAAAAADA6xFwAAAAAAAAr0fAAQAAAAAAvB4BBwAAAAAA8HoEHAAAAAAA
wOsRcAAAAAAAAK9HwAEAAAAAALweAQcAAAAAAPB6BBwAAAAAAMDrEXAAAAAAAACvR8ABAAAAAAC8
HgEHAAAAAADwegQcAAAAAADA6xFwAAAAAAAAr0fAAQAAAAAAvB4BBwAAAAAA8HoEHAAAAAAAwOsR
cAAAAAAAAK9HwAEAAAAAALweAQcAAAAAAPB6BBwAAAAAAMDrEXAAAAAAAACvR8ABAAAAAAC8HgEH
AAAAAADwev6ebgAAAAAAAKAkcnJylJKSopSUFKWlpSk7O5uAAwAAAAAAeI+8vDx99913ysvLu+o6
AQcAAAAAAPAKFy5c0PHjx5WXlyd/f39Vr15dVatWlb+/v3wsFovF0w0CAAAAAADYc+7cOSUkJCg5
OVnh4eGqXbu2QkNDVa1aNVWqVIkZHAAAAAAAoGzLzMy8Em7k5+erdevWCgwMlI+Pz5V7CDgAAAAA
AECZlZeXp2PHjunEiRMqKChQeHi4qlWrVuQ+jokFAAAAAABlksVi0fnz53XkyBEVFBQoNDRUrVu3
tnovAQcAAAAAACiTCgsLlZiYqJycHFWpUkVNmzZVjRo1rN5LwAEAAAAAAMqk7OxsJScny8fHRxER
EapZs+ZV+278EQEHAAAAAAAok06dOqW8vDxVqVJFNWvWVEBAgM172WQUAAAAAID/lZ2draSkJKWk
pCg1NVUZGRm6ePGiCgsL5evrq6pVqyooKEg1a9ZUnTp1FBkZafdDN5xz+vRpSVJgYKBCQkLs3kvA
AQAAAACo0E6ePKl9+/bp4MGDSkpKKvHzIyMj1bx5c7Vs2VIREREu6LDiOnfunCSpcuXKxQZJBBwA
AAAAgApp165d2rp1q44cOeJUnaSkJCUlJWnVqlVq1KiROnbsqNjYWENdVmwXL16UJPn5+alSpUp2
7yXgAAAAAABUKHv37tXq1auVnJxsvPaRI0d05MgRrVu3Tr1791arVq2Mj1GRFBQUSJJ8fHzk62t/
G1ECDgAAAABAhZCWlqbly5dr7969Lh8rOTlZc+bMUatWrTRgwACFhYW5fMzyzNbJKX9EwAEAAAAA
KPd27dqlhQsXKicnx6H7Q0NDFR4ertDQUAUGBsrPz08FBQXKyspSenq6Tp8+rfT09GLr7N27VwkJ
CRo2bBjLVlyMgAMAAAAAUK6tWrVKq1atKva+mJgYXXfddWratKmCg4OLvf/cuXM6fPiw4uPjFR8f
b/O+nJwczZ8/X2fOnFFcXFyJeofjCDgAAAAAAOXWkiVLtGnTJpuP+/v7q3v37urcuXOxx5D+WXBw
sNq1a6d27drp7Nmz2rx5s9avX6/8/Hyr969atUqZmZkaMmRIicaBYwg4AAAAAADlUnHhRqdOndS3
b19Vr17d6bFCQkLUr18/de/eXStXrtSWLVus3ne5H0IO8wg4AAAAAADlzqpVq2yGG0FBQRo6dKhi
YmKMj1u9enUNHTpUzZo106JFi5SRkVHknk2bNqlatWosVzGMgAMAAAAAUK7s2rXL5p4b0dHRGjFi
RImXo5RUTEyM6tWrp88++0yJiYlFHl+1apVq167NxqMG2T9EFl7n008/VfPmza/86d69u817c3Jy
lJCQoNOnT5e53gAAAACgNNLS0rRw4UKrjzVr1kyjR492ebhxWUhIiEaPHq1mzZpZfXzhwoVKS0tz
Sy8VAQFHOZOVlaVDhw5d+ZOcnGz1vkOHDumGG25Qs2bNVKdOHb3xxhtlpjcAAAAAKK3ly5dbPQo2
OjpaI0eOlJ+fn1v78fPz08iRIxUdHV3ksZycHC1fvtyt/ZRnXhdwFBYWqlq1ak79ufHGGz39Mjxu
xowZ2r9//5Wvn3zySQIHAAAAAF5t79692rt3b5HrQUFBGjFihNvDjcv8/Pw0YsQIBQUFFXnMVs8o
Oa8LOCwWi7Kyspz6k5eX5+mX4XEpKSlFrqWnp3ugEwAAAAAwY/Xq1VavDx061G3LUmwJCQnR0KFD
rT5mq2+UjNcFHDCjQ4cOV30dHR2tqKgozzQDAAAAAE7atWuX1VnpnTp1cslpKaURExOjTp06Fbme
nJysXbt2eaCj8qVcnKISFRWlunXrOny/tbVPFc3DDz+s3NxcrVmzRtdcc40mTJhg5OxnAAAAAPCE
rVu3Frnm7++vvn37eqAb2/r27auffvpJ+fn5V13funUrJ6o4qVwEHI8//rjGjRvn6Ta8SkBAgJ56
6ik99dRTnm4FAAAAAJxy8uRJHTlypMj17t27l7lf5FavXl3du3fXmjVrrrp+5MgRnTx5UhERER7q
zPuxRAUAAAAA4NX27dtn9Xrnzp3d3IljbPVl63XAMQQcpZCfn19kOpGzLBaLcnNzjdZ0JYvFoosX
L6qgoKDUNXx9efsBAAAAcN7BgweLXIuJifH4xqK2hISEWN0XxNrrgOPKxRIVE9auXatVq1Zd+XrS
pEkKCAiQJF24cEGrVq3St99+q02bNunw4cPKy8tTvXr11LVrV/Xq1Uu33367atWqVaIx9+zZo6VL
l+rbb7/VgQMHdO7cOUVHR6tNmzYaMmSIBgwYcKXm+fPnNXXq1CvP7dWrl2666SZjrzcwMFATJ060
eX96erpWrlyp1atXa/v27Tpw4IAuXrwoSapTp45uuOEGxcbGqmvXrurcubPCwsKK7aFGjRpX/vvi
xYtas2aNli9frp9//lmHDh2Sr6+vIiMj1aFDB/Xo0UODBg2yeqwSAAAAgIorOztbSUlJRa6XlY1F
bbnuuusUHx9/1bWkpCRlZ2df+SyKkiHg+F8HDx7UK6+8cuXrO++8U23atNHatWs1fvx4q+cSJycn
a8GCBVqwYIGeeeYZzZgxQ8OHDy92rMzMTL388st69dVXizyWmJioxMRELVmyRA0aNNC7776rwYMH
68iRI1f1Fx4e7lTA8efXGx0dbTXgsFgs+uijj/T888/r5MmTVmulpKRoxYoVWrFihaRLYcnIkSP1
9ttvy9/f9lssODhYkrRjxw6NGzdOmzdvLnJPamqqdu3apZkzZ6p+/fqaOXOm+vXrV6LXCgAAAKD8
shZuSFKTJk3c3EnJNG3a1Or1pKQkm4/BPgIOG+Lj45WSkqKbb77ZofvPnTunESNGKD8/X/fcc4/N
+7Kzs/Xggw/qiy++KLbm8ePHdeutt2r27NmqVq2aw72b9Oyzz141c8QRWVlZys/PtxtuSJdCmp9/
/lm9evVSRkZGsXVPnDih/v37a8mSJbr11ltL1BMAAACA8iklJaXItdDQ0Cu/UC2rgoODFRoaqvT0
9Kuup6SkEHCUEgGHDbNmzdKePXuufB0REaF+/fopIiJCPj4+SkhI0LJly64s07js4Ycf1k033WTz
2NqXXnrJarjRrFkz9ejRQ0FBQUpJSdEPP/xwZcbE/fffr65duxp8dY5ZvXp1kXCjZs2auu+++9Ss
WTMFBwfrwoULOn78uNavX6+1a9deue+BBx4otv7x48c1fPjwK+FGnTp11K9fP9WrV8/u9/iBBx5Q
QkJCiZcEAQAAACh/UlNTi1wLDw/3QCclFx4eXiTgsPZ64BgCDhsuH9kTHBysd999V3fddZcqV658
1T3Hjh3T6NGjtXLlyivXsrKytGDBAo0fP75IzV27dl21LORy/RkzZuj222+/asZDXl6eli1bpkcf
fVTJycnauHGjyZfnkM8///yqr3v27KmvvvpKNWvWtHp/YmKivv32W+3YsUMdO3Ystv6WLVskSUFB
QXrvvfc0fPhwh77H6enp+vLLLzVmzJiSviQAAAAA5Yy12eChoaEe6KTkrPXpyOx2WFcuAo7Vq1cr
JyfH4ftHjx7t8GaVc+bM0aBBg6w+1rBhQ82ePVutW7fWmTNnrly/vG/Hn82cOdPh+pUqVdKwYcPU
uHFjderUqcgsBnfYtWvXVV8//PDDNsMN6dI+HmPHji3xOHPmzLG55MTW93j16tUEHAAAAACsflYK
DAz0QCclZ61PT3z2Ky/KRcCxePFiLV682OH777nnHocCjoEDB2rgwIF276lbt65GjRp11VKOPy7V
uCw9PV2zZ8++6tpdd91lMzy5rE2bNvp//+//6fnnny+2X1f7Y8BgSr9+/TR48GC791j7Hl+eYQMA
AACgYissLCxyzc/PzwOdlJy1Pq29HjjG19MNlGUjRoyQj49Psfe1a9fuqq/T09OLzCjZuXOnsrKy
rro2cuRIh/q47bbbHLrPtD9vbDN16lRt27bN6Bh/+ctfSvU9Tk1NLdGsHQAAAADlk69v0Y+1BQUF
Huik5Kz1ae31wDF85+y44YYbHLrP2rKNP4cZ+/fvL3KPI/tUSJfOb7a3NMRVhg4detXXycnJ6tix
o5588kn98ssvRsZo27atQ/c58j0GAAAAUPFUrVq1yDVv+axgrU9rrweOKRdLVJ5++mndcccdDt/v
6IYzkZGRDt1XqVKlYu85cuTIVV83a9bM4T58fHzUvn17fffddw7db8rAgQN15513asGCBVddf+ON
N/TGG2/o7rvv1siRI9WzZ89ij4S1xeT3GAAAAEDFY237gT+fTFJWWevT0f0iUVS5CDjq16/v8EwA
RwUFBalatWrG6v35jRsdHV2i53vimKPKlStr1qxZqlmzpv79738XeXzevHmaN2+eWrVqpbFjx2r4
8OElOms6KChI1atXN9kyAAAAgArG2mzv06dPe6CTkrPWpydm75cXLFGxwfSb6vz581d9XaNGjRI9
31MpXlBQkKZPn66VK1eqe/fuVu/Zu3ev/va3vykmJkYffvih8vPzHarNX1wAAAAAzqpTp06Ra+np
6Tp37pwHunHcuXPnrM7gsPZ64BgCDhsc2fiyJKpUqXLV17m5uSV6vqc3momLi9OaNWv0/fff21wO
lJycrNGjR+vuu+9WdnZ2sTVNf48BAAAAVDy2lr0nJCS4uZOSOXz4sNXrji7jR1EEHG7y56UbZ8+e
LdHzMzMzTbZTKn5+furTp48WLFigw4cPa8qUKapdu3aR+xYsWKDnnnvOAx0CAAAAqGgCAgKshgLW
DnooS+Lj44tci4yMVEBAgAe6KR8IONzkz3to7N69u0RHF505c8Z0S05p3LixJk2apEOHDumFF14o
8vg777yjpKQkD3QGAAAAoKJp3rx5kWvx8fEl/sWyu5w9e9ZqwGHtdcBxBBxuEhMTc9XX6enp+vXX
Xx16bmFhobZs2eKKtpwWGhqqyZMna+HChVddz8vL0+7duz3UFQAAAICKpGXLllavb9682c2dOMZW
X7ZeBxxDwOEm1t6o33//vUPP3blzZ5mbwfFnQ4cOVbt27a66VtZ7BgAAAFA+REREqFGjRkWur1+/
XhcuXPBAR7ZduHBB69evL3K9UaNGioiI8EBH5QcBh5tcd911at++/VXXXn/9dYd29p05c6ar2jLq
z2vFOL8ZAAAAgLt07NixyLX8/HytXLnSA93YtnLlSqsnT1rrHyVDwOEmPj4++utf/3rVtcTERI0b
N05ZWVlWn2OxWPT+++97LOCYPHmytm3bpsLCwmLv3bZtW5EUsnHjxq5qDQAAAACuEhsbq3r16hW5
vmXLFqv7XXhCfHy81e0H6tWrp9jYWA90VL74e7oBE1577bUShQCNGzfWokWLXNiRdffcc48+/PBD
bd++/cq1uXPn6tChQxo/frxiY2NVrVo1nT9/Xvv379enn36q7777zu19XrZo0SK9+OKLatGihe64
4w61a9dOLVq0UFhYmAIDA5WTk6Pk5GStXr1a//znP696bqdOndSmTRsPdQ4AAACgIurdu7fmzJlT
5PqiRYtUr149hYSEeKCrS86ePWvzc2jv3r3d3E35VC4CjuTkZCUnJzt8f7Vq1VzYjW0BAQH64IMP
FBcXp9TU1CvXt2/frnvvvdfm8x555BGdPn1aX3zxhTvaLOLAgQNFAgx7AgMD9c4778jHx8eFXQEA
AADA1Vq1aqVWrVpp7969V13PyMjQZ599ptGjR8vPz8/tfRUUFOizzz5TRkZGkccu9wznsUTFza6/
/np98803atCggUP333fffZo6darVvwhlUXR0tP773/8W2W8EAAAAANxhwIABqlKlSpHriYmJ+uST
T1RQUODWfgoKCvTJJ58oMTGxyGNVqlTRgAED3NpPeUbA4QGdOnXSjh079Nxzz6l+/fpW77nxxhu1
YMECffLJJwoICLC5T4crLVq0SFOnTlXXrl2Lvbdz5856//33tXPnTnXr1s0N3QEAAABAUWFhYRo2
bJjVxw4dOqSZM2fq7Nmzbunl7Nmzmjlzpg4dOmT18WHDhiksLMwtvVQEY6OoOAAAIABJREFUPhaL
xeLpJiqy3NxcHTx4UKdPn1Z2drbCwsJUr149RUVFXXVft27dtHHjxitfv/feexo7dqzb+kxLS1NS
UpLOnDmj7OxsFRQUKCAgQKGhoYqOjlbt2rXd1gsAAAAAFGfVqlVatWqV1ceCgoI0dOhQxcTEuGz8
+Ph4LVq0yOZs/Li4OMXFxbls/PLiq6++kiRFRkaqQ4cOdu8tF3tweLPKlSurdevWxd6XkpJy1dfu
3hwnLCyMZBEAAACA14iLi1NmZqY2bdpU5LGMjAzNnj1bnTp1Ut++fVW9enVj4164cEErV660elrK
ZV26dCHccAECDi+QlpamX3755aprNWvW9FA3AAAAAOAdhgwZIklWQw7p0hGyP/30k7p3767OnTs7
9Yvks2fPavPmzVq/fr3y8/Nt3telS5crfcEsAg4v8MMPPxS55sqpVAAAAABQXgwZMkTVqlWzuVwl
Pz9fa9as0Zo1axQTE6OYmBg1adJEwcHBxdY+d+6cEhIStH//fsXHxxd7P8tSXIuAw43y8vLk4+Mj
f3/Hv+1paWmaMmXKVdfat2+vyMhI0+0BAAAAQLkUFxen2rVra+HChcrJybF5X3x8/JWgIjQ0VOHh
4QoNDVVgYKD8/PxUUFCgrKwspaen6/Tp00pPT3do/CpVqmjYsGGKjY018npgHQGHGyUnJ2vAgAEa
M2aMevbsqRYtWtg9g/nw4cN6+OGHi5zh/Pjjj7u6VQAAAAAoV2JjY9WgQQMtX768yGcsa9LT0x0O
MOxp1aqVBgwYwJ6GbsApKm509OhRRUdHX/m6fv366ty5s5o1a6Y6deooMDBQ/v7+Sk9P15YtW/T5
558XqdGvXz8tXrzY6rnOAAAAAIDi7d27V6tXr1ZycrLLxqhXr5569+6tVq1auWyMioBTVLzEiRMn
9OWXXzp8f/v27fXxxx8TbgAAAACAE1q1aqVWrVpp165d2rp1q44cOWKsdqNGjdSxY0eWo3gAAYcb
BQQEqFWrVg5Nh/qjqlWravz48Zo0aZKCgoJc1B0AAAAAVCyxsbGKjY3VyZMntW/fPh08eFBJSUkl
rhMZGanmzZurZcuWioiIcEGncARLVNyssLBQu3fv1vbt2/XTTz/p0KFDOnDggM6cOXPlnsDAQEVF
RalLly7q2LGjBgwYwF8SAAAAAHCD7OxsJSUlKSUlRampqcrIyNDFixdVWFgoX19fVa1aVUFBQapZ
s6bq1KmjyMhIBQQEeLrtcqskS1QIOMqI/Px85eTkXPkL4+Pj4+mWAAAAAADwKPbg8EL+/v4lOj4W
AAAAAAD8H19PNwAAAAAAAOAsAg4AAAAAAOD1CDgAAAAAAIDXI+AAAAAAAABej4ADAAAAAAB4PQIO
AAAAAADg9Qg4AAAAAACA1yPgAAAAAAAAXo+AAwAAAAAAeD0CDgAAAAAA4PUIOAAAAAAAgNcj4AAA
AAAAAF6PgAMAAAAAAHg9Ag4AAAAAAOD1CDgAAAAAAIDXI+AAAAAAAABej4ADAAAAAAB4PQIOAAAA
AADg9Qg4AAAAAACA1yPgAAAAAAAAXo+AAwAAAAAAeD0CDgAAAAAA4PUIOAAAAAAAgNcj4AAAAAAA
AF6PgAMAAAAAAHg9Ag4AAAAAAOD1CDgAAAAAAIDXI+AAAAAAAABej4ADAAAAAAB4PQIOAAAAAADg
9Qg4AAAAAACA1yPgAAAAAAAAXo+AAwAAAAAAeD0CDgAAAAAA4PUIOAAAAAAAgNcj4AAAAAAAAF6P
gAMAAAAAAHg9Ag4AAAAAAOD1CDgAAAAAAIDXI+AAAAAAAABej4ADAAAAAAB4PQIOAAAAAADg9Qg4
AAAAAACA1yPgAAAAAAAAXo+AAwAAAAAAeD1/TzfgqPT0dE+3AAAAAAD/n707j6uyzP8//kYgASFE
U0TFNE0YV3JJzSzNfdRcMtMydVq0HNfJpZ+TOmXLtE01tpiaZaU2bpmNOkmppaGWGoaoaIaGSK6I
IEss5/eHD87Xm3OAc4DD4YbX8/Hg8eC6zn3f1+c+h3x0f851fS6gygkKCnJ3CA5hBgcAAAAAADA9
EhwAAAAAAMD0TLNExSxTYgAAAAAAQPljBgcAAAAAADA9EhwAAAAAAMD0SHAAAAAAAADTI8EBAAAA
AABMjwQHAAAAAAAwPRIcAAAAAADA9EhwAAAAAAAA0yPBAQAAAAAATI8EBwAAAAAAMD0SHAAAAAAA
wPRIcAAAAAAAANMjwQEAAAAAAEyPBAcAAAAAADA9EhwAAAAAAMD0SHAAAAAAAADTI8EBAAAAAABM
jwQHAAAAAAAwPRIcAAAAAADA9EhwAAAAAAAA0yPBAQAAAAAATI8EBwAAAAAAMD0SHAAAAAAAwPRI
cAAAAAAAANMjwQEAAAAAAEyPBAcAAAAAADA9EhwAAAAAAMD0SHAAAAAAAADTI8EBAAAAAABMjwQH
AAAAAAAwPRIcAAAAAADA9EhwAAAAAAAA0yPBAQAAAAAATI8EBwAAAAAAMD0SHAAAAAAAwPRIcAAA
AAAAANMjwQEAAAAAAEyPBAcAAAAAADA9EhwAAAAAAMD0SHAAAAAAAADTI8EBAAAAAABMjwQHAAAA
AAAwPRIcAAAAAADA9EhwAAAAAAAA0yPBAQAAAAAATI8EBwAAAAAAMD0SHAAAAAAAwPS83B0AAAAA
AAAVRUZGhhISEnT27FldvHhRqampyszMVF5enqpVqyYfHx8FBASodu3aCg4OVmhoqHx9fd0dNkSC
AwAAAABQxSUlJenQoUM6evSoEhISnD4/NDRU4eHhatWqlUJCQlwQIRxBggMAAAAAUCVFR0dr7969
OnHiRKmuk5CQoISEBEVGRqpp06bq1KmTIiIiyihKOIoEBwAAAACgSomJidG2bduUmJhY5tc+ceKE
Tpw4oW+//Vb33HOPWrduXeZjwD4SHAAAAACAKuHSpUvatGmTYmJiXD5WYmKiPvnkE7Vu3VoDBgxQ
rVq1XD5mVVcpEhwpKSmKjY1VXFyckpOTlZaWZi380rBhQzVu3Fjh4eHy9vZ2+to5OTny8ir923Tm
zBnt379f8fHxunLlivz9/VWnTh21bdtWLVq0ULVqbGgDAAAAAK4SHR2tdevWKSsry6Hjg4KCVLdu
XQUFBcnPz0+enp7Kzc1Venq6kpOTde7cOSUnJxd7nZiYGB07dkz33Xcfy1ZczNQJjhMnTmjhwoVa
tmyZUlNTizy2Tp06GjJkiIYPH667775b1atXL/L4AwcOaNKkSTp48KDGjBmjV199Vf7+/k7HeO7c
OT377LNasmSJsrOz7R7zpz/9SfPmzdPw4cPLJJkCAAAAAPg/kZGRioyMLPa4li1bqkWLFmrevLkC
AwOLPT4lJUXHjx9XbGysYmNjCz0uKytLK1eu1Pnz59W7d2+nYofjPCwWi8XdQZTEihUr9OSTTxab
2LCnRYsWmj17th544AG7iY7MzEy1bdtWx44ds/b985//1OzZs50a5+TJk+rbt6/hOkUZMmSIPvzw
Q9WsWdOpcQAAAAAA9m3YsEFRUVGFvu7l5aVu3bqpS5cupXoWu3z5snbv3q2dO3cqJyen0OPuuOMO
DRkypMTjVDVr166VdG2nmttvv73IY02Z4FizZo1GjBhh9zVvb281atRIvr6+SkhIUEpKSqHX6dix
o1577TXdddddhv5ffvlFt956q6Fv6NChWr9+vcMx5uTkqHfv3tqxY4fNa23btlVeXp6OHj1qM6uj
e/fu2rhxowICAhweCwAAAABgq7jkRufOndWnT58SzdYvTFpamrZu3ao9e/YUegxJDsc5k+AwXeGH
8+fPa/LkyTb9M2fO1P79+5WSkqJffvlFMTExunz5si5duqTvv/9eL7/8slq0aGE458cff9Tdd9+t
f/zjH4Z1WPXq1VNwcLDh2ILnFuebb76xSW489dRTOnv2rKKjo/Xzzz/r/PnzWrVqlZo0aWI9ZseO
HXrqqadkwrwTAAAAAFQYkZGRhSY3AgICNHbsWA0bNqxMkxuS5O/vr2HDhmns2LGFfnEdFRXl0JIZ
OMd0CY7Nmzfr7Nmz1raPj4+++eYbvfLKK2rXrp18fX0NxwcFBemOO+7QrFmz9PPPP+vLL79Uly5d
DMc8++yzeuCBB3Tx4kVJ1/4gP/roI9WpU0eS1LNnT02ZMsWpOL/99ltDu2/fvvrnP/+punXrWvsC
AwM1cuRIffvtt+rQoYO1f8mSJU7NFgEAAAAA/J/o6OhCEwhNmjTR5MmT1bJlS5fG0LJlS02ePNnw
hfb1IiMjFR0d7dIYqhrTJTh++OEHQ/vpp5/WPffc49C5np6eGjhwoHbs2KF///vf8vHxsb72xRdf
aPDgwbpw4YIkqV+/foqPj9fJkyf11VdfGRITjvjtt98M7UceeaTQAqKhoaH69NNPFRQUZO2bOXOm
QxV5K5usrCwdO3ZM586dc3coJfbnP/9Z4eHh1p8lS5YUemxluF8AAACgIrl06ZLWrVtn97WwsDCN
Hz++3Ooe1qxZU+PHj1dYWJjd19etW6dLly6VSyxVgekSHL///ruh3adPH6evccMNN2jy5MmKiopS
8+bNrf3ff/+9HnjgAV2+fFmSVKNGDd18883y9PR0eoyCS0xCQ0OLPD4sLEwvvfSStR0fH69ly5Y5
Pa6ZxcXFqV27dgoLC1NwcLBee+01d4dUIufOnVNcXJz1Jz093e5xleV+AQAAgIpk06ZNdreCbdKk
icaNG1ei57vS8PT01Lhx4+zO5MjKytKmTZvKNZ7KzHQJjho1ahjafn5+Jb7Wbbfdpu3bt6tbt27W
vm3btunBBx8s0e4s12vYsKGh7chey+PGjTPsi/z6668XWSS1pJYsWaIaNWpYf5YuXWp4PS8vz/B6
jRo19N5775VorISEBJtrFfYf8KJFi3T48GFre+bMmUpMTCzRuGZQ3P1u3LjR8L4tWLDAHWECAAAA
phETE6OYmBib/oCAAI0aNarckxv5PD09NWrUKLs1OQqLGc4zXYKjVatWhnZpH4Dr16+vdevW6c47
77T2bdmypdSFPq9PVEhyaKvY6tWrG7aiTUpKKvNaHD/++KOmTJmi9PR0paenq2fPnho3bpzhGIvF
Yn09/yc3N7fEYxa8Vl5ent3jrq+tkq8yL9Mp7n4HDRqkkSNHWt+3efPmaevWreUZIgAAAGAq27Zt
s9s/bNiwcluWUpiaNWtq2LBhdl8rLG44x3QJjn79+hnaGzduLPU169Spo7Vr1xqSJ0uWLNFHH31U
4msW3Hp27dq1DiVMBg8ebJj98eGHH5bZjirp6emaMGGCMjMzJV3bUvfVV18ttDZIeSu45U+TJk3U
uHFj9wRTDoq7Xw8PDy1YsECBgYHWvieeeKJSJ30AAACAkoqOjrb7BXjnzp1dXlDUUS1btlTnzp1t
+hMTEyk4WgYqxpOtA/K/7Q4ODlanTp20d+9eSdL777+vRx99VI0aNbIee/HiRdWuXdvpMd59910N
HTrUupvKX//6VzVq1MiQ+MjMzDQUJy2Ml5eXRo0apVWrVkm6ViF369atNjM78l26dEm1atWSJI0c
OdJaj2Hnzp3atWuXoVZItWrVrDu8OHt/P/30k7U9a9asQovduMOECRP0xx9/aPv27apfv76mTZtW
5ls2VSSO3G/9+vU1d+5czZgxQ9K12iyvvvqqXnzxRXeEDAAAAFRY+c+I1/Py8ipR3UZX6tOnj/bt
26ecnBxD/969ewt9XoRjPCxlNT3AxTw8PNwdQoURFhamo0ePOnVOUlKSmjVrZi14GRAQoOPHjys4
ONjm2NzcXJtZHQsXLtSkSZOcjjUhIcGQfJKuzboZNGiQ09cyiw4dOmj//v3W9ptvvqmpU6eW+Hop
KSkKCwszLGk5duyYbr311lLFCQAAAFQWSUlJeuONN2z6e/Toof79+7shoqJt2bJF27dvt+mfPn26
QkJC3BBRxbV27VpJ1zbuKDgLviDTLVFBySxdutSwm8ekSZPsJjdQ8QQGBtokSBYtWuSmaAAAAICK
59ChQ3b7u3TpUs6ROKawuAq7DziGBEcVkJKSYpPNHDt2rJuiKV85OTk2U79Ky2Kx6I8//ij09WrV
yv4/q9GjRxvaCxcuVFJSUpmPAwAAAJiRvRnuLVu2dHth0cLUrFnTbl0QZ2fqw8g0NTi++uor6+97
9uzR/Pnzre0hQ4boySeftLZ//vlntWnTpkTjTJs2TUeOHLG2P/30U0O9C2fre8yYMcOw5c/y5ctV
r149m+MOHTpkrfVR3P3dcMMNDo8vXav/cX1hyp49e1ao2hv5duzYocjISGvbz89Pf//734s97pln
npGvr68kKS0tTZGRkdq8ebOioqJ0/PhxZWdnq0GDBuratat69Oih4cOH66abbnIqtsOHD2vDhg3a
vHmzDh06pJSUFDVp0kTh4eEaNmyYhgwZYr2mo/+IOnq/0rXpWEOHDtXnn38uScrOztamTZv02GOP
OXUfAAAAQGWTkZGhhIQEm/6KUli0MC1atFBsbKyhLyEhQRkZGdbnGzjHNAmO6wvDZGVlGV5r1KiR
4fXSFJG5fscK6dpuKKGhoSW+XsGH3bvuusvuziDO3J+zVq9ebWgXnA1QURw9etRQPLNJkyZ2H/gL
HjdixAi1bdtWO3bs0JQpU+zuIZ2YmKjVq1dr9erVevrpp7Vo0SKNHDmy2JjS09P1wgsv2C3qGR8f
r/j4eG3ZskXz5s3T+++/r0GDBjmcPHH0fvONHDnSmuCQpE8++YQEBwAAAKo8e8kNSRW+Zt31G0lc
LyEhodDXUDTTJDhQMleuXNGGDRsMfXfeeaebonGN2NhYnT17Vn379nXo+JSUFI0aNUo5OTlFJnvS
0tI0duxYrV+/vthrJiUl6d5779WyZctKlRArSsHP7bvvvtPp06cN2woDAAAAVc31xfjzBQUF2Xx5
XdEEBgYqKCjIMNteunY/JDhKpkolOLKysnTq1CmdOXNGV69eVXZ2ts0xly5dKrOxUlNTi6zVUB72
7dtnuM9WrVqpadOmboyo7C1dulQ///yztR0SEqL+/fsrJCREHh4eOnbsmDZu3KjMzEzDeRMmTFCv
Xr3sLhmSpHnz5tlNbkRERKh79+4KDAzUhQsXtH37dh0+fFiS9Mgjj6h169ZleHf/p379+uratau+
//57a9/evXtJcAAAAKBKu3jxok1f3bp13RCJ8+rWrWuT4LB3P3BMlUhwnD17VgsXLtSyZctcVpjx
zJkz2rRpk/bs2aNdu3bp2LFjLhnHWddvVypdWwpT2bbczd9eKTAwUAsXLtQDDzxgU6fk1KlTGj9+
vLZu3WrtS09P1+rVqzVlyhSba+7atcumMGtQUJCWLl2qIUOGGAqJWiwWbdu2TX/9618VFxdnd4lM
WbnnnntsEhz33Xefy8YDAAAAKrrU1FSbvqCgIDdE4jx7cdq7Hzim0ic44uLi1L9/f8XHx7vk+snJ
yXrhhRf073//2+6MEHeLjo42tPMLmTpr27ZtNrVBHHH58uUSjVcSn3zyiQYNGmT3tZtvvlnLly9X
mzZtdP78eWt/ft2OghYvXmzT9/HHH2vgwIE2/R4eHurZs6fWrVun22+/3bAdb1kr+Pnt3bvXZWMB
AAAAZlBwprZ0rYC/GdiL0979wDGVPsExbdo0lyU34uPjNXDgQOvyhIpo9+7dhnZJd0/5/PPPDQUu
K5qBAwfaTT5cr169enrkkUf08ssvW/t27Nhhc9zZs2f12WefGfqGDx9e7PVbtmypqVOn6qWXXnI8
cCcV/Px2796tzMxM+fj4uGxMAAAAoCLLy8uz6fP09HRDJM6zF6e9+4FjKnWC4/Tp0/rf//5n6Hvt
tdc0atQo3XjjjQ790Rf24JiWlqZhw4bZJDd8fHzUr18/3XnnnWrYsKECAwN1ww03WJc0lOdasKtX
r9okd0JCQspt/PI0atQoh5bedOjQwdBOTk5WVlaWqlevbu07ePCgzWyccePGORTH4MGDXZrgKFgv
JDs7W+fPn3dZYVMAAACgort++Xi+3NxcN0TiPHtx2rsfOKZSJzgKFgzt3r27nnrqqTK59gcffGCz
/GPq1KmaNWuW6tevXyZjlNb1SzHy1alTxw2RuF67du0cOq527do2fenp6YYER8G9qCWpc+fODl0/
IiJC3t7eLluudNNNN8nHx8cwbe3s2bMkOAAAAFBl2ftS2pXLxsuSvTiZnV1ylTrBUXBboLKa6mOx
WPTJJ58Y+mbPnq1//vOfZXL9snLlyhVD28fHR/7+/iW61vTp0zVs2DCnzzt79qyGDx9eojGd4egD
vre3d7HHnDp1ytBu1qyZ3cSIPdWrV1e7du1cVhvD09NTDRo00IkTJ6x9KSkpLhkLAAAAMIOAgACb
voI7k1RU9uK0dz9wTKVOcDRq1EgRERHWmRbfffedduzYoe7du+v333/X6dOndeXKFWVlZcnX11fB
wcG65ZZbDN/m25OSkmLYncTb21vTp0936b2URMGioI4+pNtzyy236M4773T6vISEhBKP6aiAgADV
qFGjzK5XsDCqs9vqunoGT8F/8ChCBAAAgKrM3nPOuXPn3BCJ8+zFWZrntqquUic4PDw8NHv2bI0a
NcraN3r0aN100006ePCg3XMCAwM1cuRIPfbYYzb1GvIVnBnRqlUrBQcHl13gZeSPP/4wtH19fd0U
iWuV9T8ABT/fG2+80anzXZ1xLZjMKfg5AwAAAFWJvWex5ORkpaSk2Mzqr0hSUlLszuCoiM+WZlHp
q5eMGDHCUCAyMTGx0OSGdO2P7P3331fHjh01d+5c5eTk2BxTcJmHI8VKMzIy9MMPP2jbtm0u29Wl
oBtuuMHQvnr1armMW94cKS7qjIIzeJytp1HW8RSUlpZmaBc34wgAAACozApbrn7s2LFyjsQ5x48f
t9tPfb2Sq/QJjtTUVP3+++8lOvf555/Xc889Z9MfFBRk+Jb+4MGDunDhQqHXiY2NVUREhDp16qSe
PXvqlltu0cSJE5WRkVGiuBxV8MH3woULslgsLh2zMqhZs6ahXXDJSnFSU1PLMhwb9mqrAAAAAFWV
r6+v3aRAwR0vKxp7mxuEhoZW2pn35aHSJzhmzZpls1Xs/fffr88//1xHjx7V77//rnPnzun48ePa
vHmzRo4caTh2wYIF+uWXXwx9Hh4eevDBB63t7Oxs/fvf/y40hgULFthkD9977z29/PLLJb0thxRc
WpGdnW3zcAxbBZe8HDx40Kltps6cOVPWIVllZ2fr9OnThr6KPO0OAAAAKA/h4eE2fbGxsU5/WVle
Ll++bDfBYe8+4LhKneCIjo7W4sWLDX3Lly/X6tWrNWTIEIWFhSk4OFh16tRRs2bN1L9/f61cuVIz
Z840nLN+/Xqba1+f4JCuJTFeeeUVm8KekmwSJPnefvttu0tgyoq9tVtnz5512XiVRYsWLQzt5ORk
w64lRbl69aqhAG1ZO3/+vM2Smbp167psPAAAAMAMWrVqZbd/9+7d5RyJYwqLq7D7gGMqdYLjm2++
MbQnTpyoMWPGFHmOh4eHHn30UUNfXFyczXF33XWXzc4ps2fPVqtWrTR//nytXbtW27dvV1RUVKE7
fFy5cqXMtq61x9fXV82bNzf0JSYmumy8yqJggkOStm7d6tC5UVFRTtfscEbB2SE+Pj4kOAAAAFDl
hYSE2N39cOfOnTY17NwtLS1NO3futOlv2rSpQkJC3BBR5VGpExy//faboT1w4ECHzitYNLSwWRYL
FiwwFDCVrs3WeO6553T//ffrnnvuUdeuXfXdd9/ZPb937942hUDLWufOnQ3tI0eOuHS8yqBVq1Zq
3bq1oe/1118vdi/tvLw8vfnmm64MTUePHjW0u3btSpFRAAAAQFKnTp1s+nJychz+srK8bN261e4z
pr344ZxKneAoyNFiLStXrjS0w8LC7B5Xo0YNLVmyRIsXL1aDBg2ciqVJkyZ65ZVXnDqnJCIiIgzt
6Ohol49pdl5eXho/fryh7+TJk5owYYJSUlLsnvPHH39o/vz52rx5s0tji4mJMbT5RxAAAAC4JiIi
wu5z2Z49e+zWu3CH2NhY7dmzx6a/QYMGNs9ucF6lTnDUr1/f0C5YnPF6FotFhw4d0pNPPqn58+cb
XuvXr1+h53l5eenxxx9XbGysVq9erUceeUTNmjUrMi4/Pz/t3LlTLVu2dOAuSqdDhw6G9ubNm11a
96OyGDdunM0/MGvWrFGXLl309ttva9euXfrpp5/07bff6p133tGdd96p559/XpLk7e3tkpgsFou2
bNli6CPBAQAAAPyfe+65x27/+vXr3V5w9PLly3brO0qFxw3neLk7AFfq2LGjob1x40aNHj3a7rGn
Tp2yWZYgSZMnT1a7du2KHSswMFD333+/7r//fklSSkqKUlNTlZOTIz8/P/3666/q0qWLJCk9PV1r
167V1KlTnb0lp7Vv314BAQHWrUsTExMVExOj2267zeVjm5m/v78WL16svn37GpamHDlyRJMnTy70
vJkzZyo4OFgzZswo85h+/fVXmxkcBZcgAQAAAFVZ69at1bp1a5v/b05NTdWqVas0fvx4m5IE5SE3
N1erVq2yPpddLz9mlF6lnsHRpUsXw2yKNWvWaPv27XaPbdy4sQYPHmzoe+KJJ0q8lWtgYKAaNmyo
xo0bq27duurcubOhwOn8+fN18uTJEl3bGX5+frrvvvsMfZGRkS4ftzLo2LGjtmzZokaNGjl0/LRp
07RgwQKXzaoo+Lc7cOBACowCAAAABQwYMMBunbr4+Hh99NFHys3NLdd4cnNz9dFHHyk+Pt7mterV
q2vAgAHlGk9lVqkTHL6+vpo7d66hb9y4cYVu+Zk/u6Nnz57asmWL3n33XYfrdjjiqaeesv6ekpKi
6dOnl8t/XCNGjDC0ly9fXu7/UZtVp06d9NNPP+kf//iHGjZsaPeRTMMwAAAgAElEQVSYvn37auPG
jXrjjTdUvXp1tW3b1iXLVFasWGFoP/TQQ2U+BgAAAGB2tWrVsvmSN19cXJwWL15cbstVLl++rMWL
F9vdmVOS7rvvPtWqVatcYqkKPCwWi8XdQbhSbm6uHnzwQa1evdra17p1a33xxRdq0qSJ4dirV68q
KSmp2BoapTF9+nTDThsLFy7UpEmTXDaeJGVmZqpFixaGjOG3336ru+66y6XjVjbZ2dk6cuSIzp49
q8zMTNWpU0chISG6+eabXT72oUOHDNPWateurRMnTigwMNDlYwMAAABmFBkZWejs9YCAAA0bNsyl
dRFjY2O1fv16u8tSpGu7avbu3dtl41cWa9eulSSFhobq9ttvL/LYSj2DQ7q25euiRYus9S+kaztR
9OzZUz/++KPh2Bo1arg0uSFJs2fPVu3atRUYGKh58+bZLItxBR8fHz399NOGvnfffdfl41Y23t7e
atOmjXr37q1Bgwapc+fO5ZLckKSlS5ca2rNmzSK5AQAAABShd+/euuOOO+y+lpqaquXLl2v9+vVK
S0sr03HT0tK0fv16LV++vNDkxh133EFywwUq/QyOfGfOnNG9996r/fv3W/v8/Py0ZMkSPfjgg+Ua
y65du9S8efNyrZ+QlpamNm3aGGZxREdHq23btuUWA0omISFBzZs3V2ZmpiSpTp06Onz4sG666SY3
RwYAAABUfBs2bFBUVFShr3t5ealbt27q0qWLatasWeJxLl++rN27d2vnzp1F7lx5xx13aMiQISUe
p6pxZgaH5z/+8Y9/lENMbhcQEKABAwYoKirKul1sdna21q9fL39//0Ize67QqFEj1ahRo9zGk6Qb
brhBjRo10n/+8x9r37lz5zRixAh5eHiUayxwzt///nft3r3b2l64cKG6du3qxogAAAAA8wgPD5d0
bVdCe/Ly8nTy5Ent3LlTZ86cUU5OjmrUqCEfH59ir52SkqKYmBh9/fXXWr9+vU6ePKm8vLxCj+/d
uzdFRZ10+PBhSdc28mjQoEGRx1aZGRz5Ll68qIcfflhbtmyRdG2bzQ0bNig4ONjNkbmexWLRQw89
pFWrVln7/ve//6lv375ujApF2b9/vzp06GBt9+nTR5s2bZKXV6Xe4RkAAAAoc9HR0Vq3bp2ysrIc
Oj4oKEh169ZVUFCQ/Pz85OnpqdzcXKWnpys5OVnnzp1TcnKyQ9eqXr267rvvPkVERJTmFqokZ2Zw
VLkEhyRlZGRoxowZOnDgQJVJbuQ7f/687r77bh05ckSSFBYWpt27dysoKMjNkaGgjIwM9ezZ0zp7
IyQkRFFRUWrcuLF7AwMAAABM6tKlS9q0aZNiYmLKbczWrVtrwIAB7JZSQiQ4HGCxWJSSklKqNVZm
FR0drTVr1ljb3bp1U79+/dwYEezZtWuXdaaRJPXr10/dunVzY0QAAABA5RATE6Nt27YpMTHRZWM0
aNBA99xzj2E3RDiPBAcAAAAAAMWIjo7W3r17deLEiTK7ZtOmTdWpUyeWo5QRZxIcLOQHAAAAAFRJ
ERERioiIUFJSkg4dOqSjR48qISHB6euEhoYqPDxcrVq1UkhIiAsihSNIcAAAAAAAqrSQkBCFhISo
d+/eysjIUEJCgs6ePauLFy8qNTVVmZmZysvLU7Vq1eTj46OAgADVrl1bwcHBCg0Nla+vr7tvASLB
AQAAAACAla+vr5o3b67mzZu7OxQ4qZq7AwAAAAAAACgtEhwAAAAAAMD0SHAAAAAAAADTI8EBAAAA
AABMjwQHAAAAAAAwPRIcAAAAAADA9EhwAAAAAAAA0yPBAQAAAAAATI8EBwAAAAAAMD0SHAAAAAAA
wPRIcAAAAAAAANMjwQEAAAAAAEyPBAcAAAAAADA9EhwAAAAAAMD0SHAAAAAAAADTI8EBAAAAAABM
jwQHAAAAAAAwPRIcAAAAAADA9EhwAAAAAAAA0yPBAQAAAAAATI8EBwAAAAAAMD0SHAAAAAAAwPRI
cAAAAAAAANMjwQEAAAAAAEyPBAcAAAAAADA9EhwAAAAAAMD0SHAAAAAAAADTI8EBAAAAAABMjwQH
AAAAAAAwPRIcAAAAAADA9EhwAAAAAAAA0yPBAQAAAAAATI8EBwAAAAAAMD0SHAAAAAAAwPRIcAAA
AAAAANMjwQEAAAAAAEyPBAcAAAAAADA9EhwAAAAAAMD0SHAAAAAAAADTI8EBAAAAAABMjwQHAAAA
AAAwPRIcAAAAAADA9EhwAAAAAAAA0yPBAQAAAAAATI8EBwAAAAAAMD0SHAAAAAAAwPS83B2Ao5KT
k90dAgAAAAAAVU5QUJC7Q3AIMzgAAAAAAIDpkeAAAAAAAACmZ5olKmaZEgMAAAAAAMofMzgAAAAA
AIDpkeAAAAAAAACmR4IDAAAAAACYHgkOAAAAAABgeiQ4AAAAAACA6ZHgAAAAAAAApkeCAwAAAAAA
mB4JDgAAAAAAYHokOAAAAAAAgOmR4AAAAAAAAKZHggMAAAAAAJgeCQ4AAAAAAGB6JDgAAAAAAIDp
keAAAAAAAACmR4IDAAAAAACYHgkOAAAAAABgeiQ4AAAAAACA6ZHgAAAAAAAApkeCAwAAAAAAmB4J
DgAAAAAAYHokOAAAAAAAgOmR4AAAAAAAAKZHggMAAAAAAJgeCQ4AAAAAAGB6JDgAAAAAAIDpkeAA
AAAAAACmR4IDAAAAAACYHgkOAAAAAABgeiQ4AAAAAACA6ZHgAAAAAAAApkeCAwAAAAAAmB4JDgAA
AAAAYHokOAAAAAAAgOmR4AAAAAAAAKZHggMAAAAAAJgeCQ4AAAAAAGB6JDgAAAAAAIDpkeAAAAAA
AACmR4IDAAAAAACYHgkOAAAAAABgeiQ4AAAAAACA6ZHgAAAAAAAApkeCAwAAAAAAmB4JDgAAAAAA
YHokOAAAAAAAgOmR4AAAAAAAAKbn5e4AAAAAAACoKDIyMpSQkKCzZ8/q4sWLSk1NVWZmpvLy8lSt
WjX5+PgoICBAtWvXVnBwsEJDQ+Xr6+vusCESHAAAAACAKi4pKUmHDh3S0aNHlZCQ4PT5oaGhCg8P
V6tWrRQSEuKCCOGIKpfgsFgs8vDwqLTjFaeixQMAAAAA7hIdHa29e/fqxIkTpbpOQkKCEhISFBkZ
qaZNm6pTp06KiIgooyjhqCpVg+OLL75Q//79lZKSUi7jHThwQL169VJcXFy5jFeUjIwMvfjii5o5
c6a7QwEAAAAAt4qJidFbb72llStXljq5UdCJEye0cuVKvfXWW4qJiSnTa6NoVWIGR1ZWliZNmqSl
S5dKkqZOnaoPP/zQpTMZXnvtNc2ZM0fZ2dkaPXq0vv76awUGBrpsvKL88ssvevjhh7Vnzx5JUps2
bTRmzBi3xAIAAAAA7nLp0iVt2rSpXBIPiYmJ+uSTT9S6dWsNGDBAtWrVcvmYVV2VSHBUr15dLVu2
tLaXL1+uwYMHa+jQoS4b8/rpSPv27dO//vUvPfvssy4brygNGjQwrAObMmWKevToodDQULfEAwAA
AADlLTo6WuvWrVNWVpZDxwcFBalu3boKCgqSn5+fPD09lZubq/T0dCUnJ+vcuXNKTk4u9joxMTE6
duyY7rvvPpatuJiHxWKxuDuI8mCxWPTwww9rxYoVkqTmzZvrp59+kp+fn8vGfPPNNzV9+nRJkre3
t2JjY3Xrrbe6bLyiXLhwQR07dtTJkyclSRMnTtQ777zjllgAAAAAoDxFRkYqMjKy2ONatmypFi1a
qHnz5g7NwE9JSdHx48cVGxur2NjYYo/v3bu3evfu7VDMuGbt2rWSrhVyvf3224s8tsokOCTp5MmT
atKkibW9efNm9e/f32XjZWVlqUOHDjp06JAk6eWXX9asWbNcNl5xVq5cqYceekiS5OPjo9OnT6t2
7dpuiwcAAAAAXG3Dhg2Kiooq9HUvLy9169ZNXbp0Uc2aNUs8zuXLl7V7927t3LlTOTk5hR53xx13
aMiQISUep6pxJsFRpYqMNm7cWA888IC1/dVXX7l0vOrVq+uRRx6xttesWePS8YozcOBABQQESJIy
MzO1a9cut8YD5Pvzn/+s8PBw68+SJUvcHRIAAAAqgeKSG507d9acOXPUv3//UiU3JKlmzZrq37+/
5syZo86dOxd6XFRUlDZs2FCqsWBflUpwSFK7du2sv//6668uH+/62h8HDx4sMpPnajfeeKNhzdfp
06fdFgtwvXPnzikuLs76k56e7u6QAAAAYHKRkZGFJjcCAgI0duxYDRs2TP7+/mU6rr+/v4YNG6ax
Y8dav2AuKCoqyqElM3BOlUtweHn9X13VCxculOt42dnZunr1qsvHLMoNN9xg/f3y5ctlcs0lS5ao
Ro0a1p/83Wry5eXlGV6vUaOG3nvvPafGWL9+vc01Hn30UbcmjFA5bNy40fB3tWDBAneHBAAAgFKK
jo4uNIHQpEkTTZ482fBltCu0bNlSkydPNpRJuF5kZKSio6NdGkNVU6USHDk5Ofrvf/9rbRf2h1aW
Nm/ebP29du3aZZ4ddMbJkye1e/dua7tu3bqlvuaPP/6oKVOmKD09Xenp6erZs6fGjRtnOMZisVhf
z//Jzc11eIw9e/bo4YcfNpzftWtXvfXWW4YEElASgwYN0siRI61/W/PmzdPWrVvdHRYAAABK6NKl
S1q3bp3d18LCwjR+/PhSL0dxVM2aNTV+/HiFhYXZfX3dunW6dOlSucRSFZjm6TArK0uZmZlOn5ed
nW2tbLtkyRJt377d+lp+gdGMjAz98ccfZRJnTk6OUlNTderUKa1evVrvvvuu9bWRI0fK09Oz0PPK
enZHXl6eMjMzdfHiRUVHR+ull14yTP2/8847S3X99PR0TZgwwfq5eHt769VXXy3TpMMvv/yi+++/
3xB327Zt9cknn7g1WYTKw8PDQwsWLNC6deuUkpIiSXriiSe0f/9+BQUFuTk6AAAAOGvTpk12t4Jt
0qSJxo0bV+gzmat4enpq3LhxWrx4seLj4w2vZWVladOmTXr44YfLNabKyjQJjo8//ljjx48vs+t1
6dLFWrn2pZdecvm09KCgIE2dOrXQ1w8dOqTbbrvNpTFcb8qUKfrTn/5Uqmu8++67+umnn6ztWbNm
FZqZLIkLFy5o5MiRhlohDRo00Jo1axQcHFxm4wD169fX3LlzNWPGDElSfHy8Xn31Vb344otujgwA
AADOiImJUUxMjE1/QECARo0aVe7JjXyenp4aNWqUFi5cqNTUVMNr+TG3bt3aLbFVJlVqiUq+7t27
a+XKleU2AyA4OFjr16/XrbfeWi7jFWfcuHF66aWXSnWNpKQkzZ8/39oOCAjQ5MmTSxuaVUZGhv7y
l79o//791j4/Pz+tXbu2wryPqFwee+wxQ+LspZde0vHjx90YEQAAAJy1bds2u/3Dhg0rt2UphalZ
s6aGDRtm97XC4oZzqkyCIyAgQIMHD9by5cv1v//9T40bN3bpeN7e3urRo4feeOMNxcTEqHv37i4d
rzghISEaP368vvnmGy1btkx+fn6lut7SpUsNy0YmTZpUZrMq8vLy9Le//c1QL0WSVq1aVeR2S0Bp
BAYG2syyWrRokZuiAQAAgLOio6OVmJho09+5c2eXFxR1VMuWLe0+0yQmJlJwtAyYZonK8OHD1aNH
jyKPSUpK0l133WVt79ixQ40bN5afn59q1apV6HSkSZMmacyYMU7HlJ6erh07dujTTz/Vjz/+aO0P
CAjQmjVr1LdvX4evFRYWZvNt8b59+/S3v/1NSUlJ1r7bbrtNAwYM0O233646deqoZs2a8vLyUk5O
ji5duqRLly7pyJEjWr9+vfbs2WM9z8/PTyNGjNA999zj9H0WlJKSojfeeMPQN3bs2FJfN9/LL79s
82D57rvv6t577y3VdfPy8pSdna3q1auX6jrFyd/ZxZUFUF01hqveI4vFouzsbMMuPterVq1scq2l
jX/06NGaM2eOtb1w4ULNmDFDISEhZRIfAAAAXGfv3r02fV5eXurTp48boilcnz59tG/fPpsdIffu
3auIiAg3RVU5mCbBERQUVGzBv2bNmmnIkCHasGGDJCkuLk533313sdeuW7duiXcUadOmjSZOnKgv
vvhCc+bM0bFjx5Samqp+/fpp8eLFevzxxx26jq+vr5o1a2Ztr1ixQn/5y1+UnZ0t6VrNkLlz56pv
377FPgwOHDhQM2fO1JEjR/Svf/1LS5cu1YkTJ9SrVy9t2LBBgwcPLtG95ouMjFRycrK13bNnzzKr
vbFy5UrDA6YkzZkzR0888YRT18nIyFBUVJR2796tH3/8UdHR0frtt98kXUv2tGjRQnfccYf69u2r
nj17FvtAvGPHDsM2U88884x8fX0lSWlpaYqMjNTmzZsVFRWl48ePKzs7Ww0aNFDXrl3Vo0cPDR8+
XDfddJPbx3Dle1TQ4cOHtWHDBm3evFmHDh1SSkqKmjRpovDwcA0bNkxDhgyxxluS6YKuiD80NFRD
hw7V559/LulakeJNmzbpscceczo+AAAAlJ+kpCSdOHHCpr9bt24VbnMCf39/devWzbABhiSdOHFC
SUlJfLlWGpZKZvLkyRZJFkmW+fPnl+vYv//+u2Xw4MHW8SVZ3n//faev89lnnxmu8fjjj1vS0tJK
HNeyZcus1woKCrL89ttvJb6WxWKx3H///Yb4PvzwwyKPz8nJMRwvybJw4UKb47799luLt7e34bgx
Y8ZYsrOzHY7t+PHjljlz5lhq165tM2ZhP+3bt7fs37+/yOu+9957hnOio6MtFovFsn37dkvr1q2L
HSMwMNCyatUqt4/hyvco39WrVy1z5swp9pohISGWjRs3WiwWi2XUqFGG19588023xf+f//zHcO5d
d93l0HkAAABwn61bt1pmzpxp85OcnOzu0OxKTk62G+/WrVvdHVqFs2bNGsuaNWsse/bsseTl5RX5
U6lqcKSkpGjz5s3WdnkXowwODtaqVausu7NI0oQJE5wqGBMXF6dHHnnE2n788ce1aNEi1ahRw6Hz
U1JStHz5cj355JMaNWqUpk2bJovFogcffFCSlJycrJUrVzocT0FXrlyxzpDJV9rtZiXp6NGjGjFi
hHXGinRt6tY777zj1DKMb775Ri+++KIuXrzo8Dn79+9Xr1699PPPPzt8TmxsrLZu3aoePXrYrdJc
UEpKikaNGqVPP/3U7WO48j1KS0vTww8/7NDuI0lJSbr33nv14YcfKjQ01OFYXP0ZF/x7/u677ww7
+QAAAKDiOXr0qE1fy5Yt3V5YtDA1a9a0WxfE3n1UdfkrGCwWiywWS5HHmmaJyvbt222KTha0b98+
w7Skbdu26cCBA4Ue37lzZ91///1lFqN0banJhx9+qNOnT2vfvn2SriU5fvjhh2KX2EjS3LlzrcU7
O3TooNdee83h+gRxcXEaOnSojhw5UuRxX375pWbPnu3QNQvat2+fIQnRqlUrNW3atETXynf27FmN
GDFCZ8+etfZFRETok08+cXo62YgRI/T3v//d+vBbu3Zt9e/fX+3bt1ft2rXl6emp+Ph4rVixwvA+
JScna9q0afr6668der+XLl1qeFgOCQlR//79FRISIg8PDx07dkwbN25UZmam4bwJEyaoV69eqlev
ntvGcOV7NG/ePK1fv96mPyIiQt27d1dgYKAuXLig7du36/Dhw5KkRx55xKktsVz9GdevX19du3bV
999/b+3bu3evGjZs6HCMAAAAKD8ZGRlKSEiw6a8ohUUL06JFC8XGxhr6EhISlJGRYV2qDql69erK
yMhQbm5ukXX9JJlnicrixYsdno7u6M+cOXNcFu/u3bsNYy1YsKDYcw4ePGg4Z8OGDQ6Pl5OTY+na
tav1XD8/P8vAgQMtPXr0sLnvgIAAS25ubonu65VXXjFc629/+5tDsRWMIX+JSlpamqVPnz6G1xo2
bGg5fvx4ieKzWCyWefPmWfr162dZvXq1JTU11e4xV69etTz66KM2ce3du9fu8QWXj+T/BAYGWj7+
+GNLVlaWzTknT560uTdJlrfeesttY7jyPdq5c6fNsUFBQZZ169bZ/L3l5eVZvv76a0tYWJjdey5q
iYqr4r/e3LlzDefMnDmz2HMAAADgHnFxcXaXe1y+fNndoRXp8uXLduOOi4tzd2gVys6dOy1r1qyx
bNu2zZKcnFx1lqhUJJ07d9akSZOs7TfffNNQmNOeL7/80vp7ixYtNGDAAIfHO3r0qPUb56CgIB04
cEBffvmltm3bpl9//VV//vOfrcempqbqjz/+cPja1yu4dVGrVq1KdB1Jys3N1dSpU7V161ZrX0BA
gNatW2couOqsOXPmaMuWLbr//vsLnQHi5+enV155xWZWzQ8//ODUWJ988okefvhhu1nEm2++WcuX
L1edOnUM/Tt27HD7GK54jxYvXmzT9/HHH2vYsGE2MyY8PDzUs2dPrVu3rkRbFrv6My74d22vIjcA
AAAqhutngucLCgpSYGCgG6JxXGBgoN1Z/vbupyrL35jg6tWrSklJKfJY0yQ4Bg0apAMHDujgwYPa
vn27YdeO5s2b6/nnn9eXX36p77//Xrt379bmzZv18ssvq23bttbjwsLCFBkZqZ9//lk//fSTxo8f
bzNOTk6Otm3bpueff15Tp07Vc889p48//rhEf2TX77xw8eLFYmtxbNq0yfr7vffe61TtievrEbRr
187w/jRp0kTPPfec4fjilvsUZvfu3YZ2aXZPefHFF/XBBx8Y+urXr1/q2imO7vZRq1Ytm618T506
5fA4AwcO1MCBA4s8pl69eoaaKpJzCQ5XjVHW79HZs2f12WefGfqGDx9ebOwtW7bU1KlTHYrleq7+
jAv+Xe/evdtmKRAAAAAqBnu12Uq6S2Z5sxenM7XmqoKQkBB5enoqKytLly5dKvLLetPU4KhXr57q
1auny5cva/z48YqLi5MkPffcc5o5c6Z8fHxszunfv7/+9re/adGiRZo8ebLi4uI0adIk7dixw259
gl9//VWPPvqo3YdDHx8fzZo1S3PmzHH44apt27bq1KmT9dvfyMhI3XfffXaPTU9PNyQPOnfu7NAY
+a7fHvTAgQM6deqUbr75ZknXHj6feeYZw/GvvPKK7rvvPnl4eDg8xtWrVxUfH2/oK+kWRh999JH2
799v0x8XF6e5c+fq7bffLtF1ndWoUSNDu7hZNtcbNWqUQ+9fhw4dbMbIyspy6O+oPMYojiPv0cGD
Bw21WSRp3LhxDl1/8ODBeumll0ocX3FK8hkX/PchOztb58+fd6oYKgAAAMpHamqqTZ8j9Q8rAntx
2rufqszf31/16tVTYmKikpKSFBwcrHr16tl9TjLNDI588+fPtyYMZs6cqblz59pNbuTz8vLSpEmT
9Nprr0m69gBt7xvjhIQE9erVq9BvvjMzM/Xcc89p8uTJys3NdTjeXr16WX+Piooq9LiCM0SCg4Md
HkO69o1zflIkOTlZ7du31+jRozVy5EiFhYXpf//7n+H4H3/80Vrk0VHnz5+36Su4NMJR9pIb+d55
5x198cUXJbquswomAJxZutOuXTuHjqtdu7ZNX34h2YowRnEceY8KFkeSHE/SRUREyNvbu2TBOaAk
n/FNN91k8+8KUwUBAAAqJnszbUuyDNod7MXJzGEjT09P3XLLLfL29lZ6erqOHz9e6LOOaWZwSNKZ
M2f073//29qeNm2aw+dOmDBBCxYsUEpKilavXq25c+ca1tlPmTLFMDthzJgxat++vc6dO6dly5Yp
KSlJkrRkyRK1bdtWf/3rXx0a909/+pP195iYGP3xxx92aylcvXrV0L7xxhsdvjfp2oe+ZMkSDRo0
SCdPntTFixe1YsUKwzFPPvmkzp8/r7Vr11rjcaay8JUrVwxtHx8fp3c5Kah9+/aaPHmyzbf9f/3r
X9WhQwc1aNCgxNfOycnRr7/+qhMnTuj06dNKTk5WcnKy0tPTlZmZqYyMjCITLcVx9Nv80jy8u3qM
snqPCi77aNasmd2kiz3Vq1dXu3btSlTnwlWfsaenpxo0aGDYlam49X4AAABwj7y8PJs+T09PN0Ti
PHtx2rufqi4oKEhNmjTR8ePHdf78ecXExNj9QtVUCY7rl3B06tRJ9evXd/hcf39/9ezZ07qF5fff
f29NcOzfv18bNmywHrt8+XKNGTPG2p4wYYLuvfdea4HNGTNmqFevXg7Vnyg45Sg9Pd1ugqNgEcaS
/AfZqlUr/fDDD/r000/19ddf6+TJk7rxxhvVsWNHDRs2TN27dzcsVUlMTHTq+llZWYa2ow+whRk+
fLjef/991apVS6dPn7aJbdq0afrss8+cfi8OHz6sTz/9VCtWrNBvv/1WqhgLExAQoBo1arjk2uUx
Rlm/R5cvXza0nd062Jn/lqXy+4yvRyYdAACgYir4LCXJqVn37mQvTnv3U9XdcMMNatKkidLS0vT7
778rMTHR7uQBUyU48mdRSCV7uK5Vq5b199OnT1t/v37pyG233abRo0cbzgsNDdWqVat0++23KzU1
VZmZmfp//+//ad26dcXWRyj4zXph37QXfJB1ZN3Vf//7Xx04cEDStSUqDzzwgOrUqaPp06dr+vTp
ds+pWbOm9feMjIxix7hewan9pdmb+dFHH9W7775r/YOcMWOGtm3bZijEunbtWi1btkyPP/64w/E9
99xzeuGFF0ocl6NKm9xx1xiueo8Kzu5xdgZSwWRCYcrzMy7432RJdx4CAACAa9krWVBWy7VdzV6c
RZVgqMr8/f0VFhYmi8Wic+fOKTY2VsHBwfL391f16tXl7e1trgTH9d/kx8fHy2KxOFUk8/pveq9f
l5+QkGD9vUOHDnYzZuHh4frXv/5lfdj+/PPPtXHjRg0ePLjIMa+vgBsQEFDoWrA6derI29vbWqjx
1KlTNoUjC3r99detNUPatm2rESNGFPt+XLhwwfq7s9smFedgXhwAACAASURBVMyOFVxW44yIiAjD
9apXr65FixapY8eOhqUATz31lO68807DUh97LBaLJk6caLMri7e3t4YMGaK7777bumzixhtv1A03
3CAvLy/985//1DvvvON0/M783ZVUWY/hyveoYJ2LggVHi+PIvZb3Z5yWlmZol0XBVgAAAJQ9e1+W
ObN5gDvZi9PRL/+qGg8PD9WqVUstW7aUr6+vfv31VyUkJKhmzZry9/e/9v//7g7SGdfXYzhy5IgO
HjyoiIgIh849deqUtm7davda1ytqvdPYsWO1cuVKbd++XZI0ffp0de3a1bCDSUHX1xXo0aNHoQ9y
fn5+6tSpk3bt2iVJ2rVrV6E7rkhSdHS0oSDqwYMHtXfv3iILO+bm5urrr7+2ths3blzosfYUfMC7
cOGC00mmotx6661auHChYXlQamqqnnjiCX311VdFZjK//PJLmwffPn366J133lGzZs0KPc/Vy0wq
Ele+R9fPDJJsl6wUx5EZS+X9GdurOQMAAICKx97M53PnzrkhEufZi7M8ZoublYeHh2rWrKkWLVro
t99+s+52mL8hhqkW9xR8eJ89e7ZDD0aZmZmaNWuWoe+OO+6w/n79TiD5dTbs8fb21quvvmptx8fH
a/LkyTa1KfIlJCToww8/tLa7d+9eZJwDBgyw/v7BBx8YZpZcL3+JTEHFvR/r1q0zFFzs2LFjkfEU
VHDZQXZ2ts1DYGmNHj1aY8eONfR99913ev3114s8b/ny5YZ2o0aNtHLlyiIffKWqVVfBle9RwX+E
Dx486NS6xzNnzhR7THl+xtnZ2YZlbJLzM54AAABQPuztQJmcnFzhi8SnpKTYncHh7I6aVZGPj4/u
uusutW7dWiEhIfL395eXl5e5Ehx169bVU089ZW1v3bpVffv21bZt2+xOic/NzdX333+ve++9V6tX
r7b2P/TQQ4YCoW3atLH+vn//fh07dqzQGNq3b6958+ZZ25999plGjx6tX375xXBcfHy8xowZY/2P
ytvbW8OHDy/y/oYOHWr9PTU1VQ899JDi4uJsrvvQQw9Zt3319va2Lnv57rvvNHToUP3888+Gc7Ky
svThhx/qL3/5i7Vv4sSJqlevXpHxFGTvP7Sy3jrTw8NDr732ms1D6zPPPFPoNrt5eXnavHmzoW/c
uHEOZT4LSyJVNq5+j1q0aGFoJycnG3YgKcrVq1eL3emkvD/j8+fP2/ybUrduXaevAwAAANcrbOfB
op7rKoLjx4/b7Xd0J8WqrlatWgoLC1PXrl3Vr18/DRkyxFxLVCTp6aef1rfffqt9+/ZJurazSs+e
PVWnTh3deeedqlu3rjw8PHThwgXt3r3bZqeQZs2a2RQo7Nixo/z8/KwFXj766CO9+OKLRcawc+dO
61KVtWvXau3ateratasaN26sCxcu6KuvvjKc88ILL9j8oZ45c0bvvfeemjZtqnHjxiksLEyzZs3S
K6+8IknauXOnwsPD1b17dzVs2FCJiYnWMfP961//kp+fnx599FFJ0jfffKO2bduqffv2Cg8PV3p6
unbt2mWdsiNdW57z9NNPF/1G2+Hr66vmzZsb/qFITExU8+bNnb5WUW666SYtWbJEPXr0MPRPmDBB
O3futFkOceXKFZtv6W+++eZix0lJSbH5nCorV79HBRMc0rUEpCN/G1FRUcXW7Cjvz7jgjBIfHx8S
HAAAABWUr6+vQkNDbb7YOnz4sNOz1stTbGysTV9oaGipNnOo6kw1g0O69vC7YcMG9enTx9B//vx5
ff7553r//fe1aNEirV271ia50aVLF23atMnmwahWrVp67LHHrO033nhDR44cKTQGX19frVixQt26
dTP0f//991qxYoXNA9Xjjz+uqVOn2hwbHh6u559/XnPnzrU+vD3zzDPq37+/4dgdO3bo008/tUlu
TJkyRU8++aT+8pe/aO7cuYbX9u/frxUrVujzzz83JDfq1Kmj1atXlzgrWHCZUFHvU2l0795d8+fP
N/QdOnTI5j4l+7u5XLp0qdgxlixZYprqyqXl6veoVatWat26taHv9ddfL7a4U15ent58881ir1/e
n/HRo0cN7a5du1JkFAAAoAILDw+36YuNjXW6Nlx5uXz5st0Eh737gONMl+CQrs1A+O9//6vly5cX
WVQzX8eOHbVkyRJt27at0G+UJ06caC0i2Lp1a508ebLIa4aEhOjLL7/U3LlzC936tUGDBlq8eLFh
O9R8bdu2tY53+vRp7dy5U9K1irmfffaZ5syZU+TYH3zwgd588015enrKw8NDzz77rFatWqVWrVoV
et7QoUO1c+dOQ/0RZxUs6lpUzZLSmj17tu666y5D39tvv62NGzca+qpXr27zcL1y5cpCd3mxWCz6
9NNPNXPmzLINuAJz9Xvk5eWl8ePHG/pOnjypCRMmFLr28Y8//tD8+fNtlp64I/6CYmJiDO1OnTqV
6DoAAAAoH4U9B+3evbucI3FMYXEV9TyH4pluiUo+b29vjRkzRg8//LBOnDihw4cP6/fff9eVK1dU
rVo1BQQEqH79+goPD9ctt9xS7E4fYWFhWrlypUJCQtSpUyeHdgYJDAzUc889p6lTpyoqKkoJCQm6
evWqgoKCFBYWpg4dOhQ6vcjf318PPPCA3n77bUnSnj171Lt3b0nXinm+8MILmjJlinbt2qUzZ84o
MzNTNWvW1K233qqOHTva7Azh4eGhkSNHasSIETpw4IB++eUXnT9/Xjk5Oapbt646dOig5s2bl3rH
k4Jb127evFk5OTny8ir7PyVfX1+9//77uv322w3FUydOnKgOHTqofv361r4hQ4YYHkp/+uknDR48
WLNnz1abNm104403Kjk5WQcPHtSyZcu0du1aSdeSRUlJSWUee0Xk6vdo3Lhx+uCDDwxJrzVr1ujQ
oUOaOHGiIiIiVKNGDV25ckWHDh3S8uXL9eOPP0qSYYtkd8Wfz2KxaMuWLYY+EhwAAAAVW0hIiJo2
bWpTB27nzp3q1q2b/P393RSZrbS0NOsX3Ndr2rSpQkJC3BBR5WHaBEc+Dw8PNWvWrNidFBxxfZFP
Z9SuXVuDBg1y+rx27dpZf//pp59sXg8ODi5yq1h7qlWrpg4dOtgkIspK+/btFRAQYE04JCYmKiYm
RrfddptLxgsPD9dbb72lRx55xNqXmJio6dOna9WqVapW7dokpMcee0xvvvmmIRHyzTff6Jtvvin0
2vfcc4/ef/993XrrrS6JvaJx9Xvk7++vxYsXq2/fvoalKUeOHNHkyZMLPW/mzJkKDg7WjBkz3Bp/
vl9//dVmBocjM8UAAADgXp06dbJJcOTk5Gjr1q0aNmyYm6KytXXrVuXk5Nj086Va6ZlyiUpFdvXq
VcXExGjPnj2KiYlRWlpaocc2bNjQ+rsj22RWBH5+fjZJl8jISJeOOW7cOD300EOGvtWrVxu24G3U
qJHWr1/v8Fae9957rz777DM1a9bMpuZJZVUe71HHjh21ZcsWNWrUyKHjp02bpgULFjj0j3l5fcYF
a90MHDiQAqMAAAAmEBERoQYNGtj079mzx269C3eIjY3Vnj17bPobNGhgUw4AziPBUUbOnTunGTNm
qG7dumrTpo26dOmiNm3aqE6dOpo4caLi4+NtzjFrddwRI0YY2suXL1dubq7LxvPw8NDrr7+uJk2a
GPqnT59uKAbZq1cv7du3TxMmTCi0Lkrz5s21ePFirVu3TnXq1JEk9ev3/9m7+/ic6/////eZZWaL
mRnW+lqYk1kocu7tJGdRNFLI2Tsn9Y7SW+lckreSvCklSeWkEppQo6wo53OSsTkZFlnynmEbsxPb
HL8/fBy/vXYcs2Oz7diL2/Vy2eWy5/N4nTxeM+q4H8+THiVWe1lTGj+jli1bau/evZo8ebIhxMut
e/fuWrNmjWbNmqUKFSqoSZMm+dZT2vV/9dVXhnbecA0AAABlV+fOne32r1y50ukLjiYnJ2vlypV2
X8uvbhSOi8VisTi7CLOLj49X9+7dr7ujiJ+fn8LCwtS2bVtr37p16/TAAw9Ikvr3768VK1aUeK3F
ISMjQ40aNTKENr/99pvNgqDOlJycrEOHDuncuXPKycmRp6enAgICVLduXeu0lltdafyMsrKydOjQ
ISUkJCgjI0O+vr6qWbOmQ1u8FqQk6o+JiTEsZurj46O4uDiHR40AAADA+ZYsWWIz5ViSAgMDNXr0
aLm6upZ6TTk5OZo/f77dD75DQkI0ZMiQUq/pZmT6NTjKgldeecUabnh5eenZZ59V/fr1derUKX35
5ZeKiYlRQkKC+vTpo02bNqlRo0aSrr6Zuia/3V3KInd3d7300ksaM2aMtW/u3LllKuCoUqWKWrdu
7ewyyrTS+Bm5ubnp7rvvLpFrl0T9CxYsMLQnTpxIuAEAAGAyvXr10pEjR5SZmWnoP378uBYuXKjh
w4eXasiRk5OjhQsX2g03KlSooF69epVaLTc7RnDcoLNnz1qHwUvSpk2b1L59e2s7LS1NU6dO1dtv
vy3p6vD9n3/+WRUqVNB9991n3XFi48aN6tixY6nWfiNSU1N19913G/6SRkVFqUmTJk6sCii6+Ph4
BQUFKSMjQ5Lk6+urgwcPqlq1ak6uDAAAAIUVFRWlr7/+2u5rgYGBGjhwoKpUqVLidSQnJ2vp0qV2
ww1JGjRoEGtvFCPG6t+g3IuD1qxZU+3atTO87uHhof/85z/617/+JUmKjIzUrFmz9MUXX1jDjZCQ
ENPt0uDp6amZM2ca+qZMmSLyMpjV9OnTreGGJL3zzjuEGwAAACbVtGlTde3a1e5rx48f15w5c0p8
4dEDBw5ozpw5+YYbXbt2JdwoZozguEEnTpywLn7p5uam8+fP291jOSUlRe3atVNMTIzc3Nzk6upq
fTP1008/qVu3bqVad3GwWCwaPHiwli5dau378ccf1b17dydWBRTenj17DFsrd+vWTeHh4Spfnll8
AAAAZrZq1Spt27Yt39dbtWqlbt262X0PV1Spqalav3693d1SrmnTpo369u1bbPfEVa6TJ0+e7Owi
zMzT01PLly/XuXPndOXKFbm5ual9+/Y2ixy6u7urQoUKWrNmja5cuWLd9/itt97SiBEjnFH6DXNx
cVGHDh30ww8/6OzZs5KkXbt2afDgwabdIQa3nvT0dD322GP666+/JF0dibVq1SpVrVrVyZUBAADg
RjVo0ECXLl1SfHy83df/+usvbd26VZcvX5avr6/c3d2LfK/k5GRt3LhRX331lU6ePJnvcYQbJYcR
HMVgwYIFGjVqlLXdvHlz9e7dWzVq1FB6errOnDmjzZs3a8uWLYbzRo4cqfnz58vFxaW0Sy5WUVFR
hh1g2rdvf0ttvQpz27Jli9atW2dt9+jRw7CODgAAAMwvIiJCERERBR4XHBys4OBg1atXz6HF5lNS
UnTkyBEdPHjQoSkvXbt2zXfqDG4cAUcxsFgseumll/Tuu+8W6jw/Pz+tX7++xHaZAAAAAABcFRUV
pbCwMJvdVfLj7e2t6tWry9vbWx4eHnJ1dVVOTo7S0tKUlJSkM2fOKCkpyaFrVahQQf369WPNjRJG
wFGMfvnlF33xxRdavny5srKyDK81bNhQvXr1Up8+fbR+/Xq99dZbkq4uQjpo0CDVq1dPqampCg0N
5ZceAAAAAErA+fPnFR4erujo6FK7Z0hIiHr16sUU6FJAwFEC0tLSlJiYqAsXLqhChQqqVq2a4Zc5
IyNDgwcP1sqVK23O/fTTTzVy5MjSLBcAAAAAbinR0dHasGGDTp06VWL38Pf3V+fOnRUSElJi94AR
WwSUAA8PD/2///f/8n3d3d1dS5YsUbNmzfThhx8qISHB+lpMTExplAgAAAAAt6yQkBCFhIQoKipK
kZGRiouLK7Zr16lTRy1btmRkvhMwgsPJLl26pGPHjuns2bNyd3dX/fr1Va1aNWeXBQAAAAC3jNOn
TysmJkaHDx/Od8eV6wkICFCDBg3UuHFj1axZswQqhCMIOAAAAAAA+D/p6emKj49XQkKCzp07p4sX
LyojI0NXrlxRuXLl5O7uLi8vL/n4+MjPz08BAQGqWLGis8uGCDgAAAAAAMBNoJyzCwAAAAAAALhR
BBwAAAAAAMD0CDgAAAAAAIDpEXAAAAAAAADTI+AAAAAAAACmR8ABAAAAAABMj4ADAAAAAACYHgEH
AAAAAAAwPQIOAAAAAABgegQcAAAAAADA9Ag4AAAAAACA6RFwAAAAAAAA0yPgAAAAAAAApkfAAQAA
AAAATI+AAwAAAAAAmB4BBwAAAAAAMD0CDgAAAAAAYHoEHAAAAAAAwPQIOAAAAAAAgOkRcAAAAAAA
ANMj4AAAAAAAAKZHwAEAAAAAAEyPgAMAAAAAAJgeAQcAAAAAADA9Ag4AAAAAAGB6BBwAAAAAAMD0
CDgAAAAAAIDpEXAAAAAAAADTI+AAAAAAAACmR8ABAAAAAABMj4ADAAAAAACYHgEHAAAAAAAwPQIO
AAAAAABgegQcAAAAAADA9Ag4AAAAAACA6RFwAAAAAAAA0yPgAAAAAAAApkfAAQAAAAAATI+AAwAA
AAAAmB4BBwAAAAAAMD0CDgAAAAAAYHoEHAAAAAAAwPQIOAAAAAAAgOkRcAAAAAAAANMj4AAAAAAA
AKZHwAEAAAAAAEyvvLMLcFRSUpKzSwAAAAAA4Jbj7e3t7BIcwggOAAAAAABgegQcAAAAAADA9Fws
FovF2UUAAAAAAADcCEZwAAAAAAAA0yPgAAAAAAAApkfAAQAAAAAATI+AAwAAAAAAmB4BBwAAAAAA
MD0CDgAAAAAAYHoEHAAAAAAAwPQIOAAAAAAAgOkRcAAAAAAAANMj4AAAAAAAAKZHwAEAAAAAAEyP
gAMAAAAAAJgeAQcAAAAAADA9Ag4AAAAAAGB6BBwAAAAAAMD0CDgAAAAAAIDpEXAAAAAAAADTI+AA
AAAAAACmR8ABAAAAAABMj4ADAAAAAACYHgEHAAAAAAAwPQIOAAAAAABgegQcAAAAAADA9Ag4AAAA
AACA6RFwAAAAAAAA0yPgAAAAAAAApkfAAQAAAAAATI+AAwAAAAAAmB4BBwAAAAAAMD0CDgAAAAAA
YHoEHAAAAAAAwPQIOAAAAAAAgOkRcAAAAAAAANMj4AAAAAAAAKZHwAEAAAAAAEyPgAMAAAAAAJge
AQcAAAAAADA9Ag4AAAAAAGB6BBwAAAAAAMD0CDgAAAAAAIDpEXAAAAAAAADTI+AAAAAAAACmR8AB
AAAAAABMj4ADAAAAAACYHgEHAAAAAAAwPQIOAAAAAABgeuWdXQAAAAAAAGVFenq64uPjlZCQoHPn
zunixYvKyMjQlStXVK5cObm7u8vLy0s+Pj7y8/NTQECAKlas6OyyIQIOAAAAAMAt7vTp04qJidHh
w4cVHx9f6PMDAgLUoEEDNW7cWDVr1iyBCuEIF4vFYnF2EQAAAAAAlLaoqChFRkYqLi6u2K5Zp04d
tWzZUk2bNi22a8IxBBwAAAAAgFtKdHS0NmzYoFOnTpXYPfz9/dW5c2eFhISU2D1gRMABAAAAALgl
nD9/XuHh4YqOji61e4aEhKhXr16qWrVqqd3zVkXAAQAAAAC46UVFRSksLEyZmZkOHe/t7a3q1avL
29tbHh4ecnV1VU5OjtLS0pSUlKQzZ84oKSnJoWtVqFBB/fr1Y9pKCSPgAAAAAADc1CIiIhQREVHg
ccHBwWrUqJGCgoJUuXLlAo9PSUnR0aNHdeDAAR04cKDA47t27aquXbs6VDMKj4ADAAAAAHDTWrVq
lbZt25bv6+XLl1f79u3VunVrValSpcj3SU5O1vbt27V582ZlZ2fne1ybNm3Ut2/fIt8H+SPggMPO
nTunP//8U+7u7mrUqJGzywEAAACA6yoo3GjVqpW6desmT0/PYrtnamqq1q9frx07duR7DCFHySjn
7AJQ9v3444/q1auXqlWrpnvvvVf//e9/nV0SAAAAAFxXREREvuGGl5eXhg0bptDQ0GINNyTJ09NT
oaGhGjZsmLy8vOwes23bNoemzKBwyju7gKL66KOPlJGRUeTzy5UrJzc3N3l5ealWrVpq2rSpfH19
i7FC80tPT9fzzz+vuXPnGvrPnj3rpIoAAAAAoGBRUVH5BgiBgYEaOHDgDU1HcURwcLD8/f21dOlS
HT9+3Ob1iIgI+fr6svBoMTLtFJW77rrL7i9JUbm5uWn06NGaNGmSqlevXmzXNav09HQNHTpU3377
rc1rPXr00Lp165xQ1c1l8eLFmjZtmrXt6+urzZs3O7EiAAAAwPzOnz+vWbNm2d0tpX79+ho+fLhc
XV1LrZ6cnBwtXLhQsbGxNq9VqFBBzz33HFvIFhOmqPyfrKwsffTRR+rVq9ctP0IhJydH48aNM4Qb
HTt21Nq1a5WcnEy4UUzS0tIUGxtr/Tp16pSzSwIAAABMLzw83G64ERgYWOrhhiS5urpq+PDhCgwM
tHktMzNT4eHhpVrPzcy0U1TGjRun9PT0G7pGdna2kpOT9fPPPys6OlqStHv3bs2ePVtTp04tjjJN
6f3339dnn31mbT/zzDOaPn263N3dnVjVVZ9++qnGjx9vbb///vvy9PTUE088USL3O3PmjCpVqlQi
10bxWbNmjQYOHGhtv/TSS3r99dedWBEAAACcITo62vreLjcvLy8NHDiw1MONa1xdXTVw4EDNmTNH
Fy9eNLx2reaQkBCn1HYzMe0UleKUmZmpIUOGaMWKFZKkO++8UydOnJCLi4uTKyteqamp2rJli86c
OaOhQ4faPWbDhg3q0qWLtT106FB99tlnKl/e+VnYrl271KFDB+vaKw8++KBWrlyp5cuXa/DgwSVy
z4sXLxb7okPXzJs3T0899ZS1HRgYqD/++KNE7nWzs1gsGjlypD7//HNr308//aRu3bo5sSoAAACU
tvfff9/uyOhhw4YpODjYCRUZHThwQIsWLbLp9/f317PPPuuEim4uTFHR1XlPud/wnzx5UqmpqU6s
qPhNnz5dd9xxh3r27KlXXnlFly9ftjnmzz//1LBhw6zt1q1ba86cOWUi3EhLS9OYMWOs4Yabm5tm
zJhRJmqD87m4uOitt95S5cqVrX1PPvmkkpKSnFgVAAAASlNUVJTdcKNVq1ZlItyQri482qpVK5v+
[...]
QHoCBwAAAJCewAEAAACkJ3AAAAAA6QkcAAAAQHoCBwAAAJCewAEAAACkJ3AAAAAA6QkcAAAAQHoC
BwAAAJCewAEAAACkJ3AAAAAA6QkcAAAAQHoCBwAAAJCewAEAAACkJ3AAAAAA6QkcAAAAQHoCBwAA
AJCewAEAAACkJ3AAAAAA6QkcAAAAQHoCBwAAAJCewAEAAACkJ3AAAAAA6QkcAAAAQHoCBwAAAJCe
wAEAAACkJ3AAAAAA6QkcAAAAQHoCBwAAAJCewAEAAACkJ3AAAAAA6QkcAAAAQHoCBwAAAJCewAEA
AACkJ3AAAAAA6QkcAAAAQHoCBwAAAJCewAEAAACkJ3AAAAAA6QkcAAAAQHoCBwAAAJCewAEAAACk
J3AAAAAA6QkcAAAAQHoCBwAAAJCewAEAAACkJ3AAAAAA6QkcAAAAQHoCBwAAAJCewAEAAACkJ3AA
AAAA6QkcAAAAQHoCBwAAAJCewAEAAACkJ3AAAAAA6QkcAAAAQHoCBwAAAJCewAEAAACkJ3AAAAAA
6QkcAAAAQHoCBwAAAJCewAEAAACkJ3AAAAAA6QkcAAAAQHoCBwAAAJCewAEAAACkJ3AAAAAA6Qkc
AAAAQHoCBwAAAJCewAEAAACkJ3AAAAAA6QkcAAAAQHoCBwAAAJCewAEAAACkJ3AAAAAA6QkcAAAA
QHoCBwAAAJCewAEAAACkJ3AAAAAA6QkcAAAAQHoCBwAAAJCewAEAAACkJ3AAAAAA6QkcAAAAQHoC
BwAAAJCewAEAAACkJ3AAAAAA6QkcAAAAQHoCBwAAAJCewAEAAACkJ3AAAAAA6QkcAAAAQHoCBwAA
AJCewAEAAACkJ3AAAAAA6QkcAAAAQHoCBwAAAJCewAEAAACkJ3AAAAAA6QkcAAAAQHoCBwAAAJCe
wAEAAACkJ3AAAAAA6QkcAAAAQHoCBwAAAJCewAEAAACkJ3AAAAAA6QkcAAAAQHoCBwAAAJCewAEA
AACkJ3AAAAAA6QkcAAAAQHoCBwAAAJCewAEAAACkJ3AAAAAA6QkcAAAAQHoCBwAAAJCewAEAAACk
J3AAAAAA6QkcAAAAQHoCBwAAAJCewAEAAACkJ3AAAAAA6QkcAAAAQHoCBwAAAJCewAEAAACkJ3AA
AAAA6QkcAAAAQHoCBwAAAJCewAEAAACkJ3AAAAAA6QkcAAAAQHoCBwAAAJCewAEAAACkJ3AAAAAA
6QkcAAAAQHoCBwAAAJCewAEAAACkJ3AAAAAA6QkcAAAAQHoCBwAAAJCewAEAAACkJ3AAAAAA6Qkc
AAAAQHoCBwAAAJCewAEAAACkJ3AAAAAA6QkcAAAAQHoCBwAAAJCewAEAAACkJ3AAAAAA6QkcAAAA
QHoCBwAAAJCewAEAAACkJ3AAAAAA6QkcAAAAQHoCBwAAAJCewAEAAACkJ3AAAAAA6QkcAAAAQHoC
BwAAAJCewAEAAACkJ3AAAAAA6QkcAAAAQHoCBwAAAJCewAEAAACkJ3AAAAAA6QkcAAAAQHoCBwAA
AJCewAEAAACkJ3AAAAAA6QkcAAAAQHoCBwAAAJCewAEAAACkJ3AAAAAA6QkcAAAAQHoCBwAAAJCe
wAEAAACkJ3AAAAAA6QkcAAAAQHoCBwAAAJCewAEAAACkJ3AAAAAA6QkcAAAAQHoCBwAAAJCewAEA
AACkJ3AAAAAA6QkcAAAAQHoCBwAAAJCewAEAAACkJ3AAAAAA6QkcAAAAQHoCBwAAAJCewAEAAACk
J3AAAAAA6QkcAAAAQHoCBwAAAJCewAEAAACkJ3AAAAAA6QkcAAAAQHoCBwAAAJCewAEAAACkJ3AA
AAAA6QkcAAAAQHoCBwAAAJCewAEAAACkJ3AAAAAA6QkcAAAAQHoCBwAAAJCewAEAAACkJ3AAAAAA
6QkcAAAAQHoCBwAAAJCewAEAAACkJ3AAAAAA6QkcAAAAQHoCBwAAAJCewAEAAACkJ3AAAAAA6Qkc
AAAAQHoCBwAAAJCewAEAAACkJ3AAAAAA6QkcAAAAQHoCBwAAAJCewAEAAACkJ3AAAAAA6QkcAAAA
QHoCBwAAAJCewAEAAACkJ3AAAAAA6QkcAAAAQHoCBwAAAJCewAEAAACkJ3AAAAAA6QkcAAAAQHoC
BwAAAJCewAEAAACkJ3AAAAAA6QkcAAAAQHoCBwAAAJCewAEAAACkJ3AAAAAA6QkcAAAAQHoCBwAA
AJCewAEAAACkJ3AAAAAA6QkcAAAAQHoCBwAAAJCewAEAAACkJ3AAAAAA6QkcAAAAQHoCBwAAAJCe
wAEAAACkJ3AAAAAA6QkcAAAAQHoCBwAAAJCewAEAAACkJ3AAAAAA6QkcAAAAQHoCBwAAAJCewAEA
AACkJ3AAAAAA6QkcAAAAQHoCBwAAAJCewAEAAACkJ3AAAAAA6QkcAAAAQHoCBwAAAJCewAEAAACk
J3AAAAAA6QkcAAAAQHoCBwAAAJCewAEAAACkJ3AAAAAA6QkcAAAAQHoCBwAAAJCewAEAAACkJ3AA
AAAA6QkcAAAAQHoCBwAAAJCewAEAAACkJ3AAAAAA6QkcAAAAQHoCBwAAAJCewAEAAACkJ3AAAAAA
6QkcAAAAQHoCBwAAAJCewAEAAACkJ3AAAAAA6QkcAAAAQHoCBwAAAJCewAEAAACkJ3AAAAAA6Qkc
AAAAQHoCBwAAAJCewAEAAACkJ3AAAAAA6QkcAAAAQHoCBwAAAJCewAEAAACkJ3AAAAAA6QkcAAAA
QHoCBwAAAJCewAEAAACkJ3AAAAAA6QkcAAAAQHoCBwAAAJCewAEAAACkJ3AAAAAA6QkcAAAAQHoC
BwAAAJCewAEAAACkJ3AAAAAA6QkcAAAAQHoCBwAAAJCewAEAAACkJ3AAAAAA6QkcAAAAQHoCBwAA
AJCewAEAAACkJ3AAAAAA6QkcAAAAQHoCBwAAAJCewAEAAACkJ3AAAAAA6QkcAAAAQHoCBwAAAJCe
wAEAAACkJ3AAAAAA6QkcAAAAQHoCBwAAAJCewAEAAACkJ3AAAAAA6QkcAAAAQHoCBwAAAJCewAEA
AACkJ3AAAAAA6QkcAAAAQHoCBwAAAJCewAEAAACkJ3AAAAAA6QkcAAAAQHoCBwAAAJCewAEAAACk
J3AAAAAA6QkcAAAAQHoCBwAAAJCewAEAAACkJ3AAAAAA6QkcAAAAQHoCBwAAAJCewAEAAACkJ3AA
AAAA6QkcAAAAQHoCBwAAAJCewAEAAACkJ3AAAAAA6QkcAAAAQHoCBwAAAJCewAEAAACkJ3AAAAAA
6QkcAAAAQHoCBwAAAJCewAEAAACkJ3AAAAAA6QkcAAAAQHoCBwAAAJCewAEAAACkJ3AAAAAA6Qkc
AAAAQHoCBwAAAJCewAEAAACkJ3AAAAAA6QkcAAAAQHoCBwAAAJCewAEAAACkJ3AAAAAA6QkcAAAA
QHoCBwAAAJCewAEAAACkJ3AAAAAA6QkcAAAAQHoCBwAAAJCewAEAAACkJ3AAAAAA6QkcAAAAQHoC
BwAAAJCewAEAAACkJ3AAAAAA6QkcAAAAQHoCBwAAAJCewAEAAACkJ3AAAAAA6QkcAAAAQHoCBwAA
AJCewAEAAACkJ3AAAAAA6QkcAAAAQHoCBwAAAJCewAEAAACkJ3AAAAAA6QkcAAAAQHoCBwAAAJCe
wAEAAACkJ3AAAAAA6QkcAAAAQHoCBwAAAJCewAEAAACkJ3AAAAAA6QkcAAAAQHoCBwAAAJCewAEA
AACkJ3AAAAAA6QkcAAAAQHoCBwAAAJCewAEAAACkJ3AAAAAA6QkcAAAAQHoCBwAAAJCewAEAAACk
J3AAAAAA6QkcAAAAQHoCBwAAAJCewAEAAACkJ3AAAAAA6QkcAAAAQHoCBwAAAJCewAEAAACkJ3AA
AAAA6QkcAAAAQHoCBwAAAJCewAEAAACkJ3AAAAAA6QkcAAAAQHoCBwAAAJCewAEAAACkJ3AAAAAA
6QkcAAAAQHoCBwAAAJCewAEAAACkJ3AAAAAA6QkcAAAAQHoCBwAAAJCewAEAAACkJ3AAAAAA6Qkc
AAAAQHoCBwAAAJCewAEAAACkJ3AAAAAA6QkcAAAAQHoCBwAAAJCewAEAAACkJ3AAAAAA6QkcAAAA
QHoCBwAAAJCewAEAAACkJ3AAAAAA6QkcAAAAQHoCBwAAAJCewAEAAACkJ3AAAAAA6QkcAAAAQHoC
BwAAAJCewAEAAACkJ3AAAAAA6QkcAAAAQHoCBwAAAJCewAEAAACkJ3AAAAAA6QkcAAAAQHoCBwAA
AJCewAEAAACkJ3AAAAAA6QkcAAAAQHoCBwAAAJCewAEAAACkJ3AAAAAA6QkcAAAAQHoCBwAAAJCe
wAEAAACkJ3AAAAAA6QkcAAAAQHoCBwAAAJCewAEAAACkJ3AAAAAA6QkcAAAAQHoCBwAAAJCewAEA
AACkJ3AAAAAA6QkcAAAAQHoCBwAAAJCewAEAAACkJ3AAAAAA6QkcAAAAQHqVcQ/Aw/V6vej3+9Hr
9WIwGGz998E3AAAA9q9UKo28zczMbP23XC7HzMzMuMfkIUoDZ8cTo9vtRrfbjV6vt/UGAADA5JiZ
mdl6q1QqUalYNzApBI4x6na70el0tsIGAAAA+dwPHbOzs4LHGAkch6zT6USn04nNzU2XlgAAABRM
qVSKarUas7OzMTs7O+5xporAcQi63W602+3odDqiBgAAwJQolUoxOzsbtVrNyo5DIHA8JoPBIDY3
N6PdbttLAwAAYMrNzMxErVaLarUapVJp3OMUksBxwHq9XrTb7Wi32+MeBQAAgAlUq9WiVqu5K8sB
EzgOSK/Xi42Njdjc3Bz3KAAAACRQrVajXq8LHQdE4HhEwgYAAACPQug4GALHPg0Gg2i1Wi5FAQAA
4EDUarVoNBr26NgngWMf2u12tFotd0QBAADgQJVKpWg0GlGr1cY9SjoCxx50u91otVrR7XbHPQoA
AAAFVqlUotFouL3sHggcu9RqtWJjY2PcYwAAADBF6vV6NBqNcY+RgsDxJazaAAAAYJys5tgdgeMh
2u12rK+vj3sMAAAAiLm5OXtzPITAsYP19XV3SAEAAGCi1Gq1mJubG/cYE0ngeEC/34+1tTWXpAAA
ADCRKpVKNJvNKJfL4x5loggcX9DtdmNtbS36/f64RwEAAIAdlcvlaDab9uX4AoHj/2xubsba2tq4
xwAAAIBdazabUa1Wxz3GRBA4wmaiAAAA5GXz0XumPnBsbGxEq9Ua9xgAAACwb41GI+r1+rjHGKup
3pGk3W6LGwAAAKTXarWm/k6gU7uCw8oNAAAAimaaV3JM5QoOKzcAAAAoomleyTF1gWNzc9OGogAA
ABTW+vp6bG5ujnuMQzdVgaPb7boVLAAAAIW3trYW3W533GMcqqkJHP1+X9wAAABgaqytrUW/3x/3
GIdmagLHtH1hAQAAmG7T9ov+qQgc6+vrU7c0BwAAALrd7tTsQ1n4wNFut6d2B1kAAACYlvPiQgeO
aSpVAAAAsJNpuLKh0IGj1WqNewQAAACYCEU/Ry5s4Gi1WoWvUwAAALBb3W630JGjkIGj2+3GxsbG
uMcAAACAibKxsVHYxQCFDBxFLlIAAADwKIp6zly4wNFutwtbowAAAOBRdbvdQt5VpVCBYzAYFLZE
AQAAwEFptVoxGAzGPcaBKlTgKOIXCAAAAA5aERcIFCZw9Hq9Qi6xAQAAgMeh3W5Hr9cb9xgHpjCB
w11TAAAAYG+KdC5diMDR6/Vic3Nz3GMAAABAKpubm4VZxVGIwFGk4gQAAACHqSjn1OkDh9UbAAAA
sH9FWcWRPnDYWBQAAAAeTRHOrVMHjsFgUIgvAgAAAIxTu92OwWAw7jEeSerA4dIUAAAAOBjZz7FT
Bw6rNwAAAOBgZD/HThs4ut1uITZBAQAAgEnQ6/Wi2+2Oe4x9Sxs4spclAAAAmDSZz7XTBo5OpzPu
EQAAAKBQMp9rpwwcnU4n/e6uAAAAMGkGg0HayJE2cAAAAAAHL+s5d8rAkf3WNQAAADCpsp5zpwsc
3W7X5SkAAADwmAwGg5R3U0kXOLIulQEAAIAsMp57pwscGSsSAAAAZJLx3FvgAAAAAIZkPPdOFTgy
foIBAAAgo2zn4AIHAAAAMCLbOXiqwNHr9cY9AgAAAEyFbOfglXEPsBfZPrkAcNgGg0H89re/HTk+
Pz8fr7322r6e8/Lly/Hpp59u/fmpp56KCxcu7HtGACCHbOfgVnAAQIEMBoNt3+7evRt//vOfD+w5
AYDiy3YOnmYFR7ZPLABMmg8++CAWFhaiWq2Oe5SJc/369fjss88iIuL06dPx5JNPjnkiAJgMvV4v
ZmZmxj3GrqRZwdHv98c9AgCk1u124+rVq+MeYyJdv3497ty5E3fu3InNzc1xjwMAEyPTuXiawGEF
BwA8upWVlbh58+a4x5go7XY7VldXxz0GAEykTOfiaQKH630BYO/K5dFv9UtLS6l+G/O43b80BQAY
lelcPE3gyFSNAGBS1Ov1eOqpp4aObWxsxPvvvz+WeQaDwcR9T19ZWRn3CAAwsSbt+/bDpNlkNFM1
AoBJ0e/34+zZs3H79u3odDpbxz/++OM4efJkPPHEE4/99T/99NNYWVmJ1dXVrRnK5XLMzs7G0aNH
Y2FhIU6cOLHjc/zpT3+Kdrs9dGxxcXFXs9+8eXPoFrcREUeOHInTp0/H2tpaLC8vx927d4cev379
ety+fXvkuarVarz44otf+poAUCSZzsUFDgAosG63G9VqNZ5//vm4cuXK1vF+vx9XrlyJixcvPrbX
XllZiaWlpZE4cf/12+12fPbZZ/HZZ5/F/Px8nD9/PprN5sj7Hj9+PP74xz8O/SzQarXi4sWLUSqV
dnz9TqcTV65cGdo0dGZmJp555pl45513YmVlZdufL1ZXV7fdk6PRaHzp3xkAiibTuXiaS1QyfVIB
YFLc32vj1KlTcfTo0aHHVldX46OPPnosr3vt2rV4++23t40b21ldXY233nor7ty5M/LYV77ylTh1
6tTQsb/85S+xvLz80OdcWloauSPK2bNno9frxY0bN/xsAQC7kOn7pcABAAXW7/e3voeeO3duZMXD
8vLyriPEbn3yySfb7vFx7NixOHPmTLzwwgtx+vTpmJ+fH3q82+3GO++8s+08Z8+eHVlB8eGHH8ba
2tq2M6ysrIxsHvrkk0/GqVOnolKpxPz8fMzPz297mUu9Xt96/Itv260uAYCiy3Qu7hIVACi4wWAQ
pVIp5ubm4tlnn41r165tPdbtdmNpaSm++tWvHshrbW5uxtLS0tCxarUar7zyysgKkoh7+11cvXp1
6/t8p9OJq1evxquvvjr0fuVyOS5cuBD/8z//s7Uqpd/vx+XLl+O1114bCjfdbjeuXr06MsP58+cj
4t4eHPcvzWm32/Ff//VfQ++7uLg4smIEAKZVpnPxNCs4AID9+eLu52fOnBlZCbGysnJgdxL54IMP
hl6vVCrFq6++um3ciLhAb/ukAAAXG0lEQVR36czp06eHjt26dSvW19dH3vfIkSPx7LPPDh1bXV2N
Dz/8cOjYdpemvPjiizE7O7unvwsAkIvAAQAFd3/FQ8S9lRDnzp0beZ+lpaWh99vv6zx4WcjTTz89
cinKgxYXF6Nc/v8fSQaDwcjz3HfmzJmR51teXt4KIrdu3Rq5a8rTTz8dCwsLu/57AAA5CRwAUHAP
Li09duxYPPXUU0PH2u12vPfee4/0Ordu3RpavRFxLy58mUqlEkeOHBk69vnnn2/7vqVSKS5cuDAU
RO5fqtLtdofuFBNxbz8Nt3YFgOkgcADAFDp79uzIJRsff/zxtrdH3a0Ho0SpVBoJFzuZm5sb+vPG
xsZD3/f5558fOnb37t34/e9/P7RBaalUivPnz8fMzMyuZgAAckuzyWipVEq1uQkATLJqtRrPP//8
0IqHwWAQV69e3dqA874H77yyk1arNfJxf/zjH3f1sQ/uudHtdh/6/qdPn45bt27F7du3d3z9Z555
Jo4dO7ar1wcAtrfbnwMmgcABAFPq1KlT8emnnw6tvFhdXY2PPvpoaOPP3f5g8+DGnv1+P27evLmv
2XazH8iFCxfizTffjE6nM/JYs9kcWeUBAOxdpsCR5hKVTJ9UAMji3LlzI99jP/jgg6FLPb6438XD
POompXtVrVbj5MmT2z52+vTpXc8NAOws07l4qhUcAMDBmpubi2effTauXbu2dazX68XVq1fj1Vdf
jYjdB44Hv1dXKpU4fvz4vubazff9VqsVH3/88baPXbt2LRYWFuy/AQCPKNO5uMABAFPuzJkzcePG
jaE9LG7evBkrKytx4sSJXQeOB2PC7OxsvPLKKwc6632DwSAuXbq046qRVqsVS0tLcf78+cfy+gAw
LTKdi6dZu+k3MADweJTL5XjppZdGji8tLUWv19v19+B6vT7053a7/dj2z1peXh6548uDG4p+8skn
sbKy8lheHwCmRaZz8TSBI1M1AoBsjh8/PrKfRbvdjvfee2/XKzieeOKJoT/3+/2RW8cehLt37w5d
UhMRceLEifja174WzWZz6PiVK1e23YQUANidTOfiaQJHpmoEABmdPXs2Zmdnh45dv3595ParO3ny
ySdHjl2/fv1AZruv3+/H5cuXh1aGzM7OxksvvRSlUinOnz8/FGQ6nU68++67Oz7fdj+09Xq9A50Z
ADLLdC6eJnDYCR0AHq/Z2dl44YUXho4NBoMdN/J8UKPRiCNHjgwdu3HjRty+ffvAZrx69Wqsr68P
HXvxxRejWq1GRMT8/PzQLW4jIm7duhV//vOft32+SmV0O7LdBh0AmAaZzsXTTJqpGgFAVk8//fTI
XhZ72UfjueeeG/nYt99+e9d7Ydy+fTuWlpa2fWxlZSU++eSToWMnTpyIp556aujYmTNnRi5Vee+9
97YNF+VyeSuO3PfZZ5/F5ubmruYFgKLLdC6e5i4qEfc+sZaNAsDj9dJLL8Wbb765rw1Cjx8/Hk8/
/fRQiOj1evH222/H/Px8nDhxIprNZlQqlej3+9HtdmN9fT3W1tbizp070el0olqtxosvvjj0vJub
m3H16tWhY9VqddvNUcvlcpw/fz7eeuutrbus9Pv9uHTpUrz22msjl6UcOXJkKMB0u934/e9/H6dP
n45msxmDwSDa7XZ8/vnnce7cuVS/yQKAR5EpbkQIHADAA+bm5mJxcTGWl5f39fHnzp2LTqcTN2/e
HDq+uro6cueT3bpy5crIqoovXpryoPn5+XjmmWfiww8/HHr95eXlkVUmf/VXfxU3b94cCjrtdjv+
9Kc/jTzvuXPn9jU/AGSULXCk+hVEtk8uAGS1uLgYjUZjXx9bKpXiq1/9ajz77LP7Wu3w4AqL69ev
j8SShYWFWFhYeOjzPPfcczE3Nzd07Nq1a3H37t2hY8ePH4/FxcU9zwkARZftHDxV4NhuIzAA4OCV
y+VtL//YrVKpFC+88EJ885vfjFOnTu240uKL73/kyJF4/vnn4xvf+MbW8VarNbKS4v5dU75MuVyO
CxcuDAWTwWAQly9f3rp05b7nnnsuLly4EPV6fcfnezCWAEDRZTsHLw32c4HtGB3kTuwAwOFZW1uL
tbW16HQ6MRgMolwux8zMTDQajXjiiScmZm+LtbW1+Mtf/hKdTicqlUrUarVoNptfGmkAoGiOHz8+
7hH2JF3gWF1djW63O+4xAAAAoLAqlUrMz8+Pe4w9mYxflexBtiUyAAAAkE3Gc+90gWN2dnbcIwAA
AEChZTz3Thc4KpXKyO7qAAAAwMEolUpWcBwWm3wBAADA45H1nDtl4Mi4VAYAAAAyyHrOnTZwuEwF
AAAADlapVBI4DlvWTzgAAABMqszn2mkDR61WG/cIAAAAUCiZz7XTBo5KpRIzMzPjHgMAAAAKYWZm
JuXdU+5LGzgicpclAAAAmCTZz7FTB46st64BAACASZP9HDt14CiVSukLEwAAAIxbrVZLf7fS1IEj
Iv8SGgAAABi3Ipxbpw8cMzMz6ZfRAAAAwLhUq9VC3MQjfeCIiKjX6+MeAQAAAFIqyjl1IQKHVRwA
AACwd0VZvRFRkMARUZziBAAAAIelSOfShQkcMzMzhdgUBQAAAA5DrVYrzOqNiAIFjoiIRqOR/rY2
AAAA8LiVSqVoNBrjHuNAFSpwFPELBAAAAAetiAsEChU4Iu4tsalUKuMeAwAAACZSpVIp5BYPhQsc
EWEVBwAAAOygqOfMhQwclUqlUDvBAgAAwEGo1+uFveqhkIEj4l6RKuoXDQAAAPaqUqkUdvVGRIED
R0Rxl90AAADAXhX9HLnQgaNSqcTc3Ny4xwAAAICxmpubK/xVDoUOHBH37qpSxN1hAQAAYDem5by4
8IEjYjpKFQAAADxomq5smIrAERHRbDajXJ6avy4AAABTrlwuR7PZHPcYh2Zqzvin7QsLAADAdJu2
X/RPz9807i3NETkAAAAoumazOXVbNUxV4IiIqFarU3P9EQAAANNnbm4uqtXquMc4dFMXOCLu7SBb
9Pv/AgAAMH0ajcZU3DFlO6XBYDAY9xDj0m63Y319fdxjAAAAwCObm5ub2rgRMaUrOO6zkgMAAIAi
mOaVG/dN9QqO+6zkAAAAIKtpX7lxn8DxfzY3N2NtbW3cYwAAAMCuNZvNqdxQdDsCxxd0u91YW1uL
fr8/7lEAAABgR+VyeSpvBfswAscD+v1+rK2tRbfbHfcoAAAAMKJSqUSz2Yxyeaq31RwhcOxgfX09
2u32uMcAAACALbVaLebm5sY9xkQSOB7C5qMAAABMCpuJPpzA8SW63W60Wi2XrAAAADAWlUolGo2G
/Ta+hMCxS61WKzY2NsY9BgAAAFOkXq9Ho9EY9xgpCBx7YDUHAAAAh8Gqjb0TOPah3W5Hq9UKnzoA
AAAOUqlUikajYa+NfRA49mkwGESr1XKnFQAAAA5ErVaLRqMRpVJp3KOkJHA8ol6vFxsbG7G5uTnu
UQAAAEioWq1GvV6PmZmZcY+SmsBxQIQOAAAA9kLYOFgCxwHr9XrRbrddugIAAMC2arVa1Go1YeOA
CRyPyWAwiM3NzWi329Hr9cY9DgAAAGM0MzMTtVotqtWqPTYeE4HjEHS73Wi329HpdNx5BQAAYEqU
SqWYnZ2NWq3mdq+HQOA4ZJ1OJzqdTmxuboodAAAABVMqlaJarcbs7GzMzs6Oe5ypInCMUbfbjU6n
E91uN7rd7rjHAQAAYB8qlUpUKpWYnZ21UmOMBI4Jcj909Hq9rTcAAAAmx8zMzNbb/bDBZBA4Jlyv
14t+vx+9Xi8Gg8HWfx98AwAAYP9KpdLI28zMzNZ/y+Wyu55MOIEDAAAASK887gEAAAAAHpXAAQAA
AKQncAAAAADpCRwAAABAegIHAAAAkJ7AAQAAAKQncAAAAADpCRwAAABAegIHAAAAkJ7AAQAAAKQn
cAAAAADpCRwAAABAegIHAAAAkJ7AAQAAAKQncAAAAADpCRwAAABAegIHAAAAkJ7AAQAAAKQncAAA
AADpCRwAAABAegIHAAAAkJ7AAQAAAKQncAAAAADpCRwAAABAegIHAAAAkJ7AAQAAAKQncAAAAADp
CRwAAABAegIHAAAAkJ7AAQAAAKQncAAAAADpCRwAAABAegIHAAAAkJ7AAQAAAKQncAAAAADpCRwA
AABAegIHAAAAkJ7AAQAAAKQncAAAAADpCRwAAABAegIHAAAAkF4pIgbjHgIAAADgUVjBAQAAAKQn
cAAAAADpCRwAAABAegIHAAAAkJ7AAQAAAKQncAAAAADpCRwAAABAegIHAAAAkJ7AAQAAAKQncAAA
AADpCRwAAABAegIHAAAAkJ7AAQAAAKQncAAAAADpCRwAAABAegIHAAAAkJ7AAQAAAKQncAAAAADp
CRwAAABAegIHAAAAkJ7AAQAAAKQncAAAAADpCRwAAABAegIHAAAAkJ7AAQAAAKQncAAAAADpCRwA
AABAegIHAAAAkJ7AAQAAAKQncAAAAADpCRwAAABAegIHAAAAkJ7AAQAAAKQncAAAAADpCRwAAABA
egIHAAAAkJ7AAQAAAKQncAAAAADpCRwAAABAegIHAAAAkJ7AAQAAAKQncAAAAADpVcY9AACQR71e
j5MnT279+YUXXtj1x7733ntb///555/HnTt3DnQ2AGC6CRwAwI6OHTsWFy5ciK9//euxuLgYzWbz
wJ57bW0trl27Fm+99Va8//778emnnx7YcwMA06cUEYNxDwFFc/78+fj7v//7WFhYiEuXLsUbb7wR
n3/++Z6e4+TJk/Htb387vvnNb8abb74Zv/rVr/b8w//Ro0fjH/7hH+Lll1+OGzduxM9//vO4fPny
np4DmE5nzpyJ73znO/Hyyy8f2mteunQpfvGLX8Ty8vKhvSbAbpw8eTL+7u/+Li5evBj//d//Hb/8
5S9FWZhAAgccsKNHj8YPfvCDoWPvvPNO/Pu///uun6Ner8frr78+9JvStbW1+MEPfhAbGxu7fp5/
+Zd/iTNnzgwde/311/ccW4DpUa/X4x//8R/jG9/4xthmuHTpUvz4xz/e0793AI/LyZMn4/vf//7Q
z2U3btyIH/3oR/6dggljk1E4YBcvXhw59sorr8TRo0d3/RwnT54cWQbebDaHrnv/MkePHh2JGzvN
BxBx79+ef/7nfx5r3IiIePnll+P111/f0795AI/DdnEjImJhYcG/UTCBBA44JMeOHSv06wG53f8h
/rnnnhv3KBFxL+p+//vfdwIBjM1OceM+qzdg8thkFACmXL1ej3/6p3/a1QaiV65ciY8++iju3r0b
d+7c2dOdUI4dOxbHjh2LJ554IhYXF+PcuXMPff9msxnf+9734oc//KETCeBQfVncuHTpkj04YAIJ
HAAw5f72b//2oSs3bty4ET/72c/i0qVLBx4aXnvttfjWt761Y+w4ceJEfPe7342f/OQnB/q6ADv5
srixvLwcP/7xjw93KGBXBA4AmGJnzpyJb3/72zs+/sYbb8Svf/3rx/b6f/jDH+IPf/hDfOtb34rv
fve7277PxYsX4ze/+Y27qwCP3W7ixr/+679aVQYTyh4cADDF/vqv/3rHx/7jP/7jscaNL/rd734X
//Zv/7bj49/5zncOZQ5geokbkJ/AAQBTql6vx9/8zd9s+9gbb7wRb7311qHO8+6778ZPf/rTbR97
+eWXbZ4MPDbiBhSDwAEAU+rChQvbHr9x48ahrdx40O9+97u4cuXKto/tNC/AoxA3oDgEDgCYUl/7
2te2Pf6zn/3skCcZ9p//+Z/bHv/6179+yJMARSduQLEIHAAwpRYXF7c9/v777x/yJMPefffdbY/v
NC/AfogbUDwCBwBMqYWFhZFjN27ciDt37oxhmv+3sbERly5dGjnebDajXq+PYSKgaMQNKCaBAwCm
0E4bdn744YeHPMn2dprj5MmThzwJUDTiBhSXwAEAU+jo0aPbHr927dohT7K99fX1cY8AFJC4AcUm
cAAAE6fVao17BKBgxA0oPoEDAJg4169f3/b4qVOnDnkSoAjEDZgOAgcAkEaj0Rj3CEAy4gZMD4ED
AAAoJHEDpovAAQAAFI64AdNH4AAAAApF3IDpJHAAAPxve3cM2lS7BnD8uXiLsYIRJDUK1SKodZHq
4uBiXbSbnZwzOOji4uR0ZwfBJYtQEKy4OrhEHIQOLlHBooWCkhapcWqGYITKvcPHx/0uPflsr3rS
9+T3G9+XnvN0yTn503MKFMq1a9f6xo2IiLm5OXEDCkjgAAAACuX+/fvR7Xb77tdqtSiVSjlOBORB
4AAAAAql3W7HvXv3+kaOiYmJuH79usgBBSNwAAAAhSNywPAROAAAgEISOWC4CBwAQDK+fv066BGA
xIgcMDwEDgBgxzl06FDm+traWs6TAEUgcsBwEDgAgB1nz549gx4BKBiRA4pP4ACAIdTpdDLXT5w4
kfMk2UZHRwc9AlBAIgcUm8ABAENofX09c71SqeQ8Sbbx8fHM9Xa7nfMkQNGIHFBcAgcADKlWq7Vp
rVKpxP79+wcwzX+VSqU4derUpvVutxu9Xm8AEwFFI3JAMQkcADCkVldXM9fPnDmT8yT/a3JyMnN9
ZWUl50mAIhM5oHgEDgAYUsvLy5nr58+fH+gN/czMTOb6mzdvcp4EKDqRA4pF4ACAIbW0tJS5XqlU
4uLFizlP84fp6emoVquZe/3mBfgZIgcUh8ABAEOq1+vFwsJC5t6lS5diamoq13mmpqbiypUrmXvN
ZrPvi1EBfpbIAcUgcADAEHv27FnfvVqtFjMzM7nc0E9PT0etVuu7/+LFi98+AzDcRA5In8ABAENs
fX09Go1G3/3Lly/HrVu34sKFC1Eul3/pucvlcpw7dy5u377d9y83IiIajUbmf3wB+NVEDkjbPwc9
AAAwWE+fPo2TJ0/G0aNHM/crlUrMzs7G7OxsfP78Ob58+RIfPnyIiIjv379v+Ty7du2KiIhjx47F
2NhY33dt/FWr1Yrnz59v+RwAP+vPyHHz5s3Yu3fvpv2JiYm4evVqPHjwYADTAX9H4AAAol6vx40b
N/pGjj9Vq9WoVqtx+vTp3z5Tt9uNubm56PV6v/1cAH/1o8hx9uzZePLkiXcDwQ7jERXISd4XQBdc
YDt6vV7U6/Ud8yhIq9WKO3fu+CwDBuZHj6vs3r0754mAHxE44Bd79erVprX3799Hp9PZ8jHa7fam
i2m32412u73lY3Q6ncwvKlnzAUT8ETnu3r37t+/kyEOj0Yh6vS5uAAPXL3KsrKxs674MyMeuiPjX
oIeAIvn27Vt8/PgxxsbGYmRkJN6+fRvz8/OxsbGx5WNsbGzE4uJijI6OxuHDh6PZbMb8/Py2IklE
xLt372Lfvn1RLpdjbW0tHj16FJ8+fdrurwQMmeXl5Xj58mWMjIzEkSNHcjvvwsJCPHz4MF6/fr2t
z0yA36nb7cbi4mIcOHAgKpVKNJvNePz4scfnYAf6R0T8e9BDAAA7U6lUisnJyTh+/HiMj4//8B0d
29FqtWJ1dTWWl5djaWnJlwUA4KcIHADAtpRKpTh48OD//fOdTsfjJwDALydwAAAAAMnzklEAAAAg
eQIHAAAAkDyBAwAAAEiewAEAAAAkT+AAAAAAkidwAAAAAMkTOAAAAIDkCRwAAABA8gQOAAAAIHkC
BwAAAJA8gQMAAABInsABAAAAJE/gAAAAAJIncAAAAADJEzgAAACA5AkcAAAAQPIEDgAAACB5AgcA
AACQPIEDAAAASJ7AAQAAACRP4AAAAACSJ3AAAAAAyRM4AAAAgOQJHAAAAEDyBA4AAAAgeQIHAAAA
kDyBAwAAAEiewAEAAAAkT+AAAAAAkidwAAAAAMkTOAAAAIDkCRwAAABA8gQOAAAAIHkCBwAAAJA8
gQMAAABI3n8Az5KQYYbbw7AAAAAASUVORK5CYII=
" width="800px"&gt;</msg>
<status status="PASS" starttime="20230113 19:39:48.629" endtime="20230113 19:39:50.300"/>
</kw>
<msg timestamp="20230113 19:39:47.892" level="INFO">Clicking element 'id=color'.</msg>
<msg timestamp="20230113 19:39:50.300" level="INFO">criteria is color</msg>
<msg timestamp="20230113 19:39:50.300" level="FAIL">ValueError: Element locator 'id=color' did not match any elements.</msg>
<status status="FAIL" starttime="20230113 19:39:47.880" endtime="20230113 19:39:50.320"/>
</kw>
<kw name="Click Element" library="AppiumLibrary">
<arg>id=Text</arg>
<doc>Click element identified by `locator`.</doc>
<status status="NOT RUN" starttime="20230113 19:39:50.322" endtime="20230113 19:39:50.322"/>
</kw>
<kw name="Click Element" library="AppiumLibrary">
<arg>id=toast</arg>
<doc>Click element identified by `locator`.</doc>
<status status="NOT RUN" starttime="20230113 19:39:50.323" endtime="20230113 19:39:50.323"/>
</kw>
<kw name="Click Element" library="AppiumLibrary">
<arg>id=notification</arg>
<doc>Click element identified by `locator`.</doc>
<status status="NOT RUN" starttime="20230113 19:39:50.324" endtime="20230113 19:39:50.324"/>
</kw>
<kw name="Click Element" library="AppiumLibrary">
<arg>id=geoLocation</arg>
<doc>Click element identified by `locator`.</doc>
<status status="NOT RUN" starttime="20230113 19:39:50.325" endtime="20230113 19:39:50.325"/>
</kw>
<kw name="Sleep" library="BuiltIn">
<arg>2 seconds</arg>
<doc>Pauses the test executed for the given time.</doc>
<status status="NOT RUN" starttime="20230113 19:39:50.326" endtime="20230113 19:39:50.326"/>
</kw>
<kw name="Click Element" library="AppiumLibrary">
<arg>id=Home</arg>
<doc>Click element identified by `locator`.</doc>
<status status="NOT RUN" starttime="20230113 19:39:50.327" endtime="20230113 19:39:50.327"/>
</kw>
<kw name="Sleep" library="BuiltIn">
<arg>2 seconds</arg>
<doc>Pauses the test executed for the given time.</doc>
<status status="NOT RUN" starttime="20230113 19:39:50.328" endtime="20230113 19:39:50.328"/>
</kw>
<kw name="Click Element" library="AppiumLibrary">
<arg>id=speedTest</arg>
<doc>Click element identified by `locator`.</doc>
<status status="NOT RUN" starttime="20230113 19:39:50.329" endtime="20230113 19:39:50.329"/>
</kw>
<kw name="Sleep" library="BuiltIn">
<arg>2 seconds</arg>
<doc>Pauses the test executed for the given time.</doc>
<status status="NOT RUN" starttime="20230113 19:39:50.330" endtime="20230113 19:39:50.330"/>
</kw>
<kw name="Click Element" library="AppiumLibrary">
<arg>id=Browser</arg>
<doc>Click element identified by `locator`.</doc>
<status status="NOT RUN" starttime="20230113 19:39:50.331" endtime="20230113 19:39:50.331"/>
</kw>
<kw name="Input Text" library="AppiumLibrary">
<arg>id=url</arg>
<arg>https://lambdatest.com</arg>
<doc>Types the given `text` into text field identified by `locator`.</doc>
<status status="NOT RUN" starttime="20230113 19:39:50.332" endtime="20230113 19:39:50.332"/>
</kw>
<kw name="Click Element" library="AppiumLibrary">
<arg>id=find</arg>
<doc>Click element identified by `locator`.</doc>
<status status="NOT RUN" starttime="20230113 19:39:50.333" endtime="20230113 19:39:50.333"/>
</kw>
<kw name="Close test app" library="Common" type="TEARDOWN">
<kw name="Close Application" library="AppiumLibrary">
<doc>Closes the current application and also close webdriver session.</doc>
<status status="PASS" starttime="20230113 19:39:50.335" endtime="20230113 19:39:50.625"/>
</kw>
<status status="PASS" starttime="20230113 19:39:50.334" endtime="20230113 19:39:50.625"/>
</kw>
<timeout value="50 minutes"/>
<status status="FAIL" starttime="20230113 19:39:31.174" endtime="20230113 19:39:50.634">ValueError: Element locator 'id=color' did not match any elements.</status>
</test>
<status status="FAIL" starttime="20230113 19:39:30.953" endtime="20230113 19:39:50.637"/>
</suite>
<statistics>
<total>
<stat pass="0" fail="1" skip="0">All Tests</stat>
</total>
<tag>
</tag>
<suite>
<stat pass="0" fail="1" skip="0" id="s1" name="Android">Android</stat>
</suite>
</statistics>
<errors>
</errors>
</robot>
